{"meta": {"format": 3, "version": "7.10.7", "timestamp": "2026-02-09T13:49:51.830902", "branch_coverage": false, "show_contexts": false}, "files": {"src/bolster/cli.py": {"executed_lines": [1, 3, 4, 5, 7, 8, 9, 10, 11, 13, 14, 15, 16, 17, 18, 19, 20, 21, 22, 23, 24, 25, 26, 27, 28, 29, 30, 31, 32, 33, 34, 35, 36, 37, 40, 41, 42, 43, 93, 95, 98, 99, 104, 109, 114, 136, 137, 138, 139, 140, 143, 144, 145, 146, 147, 148, 149, 150, 151, 152, 153, 154, 155, 158, 159, 160, 161, 162, 163, 164, 167, 172, 173, 174, 175, 182, 254, 255, 262, 263, 303, 304, 305, 306, 313, 392, 393, 400, 401, 449, 450, 451, 457, 458, 465, 466, 467, 468, 636, 637, 638, 645, 646, 734, 735, 741, 748, 749, 868, 869, 879, 880, 881, 882, 883, 884, 885, 886, 1011, 1012, 1013, 1014, 1015, 1018, 1019, 1157, 1158, 1174, 1175, 1176, 1177, 1178, 1179, 1283, 1284, 1285, 1291, 1298, 1299, 1300, 1434, 1435, 1436, 1442, 1449, 1450, 1451, 1630, 1631, 1632, 1638, 1645, 1646, 1647, 1807, 1808, 1809, 1818, 1823, 1830, 1831, 1832, 1961, 1962, 1963, 1964, 1971, 1972, 1973, 2099, 2100, 2101, 2102, 2109, 2110, 2111, 2112, 2235, 2236, 2237, 2238, 2244, 2250, 2257, 2258, 2259, 2260, 2261, 2512, 2513, 2514, 2523, 2530, 2531, 2532, 2533, 2534, 2725, 2726, 2727, 2728, 2729, 2730, 2737, 2738, 2739, 2740, 2891, 2892, 2893, 2894, 2895, 2896, 2897, 2904, 2905, 2906, 2907, 2908, 3039, 3040, 3041, 3042, 3043, 3044, 3045, 3052, 3053, 3054, 3055, 3056, 3183, 3184, 3185, 3186, 3187, 3188, 3189, 3196, 3197, 3198, 3199, 3200, 3335, 3336, 3337, 3343, 3348, 3354, 3355, 3362, 3363, 3364, 3365, 3517, 3518, 3519, 3525, 3526, 3527, 3534, 3535, 3536, 3704, 3705, 3706, 3712, 3713, 3720, 3721, 3722, 3867, 3868, 3869, 3875, 3881, 3882, 3889, 3890, 3891, 3892, 4061, 4062, 4063, 4064, 4065, 4066, 4072, 4073, 4074, 4081, 4082, 4083, 4345, 4346, 4360, 4361, 4362, 4368, 4373, 4380, 4381, 4382, 4492, 4493, 4566], "summary": {"covered_lines": 302, "num_statements": 2087, "percent_covered": 14.470531863919502, "percent_covered_display": "14.47", "missing_lines": 1785, "excluded_lines": 28}, "missing_lines": [94, 169, 195, 196, 198, 199, 201, 202, 203, 204, 207, 208, 209, 210, 212, 213, 214, 215, 216, 218, 221, 222, 224, 225, 226, 227, 229, 232, 233, 234, 235, 237, 238, 239, 240, 241, 243, 244, 245, 246, 247, 248, 249, 250, 251, 275, 276, 278, 279, 280, 281, 282, 285, 286, 287, 290, 291, 292, 293, 295, 296, 297, 299, 300, 325, 327, 328, 329, 330, 331, 332, 333, 334, 336, 337, 340, 341, 342, 343, 345, 346, 348, 349, 350, 351, 352, 353, 354, 356, 359, 360, 362, 364, 365, 366, 367, 368, 369, 370, 372, 374, 375, 377, 379, 381, 382, 383, 384, 385, 386, 387, 388, 389, 413, 414, 415, 417, 418, 419, 421, 422, 423, 425, 426, 429, 430, 431, 432, 433, 436, 437, 438, 439, 440, 441, 443, 445, 446, 491, 493, 494, 496, 497, 499, 502, 503, 504, 506, 507, 509, 512, 513, 515, 516, 519, 520, 521, 522, 524, 527, 528, 529, 530, 532, 535, 536, 537, 540, 542, 544, 547, 548, 549, 551, 554, 556, 557, 558, 559, 561, 562, 563, 564, 566, 568, 569, 572, 573, 574, 575, 577, 578, 579, 582, 583, 584, 585, 586, 588, 591, 592, 593, 594, 595, 598, 599, 601, 602, 604, 605, 607, 608, 609, 610, 611, 612, 615, 616, 617, 618, 619, 621, 623, 624, 626, 628, 629, 630, 631, 633, 659, 660, 662, 663, 664, 667, 668, 669, 670, 671, 674, 675, 676, 678, 679, 680, 681, 682, 683, 684, 685, 687, 689, 690, 691, 692, 693, 696, 697, 698, 701, 702, 703, 704, 706, 707, 708, 709, 710, 711, 713, 715, 716, 717, 718, 719, 720, 721, 722, 723, 724, 725, 726, 727, 728, 730, 731, 762, 763, 766, 768, 769, 770, 771, 774, 777, 779, 782, 783, 784, 785, 786, 788, 789, 790, 791, 793, 794, 795, 797, 798, 801, 802, 803, 804, 805, 806, 807, 808, 809, 810, 811, 812, 813, 814, 815, 816, 817, 820, 821, 823, 824, 825, 826, 828, 829, 830, 831, 833, 835, 836, 837, 838, 840, 842, 843, 844, 845, 847, 848, 850, 851, 852, 853, 854, 855, 856, 858, 860, 862, 864, 865, 914, 916, 917, 918, 921, 922, 923, 931, 932, 934, 936, 947, 949, 952, 953, 955, 956, 958, 959, 960, 962, 964, 965, 967, 969, 977, 978, 980, 989, 991, 992, 1004, 1006, 1007, 1008, 1056, 1058, 1059, 1060, 1063, 1064, 1065, 1072, 1073, 1075, 1077, 1088, 1090, 1092, 1093, 1094, 1095, 1097, 1100, 1101, 1103, 1104, 1106, 1107, 1110, 1111, 1112, 1113, 1115, 1117, 1118, 1119, 1121, 1122, 1124, 1125, 1127, 1136, 1138, 1139, 1150, 1152, 1153, 1154, 1196, 1198, 1199, 1201, 1203, 1206, 1229, 1230, 1232, 1235, 1236, 1237, 1240, 1241, 1244, 1246, 1247, 1248, 1251, 1252, 1253, 1255, 1256, 1258, 1259, 1260, 1262, 1264, 1265, 1266, 1267, 1268, 1269, 1270, 1271, 1273, 1275, 1277, 1279, 1280, 1348, 1350, 1351, 1352, 1353, 1355, 1356, 1357, 1360, 1361, 1362, 1363, 1365, 1366, 1367, 1368, 1369, 1371, 1372, 1373, 1374, 1375, 1378, 1379, 1380, 1382, 1383, 1386, 1387, 1389, 1390, 1393, 1394, 1396, 1397, 1398, 1399, 1400, 1401, 1402, 1403, 1404, 1405, 1408, 1409, 1411, 1413, 1414, 1416, 1418, 1419, 1420, 1421, 1423, 1425, 1426, 1427, 1428, 1430, 1431, 1523, 1525, 1526, 1527, 1528, 1530, 1531, 1532, 1533, 1539, 1540, 1541, 1542, 1543, 1544, 1547, 1548, 1549, 1550, 1552, 1553, 1554, 1555, 1556, 1557, 1558, 1559, 1563, 1564, 1565, 1566, 1567, 1568, 1569, 1570, 1571, 1574, 1575, 1576, 1578, 1579, 1582, 1583, 1585, 1586, 1589, 1590, 1592, 1593, 1594, 1595, 1596, 1597, 1598, 1599, 1600, 1601, 1604, 1605, 1607, 1609, 1610, 1612, 1614, 1615, 1616, 1617, 1619, 1621, 1622, 1623, 1624, 1626, 1627, 1714, 1716, 1717, 1718, 1719, 1721, 1722, 1723, 1726, 1727, 1728, 1729, 1731, 1732, 1733, 1734, 1735, 1736, 1740, 1741, 1742, 1743, 1744, 1745, 1750, 1751, 1752, 1754, 1755, 1758, 1759, 1761, 1762, 1765, 1766, 1768, 1769, 1770, 1771, 1772, 1773, 1774, 1775, 1776, 1777, 1780, 1781, 1783, 1785, 1786, 1788, 1791, 1792, 1793, 1794, 1796, 1798, 1799, 1800, 1801, 1803, 1804, 1897, 1899, 1900, 1901, 1902, 1904, 1905, 1906, 1909, 1910, 1911, 1912, 1913, 1915, 1916, 1918, 1919, 1920, 1923, 1924, 1925, 1926, 1929, 1930, 1931, 1932, 1934, 1935, 1936, 1937, 1938, 1939, 1940, 1941, 1942, 1943, 1946, 1947, 1950, 1952, 1953, 1954, 1955, 1957, 1958, 2026, 2028, 2029, 2030, 2031, 2033, 2034, 2035, 2038, 2039, 2040, 2041, 2042, 2044, 2045, 2047, 2048, 2049, 2050, 2053, 2054, 2056, 2057, 2058, 2059, 2061, 2062, 2063, 2064, 2067, 2068, 2069, 2070, 2072, 2073, 2074, 2075, 2076, 2077, 2078, 2079, 2080, 2081, 2084, 2085, 2088, 2090, 2091, 2092, 2093, 2095, 2096, 2154, 2156, 2157, 2158, 2160, 2161, 2162, 2165, 2166, 2167, 2168, 2169, 2172, 2173, 2174, 2176, 2177, 2178, 2180, 2181, 2185, 2187, 2188, 2190, 2191, 2192, 2193, 2195, 2196, 2198, 2199, 2200, 2202, 2203, 2204, 2205, 2208, 2209, 2210, 2211, 2213, 2214, 2215, 2216, 2217, 2218, 2221, 2222, 2224, 2226, 2227, 2228, 2229, 2231, 2232, 2342, 2344, 2345, 2346, 2348, 2350, 2351, 2352, 2354, 2355, 2357, 2360, 2362, 2363, 2365, 2366, 2367, 2368, 2369, 2370, 2373, 2374, 2375, 2377, 2378, 2379, 2380, 2381, 2384, 2390, 2391, 2392, 2393, 2394, 2395, 2396, 2397, 2399, 2401, 2402, 2404, 2407, 2408, 2409, 2410, 2411, 2414, 2415, 2416, 2418, 2419, 2420, 2421, 2423, 2424, 2425, 2426, 2431, 2432, 2433, 2434, 2435, 2436, 2439, 2449, 2450, 2452, 2453, 2457, 2459, 2460, 2462, 2463, 2464, 2465, 2468, 2469, 2470, 2471, 2472, 2473, 2475, 2476, 2477, 2478, 2479, 2482, 2483, 2484, 2485, 2487, 2488, 2489, 2490, 2491, 2492, 2493, 2494, 2495, 2498, 2499, 2501, 2503, 2504, 2505, 2506, 2508, 2509, 2581, 2582, 2584, 2586, 2587, 2588, 2589, 2591, 2592, 2595, 2605, 2607, 2608, 2610, 2611, 2612, 2613, 2614, 2615, 2617, 2618, 2626, 2629, 2630, 2632, 2633, 2634, 2635, 2639, 2641, 2643, 2644, 2646, 2647, 2648, 2649, 2650, 2651, 2652, 2654, 2655, 2664, 2667, 2668, 2669, 2670, 2671, 2672, 2674, 2677, 2678, 2679, 2680, 2682, 2683, 2686, 2687, 2688, 2689, 2690, 2691, 2692, 2695, 2696, 2697, 2698, 2700, 2701, 2702, 2703, 2704, 2705, 2706, 2707, 2708, 2711, 2712, 2714, 2716, 2717, 2718, 2719, 2721, 2722, 2807, 2809, 2810, 2811, 2812, 2814, 2815, 2816, 2819, 2820, 2821, 2822, 2823, 2825, 2826, 2828, 2829, 2830, 2831, 2834, 2835, 2836, 2837, 2838, 2839, 2842, 2843, 2845, 2846, 2847, 2848, 2849, 2850, 2851, 2852, 2853, 2855, 2856, 2859, 2860, 2861, 2862, 2864, 2865, 2866, 2867, 2868, 2869, 2870, 2871, 2872, 2873, 2876, 2877, 2880, 2882, 2883, 2884, 2885, 2887, 2888, 2964, 2966, 2967, 2968, 2970, 2971, 2972, 2975, 2976, 2979, 2980, 2981, 2982, 2984, 2985, 2986, 2988, 2989, 2991, 2992, 2993, 2994, 2997, 2998, 3000, 3001, 3002, 3003, 3004, 3005, 3006, 3007, 3009, 3010, 3013, 3014, 3015, 3016, 3018, 3019, 3020, 3021, 3022, 3023, 3026, 3027, 3029, 3031, 3032, 3033, 3034, 3036, 3108, 3110, 3111, 3112, 3114, 3115, 3116, 3119, 3120, 3123, 3124, 3125, 3126, 3128, 3129, 3130, 3132, 3133, 3135, 3136, 3137, 3138, 3141, 3142, 3144, 3145, 3146, 3147, 3148, 3149, 3150, 3151, 3153, 3154, 3157, 3158, 3159, 3160, 3162, 3163, 3164, 3165, 3166, 3167, 3170, 3171, 3173, 3175, 3176, 3177, 3178, 3180, 3257, 3259, 3260, 3261, 3263, 3264, 3265, 3268, 3269, 3272, 3273, 3274, 3275, 3277, 3278, 3279, 3281, 3282, 3284, 3285, 3286, 3287, 3290, 3291, 3293, 3294, 3295, 3296, 3297, 3298, 3299, 3300, 3301, 3302, 3303, 3305, 3306, 3309, 3310, 3311, 3312, 3314, 3315, 3316, 3317, 3318, 3319, 3322, 3323, 3325, 3327, 3328, 3329, 3330, 3332, 3452, 3454, 3455, 3456, 3458, 3460, 3461, 3462, 3463, 3464, 3465, 3468, 3469, 3472, 3473, 3476, 3477, 3479, 3480, 3481, 3483, 3484, 3486, 3487, 3488, 3491, 3492, 3493, 3494, 3496, 3497, 3498, 3499, 3500, 3501, 3504, 3505, 3507, 3509, 3510, 3511, 3512, 3514, 3594, 3596, 3597, 3598, 3600, 3601, 3602, 3603, 3604, 3605, 3608, 3609, 3610, 3611, 3612, 3613, 3614, 3615, 3616, 3617, 3618, 3619, 3622, 3623, 3624, 3625, 3626, 3627, 3628, 3631, 3632, 3633, 3634, 3636, 3637, 3638, 3641, 3642, 3643, 3644, 3645, 3646, 3648, 3649, 3651, 3652, 3653, 3654, 3657, 3658, 3659, 3661, 3662, 3665, 3666, 3668, 3669, 3672, 3673, 3675, 3676, 3677, 3678, 3679, 3680, 3683, 3684, 3685, 3686, 3687, 3689, 3691, 3692, 3694, 3696, 3697, 3698, 3699, 3701, 3773, 3775, 3776, 3777, 3778, 3780, 3781, 3782, 3783, 3784, 3785, 3786, 3787, 3788, 3789, 3792, 3793, 3794, 3795, 3796, 3797, 3798, 3799, 3800, 3801, 3803, 3804, 3806, 3807, 3808, 3809, 3811, 3814, 3815, 3816, 3817, 3818, 3819, 3820, 3821, 3822, 3823, 3824, 3825, 3826, 3827, 3828, 3829, 3830, 3831, 3832, 3833, 3834, 3835, 3836, 3837, 3840, 3841, 3842, 3843, 3845, 3846, 3847, 3848, 3849, 3850, 3853, 3854, 3856, 3857, 3859, 3860, 3861, 3862, 3864, 3947, 3949, 3950, 3951, 3952, 3954, 3955, 3957, 3958, 3959, 3960, 3961, 3962, 3963, 3964, 3965, 3966, 3968, 3969, 3970, 3971, 3972, 3973, 3975, 3976, 3979, 3980, 3981, 3982, 3983, 3986, 3987, 3989, 3990, 3992, 3993, 3994, 3995, 3997, 4000, 4001, 4002, 4003, 4004, 4005, 4006, 4007, 4008, 4011, 4012, 4013, 4014, 4015, 4016, 4017, 4018, 4020, 4021, 4022, 4023, 4026, 4027, 4028, 4030, 4031, 4034, 4035, 4036, 4037, 4039, 4040, 4041, 4042, 4043, 4044, 4047, 4048, 4050, 4051, 4053, 4054, 4055, 4056, 4058, 4136, 4138, 4139, 4140, 4141, 4143, 4144, 4145, 4148, 4149, 4150, 4152, 4154, 4155, 4156, 4157, 4158, 4159, 4160, 4161, 4162, 4164, 4165, 4166, 4167, 4169, 4170, 4171, 4172, 4174, 4177, 4178, 4179, 4180, 4181, 4183, 4184, 4187, 4188, 4189, 4190, 4192, 4193, 4194, 4195, 4196, 4197, 4200, 4201, 4203, 4204, 4207, 4208, 4209, 4211, 4212, 4213, 4214, 4216, 4217, 4219, 4221, 4222, 4223, 4224, 4225, 4226, 4227, 4229, 4230, 4233, 4234, 4235, 4237, 4238, 4239, 4240, 4241, 4242, 4243, 4244, 4246, 4247, 4248, 4251, 4252, 4253, 4254, 4255, 4256, 4257, 4260, 4261, 4262, 4263, 4265, 4268, 4269, 4270, 4271, 4272, 4273, 4274, 4275, 4276, 4277, 4278, 4280, 4281, 4282, 4283, 4285, 4286, 4288, 4290, 4291, 4292, 4293, 4294, 4295, 4296, 4297, 4299, 4300, 4301, 4302, 4304, 4305, 4307, 4310, 4311, 4312, 4313, 4314, 4316, 4317, 4319, 4320, 4321, 4322, 4324, 4325, 4326, 4327, 4328, 4329, 4331, 4332, 4334, 4336, 4337, 4338, 4339, 4341, 4342, 4412, 4414, 4416, 4418, 4419, 4421, 4423, 4424, 4425, 4426, 4428, 4429, 4430, 4432, 4433, 4434, 4436, 4437, 4438, 4440, 4441, 4442, 4444, 4445, 4446, 4449, 4450, 4452, 4454, 4456, 4457, 4458, 4459, 4460, 4461, 4462, 4463, 4465, 4466, 4468, 4469, 4471, 4472, 4473, 4475, 4476, 4479, 4480, 4481, 4482, 4483, 4487, 4488, 4489, 4500, 4501, 4503, 4504, 4505, 4507, 4508, 4509, 4511, 4512, 4513, 4514, 4515, 4516, 4517, 4519, 4520, 4521, 4522, 4523, 4525, 4526, 4527, 4529, 4530, 4531, 4533, 4534, 4535, 4536, 4537, 4539, 4540, 4541, 4542, 4543, 4544, 4545, 4546, 4547, 4548, 4549, 4551, 4552, 4553, 4554, 4555, 4556, 4557, 4558, 4559, 4560, 4561, 4563], "excluded_lines": [95, 167, 168, 632, 876, 1159, 1171, 1429, 1625, 1802, 1956, 2094, 2230, 2507, 2720, 2886, 3035, 3179, 3331, 3513, 3700, 3863, 3893, 4057, 4340, 4357, 4566, 4567], "functions": {"cli": {"executed_lines": [93, 95], "summary": {"covered_lines": 1, "num_statements": 2, "percent_covered": 50.0, "percent_covered_display": "50.00", "missing_lines": 1, "excluded_lines": 1}, "missing_lines": [94], "excluded_lines": [95]}, "get_precipitation": {"executed_lines": [136, 137, 138, 139, 140, 143, 144, 145, 146, 147, 148, 149, 150, 151, 152, 153, 154, 155, 158, 159, 160, 161, 162, 163, 164, 167], "summary": {"covered_lines": 25, "num_statements": 26, "percent_covered": 96.15384615384616, "percent_covered_display": "96.15", "missing_lines": 1, "excluded_lines": 2}, "missing_lines": [169], "excluded_lines": [167, 168]}, "water_quality": {"executed_lines": [], "summary": {"covered_lines": 0, "num_statements": 43, "percent_covered": 0.0, "percent_covered_display": "0.00", "missing_lines": 43, "excluded_lines": 0}, "missing_lines": [195, 196, 198, 199, 201, 202, 203, 204, 207, 208, 209, 210, 212, 213, 214, 215, 216, 218, 221, 222, 224, 225, 226, 227, 229, 232, 233, 234, 235, 237, 238, 239, 240, 241, 243, 244, 245, 246, 247, 248, 249, 250, 251], "excluded_lines": []}, "ni_executive": {"executed_lines": [], "summary": {"covered_lines": 0, "num_statements": 19, "percent_covered": 0.0, "percent_covered_display": "0.00", "missing_lines": 19, "excluded_lines": 0}, "missing_lines": [275, 276, 278, 279, 280, 281, 282, 285, 286, 287, 290, 291, 292, 293, 295, 296, 297, 299, 300], "excluded_lines": []}, "cinema_listings": {"executed_lines": [], "summary": {"covered_lines": 0, "num_statements": 49, "percent_covered": 0.0, "percent_covered_display": "0.00", "missing_lines": 49, "excluded_lines": 0}, "missing_lines": [325, 327, 328, 329, 330, 331, 332, 333, 334, 336, 337, 340, 341, 342, 343, 345, 346, 348, 349, 350, 351, 352, 353, 354, 356, 359, 360, 362, 364, 365, 366, 367, 368, 369, 370, 372, 374, 375, 377, 379, 381, 382, 383, 384, 385, 386, 387, 388, 389], "excluded_lines": []}, "ni_house_prices": {"executed_lines": [], "summary": {"covered_lines": 0, "num_statements": 25, "percent_covered": 0.0, "percent_covered_display": "0.00", "missing_lines": 25, "excluded_lines": 0}, "missing_lines": [413, 414, 415, 417, 418, 419, 421, 422, 423, 425, 426, 429, 430, 431, 432, 433, 436, 437, 438, 439, 440, 441, 443, 445, 446], "excluded_lines": []}, "dva_cmd": {"executed_lines": [], "summary": {"covered_lines": 0, "num_statements": 92, "percent_covered": 0.0, "percent_covered_display": "0.00", "missing_lines": 92, "excluded_lines": 1}, "missing_lines": [491, 493, 494, 496, 497, 499, 502, 503, 504, 506, 507, 509, 512, 513, 515, 516, 519, 520, 521, 522, 524, 527, 528, 529, 530, 532, 535, 536, 537, 540, 542, 544, 547, 548, 549, 551, 554, 556, 557, 558, 559, 561, 562, 563, 564, 566, 568, 569, 572, 573, 574, 575, 577, 578, 579, 582, 583, 584, 585, 586, 588, 591, 592, 593, 594, 595, 598, 599, 601, 602, 604, 605, 607, 608, 609, 610, 611, 612, 615, 616, 617, 618, 619, 621, 623, 624, 626, 628, 629, 630, 631, 633], "excluded_lines": [632]}, "companies_house": {"executed_lines": [], "summary": {"covered_lines": 0, "num_statements": 57, "percent_covered": 0.0, "percent_covered_display": "0.00", "missing_lines": 57, "excluded_lines": 0}, "missing_lines": [659, 660, 662, 663, 664, 667, 668, 669, 670, 671, 674, 675, 676, 678, 679, 680, 681, 682, 683, 684, 685, 687, 689, 690, 691, 692, 693, 696, 697, 698, 701, 702, 703, 704, 706, 707, 708, 709, 710, 711, 713, 715, 716, 717, 718, 719, 720, 721, 722, 723, 724, 725, 726, 727, 728, 730, 731], "excluded_lines": []}, "ni_elections": {"executed_lines": [], "summary": {"covered_lines": 0, "num_statements": 75, "percent_covered": 0.0, "percent_covered_display": "0.00", "missing_lines": 75, "excluded_lines": 0}, "missing_lines": [762, 763, 766, 768, 769, 770, 771, 774, 777, 779, 782, 783, 784, 785, 786, 788, 789, 790, 791, 793, 794, 795, 797, 798, 801, 802, 803, 804, 805, 806, 807, 808, 809, 810, 811, 812, 813, 814, 815, 816, 817, 820, 821, 823, 824, 825, 826, 828, 829, 830, 831, 833, 835, 836, 837, 838, 840, 842, 843, 844, 845, 847, 848, 850, 851, 852, 853, 854, 855, 856, 858, 860, 862, 864, 865], "excluded_lines": []}, "rss": {"executed_lines": [], "summary": {"covered_lines": 0, "num_statements": 0, "percent_covered": 100.0, "percent_covered_display": "100.00", "missing_lines": 0, "excluded_lines": 1}, "missing_lines": [], "excluded_lines": [876]}, "rss_read": {"executed_lines": [], "summary": {"covered_lines": 0, "num_statements": 35, "percent_covered": 0.0, "percent_covered_display": "0.00", "missing_lines": 35, "excluded_lines": 0}, "missing_lines": [914, 916, 917, 918, 921, 922, 923, 931, 932, 934, 936, 947, 949, 952, 953, 955, 956, 958, 959, 960, 962, 964, 965, 967, 969, 977, 978, 980, 989, 991, 992, 1004, 1006, 1007, 1008], "excluded_lines": []}, "rss_nisra_statistics": {"executed_lines": [], "summary": {"covered_lines": 0, "num_statements": 44, "percent_covered": 0.0, "percent_covered_display": "0.00", "missing_lines": 44, "excluded_lines": 0}, "missing_lines": [1056, 1058, 1059, 1060, 1063, 1064, 1065, 1072, 1073, 1075, 1077, 1088, 1090, 1092, 1093, 1094, 1095, 1097, 1100, 1101, 1103, 1104, 1106, 1107, 1110, 1111, 1112, 1113, 1115, 1117, 1118, 1119, 1121, 1122, 1124, 1125, 1127, 1136, 1138, 1139, 1150, 1152, 1153, 1154], "excluded_lines": []}, "nisra": {"executed_lines": [], "summary": {"covered_lines": 0, "num_statements": 0, "percent_covered": 100.0, "percent_covered_display": "100.00", "missing_lines": 0, "excluded_lines": 2}, "missing_lines": [], "excluded_lines": [1159, 1171]}, "nisra_feed": {"executed_lines": [], "summary": {"covered_lines": 0, "num_statements": 40, "percent_covered": 0.0, "percent_covered_display": "0.00", "missing_lines": 40, "excluded_lines": 0}, "missing_lines": [1196, 1198, 1199, 1201, 1203, 1206, 1229, 1230, 1232, 1235, 1236, 1237, 1240, 1241, 1244, 1246, 1247, 1248, 1251, 1252, 1253, 1255, 1256, 1258, 1259, 1260, 1262, 1264, 1265, 1266, 1267, 1268, 1269, 1270, 1271, 1273, 1275, 1277, 1279, 1280], "excluded_lines": []}, "nisra_deaths_cmd": {"executed_lines": [], "summary": {"covered_lines": 0, "num_statements": 60, "percent_covered": 0.0, "percent_covered_display": "0.00", "missing_lines": 60, "excluded_lines": 1}, "missing_lines": [1348, 1350, 1351, 1352, 1353, 1355, 1356, 1357, 1360, 1361, 1362, 1363, 1365, 1366, 1367, 1368, 1369, 1371, 1372, 1373, 1374, 1375, 1378, 1379, 1380, 1382, 1383, 1386, 1387, 1389, 1390, 1393, 1394, 1396, 1397, 1398, 1399, 1400, 1401, 1402, 1403, 1404, 1405, 1408, 1409, 1411, 1413, 1414, 1416, 1418, 1419, 1420, 1421, 1423, 1425, 1426, 1427, 1428, 1430, 1431], "excluded_lines": [1429]}, "nisra_labour_market_cmd": {"executed_lines": [], "summary": {"covered_lines": 0, "num_statements": 74, "percent_covered": 0.0, "percent_covered_display": "0.00", "missing_lines": 74, "excluded_lines": 1}, "missing_lines": [1523, 1525, 1526, 1527, 1528, 1530, 1531, 1532, 1533, 1539, 1540, 1541, 1542, 1543, 1544, 1547, 1548, 1549, 1550, 1552, 1553, 1554, 1555, 1556, 1557, 1558, 1559, 1563, 1564, 1565, 1566, 1567, 1568, 1569, 1570, 1571, 1574, 1575, 1576, 1578, 1579, 1582, 1583, 1585, 1586, 1589, 1590, 1592, 1593, 1594, 1595, 1596, 1597, 1598, 1599, 1600, 1601, 1604, 1605, 1607, 1609, 1610, 1612, 1614, 1615, 1616, 1617, 1619, 1621, 1622, 1623, 1624, 1626, 1627], "excluded_lines": [1625]}, "nisra_births_cmd": {"executed_lines": [], "summary": {"covered_lines": 0, "num_statements": 62, "percent_covered": 0.0, "percent_covered_display": "0.00", "missing_lines": 62, "excluded_lines": 1}, "missing_lines": [1714, 1716, 1717, 1718, 1719, 1721, 1722, 1723, 1726, 1727, 1728, 1729, 1731, 1732, 1733, 1734, 1735, 1736, 1740, 1741, 1742, 1743, 1744, 1745, 1750, 1751, 1752, 1754, 1755, 1758, 1759, 1761, 1762, 1765, 1766, 1768, 1769, 1770, 1771, 1772, 1773, 1774, 1775, 1776, 1777, 1780, 1781, 1783, 1785, 1786, 1788, 1791, 1792, 1793, 1794, 1796, 1798, 1799, 1800, 1801, 1803, 1804], "excluded_lines": [1802]}, "nisra_population_cmd": {"executed_lines": [], "summary": {"covered_lines": 0, "num_statements": 45, "percent_covered": 0.0, "percent_covered_display": "0.00", "missing_lines": 45, "excluded_lines": 1}, "missing_lines": [1897, 1899, 1900, 1901, 1902, 1904, 1905, 1906, 1909, 1910, 1911, 1912, 1913, 1915, 1916, 1918, 1919, 1920, 1923, 1924, 1925, 1926, 1929, 1930, 1931, 1932, 1934, 1935, 1936, 1937, 1938, 1939, 1940, 1941, 1942, 1943, 1946, 1947, 1950, 1952, 1953, 1954, 1955, 1957, 1958], "excluded_lines": [1956]}, "nisra_marriages_cmd": {"executed_lines": [], "summary": {"covered_lines": 0, "num_statements": 52, "percent_covered": 0.0, "percent_covered_display": "0.00", "missing_lines": 52, "excluded_lines": 1}, "missing_lines": [2026, 2028, 2029, 2030, 2031, 2033, 2034, 2035, 2038, 2039, 2040, 2041, 2042, 2044, 2045, 2047, 2048, 2049, 2050, 2053, 2054, 2056, 2057, 2058, 2059, 2061, 2062, 2063, 2064, 2067, 2068, 2069, 2070, 2072, 2073, 2074, 2075, 2076, 2077, 2078, 2079, 2080, 2081, 2084, 2085, 2088, 2090, 2091, 2092, 2093, 2095, 2096], "excluded_lines": [2094]}, "nisra_civil_partnerships_cmd": {"executed_lines": [], "summary": {"covered_lines": 0, "num_statements": 55, "percent_covered": 0.0, "percent_covered_display": "0.00", "missing_lines": 55, "excluded_lines": 1}, "missing_lines": [2154, 2156, 2157, 2158, 2160, 2161, 2162, 2165, 2166, 2167, 2168, 2169, 2172, 2173, 2174, 2176, 2177, 2178, 2180, 2181, 2185, 2187, 2188, 2190, 2191, 2192, 2193, 2195, 2196, 2198, 2199, 2200, 2202, 2203, 2204, 2205, 2208, 2209, 2210, 2211, 2213, 2214, 2215, 2216, 2217, 2218, 2221, 2222, 2224, 2226, 2227, 2228, 2229, 2231, 2232], "excluded_lines": [2230]}, "nisra_occupancy_cmd": {"executed_lines": [], "summary": {"covered_lines": 0, "num_statements": 108, "percent_covered": 0.0, "percent_covered_display": "0.00", "missing_lines": 108, "excluded_lines": 1}, "missing_lines": [2342, 2344, 2345, 2346, 2348, 2350, 2351, 2352, 2354, 2355, 2357, 2360, 2362, 2363, 2365, 2366, 2367, 2368, 2369, 2370, 2373, 2374, 2375, 2377, 2378, 2379, 2380, 2381, 2384, 2390, 2391, 2392, 2393, 2394, 2395, 2396, 2397, 2399, 2401, 2402, 2404, 2407, 2408, 2409, 2410, 2411, 2414, 2415, 2416, 2418, 2419, 2420, 2421, 2423, 2424, 2425, 2426, 2431, 2432, 2433, 2434, 2435, 2436, 2439, 2449, 2450, 2452, 2453, 2457, 2459, 2460, 2462, 2463, 2464, 2465, 2468, 2469, 2470, 2471, 2472, 2473, 2475, 2476, 2477, 2478, 2479, 2482, 2483, 2484, 2485, 2487, 2488, 2489, 2490, 2491, 2492, 2493, 2494, 2495, 2498, 2499, 2501, 2503, 2504, 2505, 2506, 2508, 2509], "excluded_lines": [2507]}, "nisra_visitors_cmd": {"executed_lines": [], "summary": {"covered_lines": 0, "num_statements": 84, "percent_covered": 0.0, "percent_covered_display": "0.00", "missing_lines": 84, "excluded_lines": 1}, "missing_lines": [2581, 2582, 2584, 2586, 2587, 2588, 2589, 2591, 2592, 2595, 2605, 2607, 2608, 2610, 2611, 2612, 2613, 2614, 2615, 2617, 2618, 2626, 2629, 2630, 2632, 2633, 2634, 2635, 2639, 2641, 2643, 2644, 2646, 2647, 2648, 2649, 2650, 2651, 2652, 2654, 2655, 2664, 2667, 2668, 2669, 2670, 2671, 2672, 2674, 2677, 2678, 2679, 2680, 2682, 2683, 2686, 2687, 2688, 2689, 2690, 2691, 2692, 2695, 2696, 2697, 2698, 2700, 2701, 2702, 2703, 2704, 2705, 2706, 2707, 2708, 2711, 2712, 2714, 2716, 2717, 2718, 2719, 2721, 2722], "excluded_lines": [2720]}, "nisra_migration_cmd": {"executed_lines": [], "summary": {"covered_lines": 0, "num_statements": 61, "percent_covered": 0.0, "percent_covered_display": "0.00", "missing_lines": 61, "excluded_lines": 1}, "missing_lines": [2807, 2809, 2810, 2811, 2812, 2814, 2815, 2816, 2819, 2820, 2821, 2822, 2823, 2825, 2826, 2828, 2829, 2830, 2831, 2834, 2835, 2836, 2837, 2838, 2839, 2842, 2843, 2845, 2846, 2847, 2848, 2849, 2850, 2851, 2852, 2853, 2855, 2856, 2859, 2860, 2861, 2862, 2864, 2865, 2866, 2867, 2868, 2869, 2870, 2871, 2872, 2873, 2876, 2877, 2880, 2882, 2883, 2884, 2885, 2887, 2888], "excluded_lines": [2886]}, "nisra_index_of_services_cmd": {"executed_lines": [], "summary": {"covered_lines": 0, "num_statements": 52, "percent_covered": 0.0, "percent_covered_display": "0.00", "missing_lines": 52, "excluded_lines": 1}, "missing_lines": [2964, 2966, 2967, 2968, 2970, 2971, 2972, 2975, 2976, 2979, 2980, 2981, 2982, 2984, 2985, 2986, 2988, 2989, 2991, 2992, 2993, 2994, 2997, 2998, 3000, 3001, 3002, 3003, 3004, 3005, 3006, 3007, 3009, 3010, 3013, 3014, 3015, 3016, 3018, 3019, 3020, 3021, 3022, 3023, 3026, 3027, 3029, 3031, 3032, 3033, 3034, 3036], "excluded_lines": [3035]}, "nisra_index_of_production_cmd": {"executed_lines": [], "summary": {"covered_lines": 0, "num_statements": 52, "percent_covered": 0.0, "percent_covered_display": "0.00", "missing_lines": 52, "excluded_lines": 1}, "missing_lines": [3108, 3110, 3111, 3112, 3114, 3115, 3116, 3119, 3120, 3123, 3124, 3125, 3126, 3128, 3129, 3130, 3132, 3133, 3135, 3136, 3137, 3138, 3141, 3142, 3144, 3145, 3146, 3147, 3148, 3149, 3150, 3151, 3153, 3154, 3157, 3158, 3159, 3160, 3162, 3163, 3164, 3165, 3166, 3167, 3170, 3171, 3173, 3175, 3176, 3177, 3178, 3180], "excluded_lines": [3179]}, "nisra_construction_output_cmd": {"executed_lines": [], "summary": {"covered_lines": 0, "num_statements": 55, "percent_covered": 0.0, "percent_covered_display": "0.00", "missing_lines": 55, "excluded_lines": 1}, "missing_lines": [3257, 3259, 3260, 3261, 3263, 3264, 3265, 3268, 3269, 3272, 3273, 3274, 3275, 3277, 3278, 3279, 3281, 3282, 3284, 3285, 3286, 3287, 3290, 3291, 3293, 3294, 3295, 3296, 3297, 3298, 3299, 3300, 3301, 3302, 3303, 3305, 3306, 3309, 3310, 3311, 3312, 3314, 3315, 3316, 3317, 3318, 3319, 3322, 3323, 3325, 3327, 3328, 3329, 3330, 3332], "excluded_lines": [3331]}, "nisra_ashe_cmd": {"executed_lines": [], "summary": {"covered_lines": 0, "num_statements": 43, "percent_covered": 0.0, "percent_covered_display": "0.00", "missing_lines": 43, "excluded_lines": 1}, "missing_lines": [3452, 3454, 3455, 3456, 3458, 3460, 3461, 3462, 3463, 3464, 3465, 3468, 3469, 3472, 3473, 3476, 3477, 3479, 3480, 3481, 3483, 3484, 3486, 3487, 3488, 3491, 3492, 3493, 3494, 3496, 3497, 3498, 3499, 3500, 3501, 3504, 3505, 3507, 3509, 3510, 3511, 3512, 3514], "excluded_lines": [3513]}, "nisra_composite_index_cmd": {"executed_lines": [], "summary": {"covered_lines": 0, "num_statements": 79, "percent_covered": 0.0, "percent_covered_display": "0.00", "missing_lines": 79, "excluded_lines": 1}, "missing_lines": [3594, 3596, 3597, 3598, 3600, 3601, 3602, 3603, 3604, 3605, 3608, 3609, 3610, 3611, 3612, 3613, 3614, 3615, 3616, 3617, 3618, 3619, 3622, 3623, 3624, 3625, 3626, 3627, 3628, 3631, 3632, 3633, 3634, 3636, 3637, 3638, 3641, 3642, 3643, 3644, 3645, 3646, 3648, 3649, 3651, 3652, 3653, 3654, 3657, 3658, 3659, 3661, 3662, 3665, 3666, 3668, 3669, 3672, 3673, 3675, 3676, 3677, 3678, 3679, 3680, 3683, 3684, 3685, 3686, 3687, 3689, 3691, 3692, 3694, 3696, 3697, 3698, 3699, 3701], "excluded_lines": [3700]}, "nisra_wellbeing_cmd": {"executed_lines": [], "summary": {"covered_lines": 0, "num_statements": 75, "percent_covered": 0.0, "percent_covered_display": "0.00", "missing_lines": 75, "excluded_lines": 1}, "missing_lines": [3773, 3775, 3776, 3777, 3778, 3780, 3781, 3782, 3783, 3784, 3785, 3786, 3787, 3788, 3789, 3792, 3793, 3794, 3795, 3796, 3797, 3798, 3799, 3800, 3801, 3803, 3804, 3806, 3807, 3808, 3809, 3811, 3814, 3815, 3816, 3817, 3818, 3819, 3820, 3821, 3822, 3823, 3824, 3825, 3826, 3827, 3828, 3829, 3830, 3831, 3832, 3833, 3834, 3835, 3836, 3837, 3840, 3841, 3842, 3843, 3845, 3846, 3847, 3848, 3849, 3850, 3853, 3854, 3856, 3857, 3859, 3860, 3861, 3862, 3864], "excluded_lines": [3863]}, "nisra_cancer_cmd": {"executed_lines": [], "summary": {"covered_lines": 0, "num_statements": 84, "percent_covered": 0.0, "percent_covered_display": "0.00", "missing_lines": 84, "excluded_lines": 2}, "missing_lines": [3947, 3949, 3950, 3951, 3952, 3954, 3955, 3957, 3958, 3959, 3960, 3961, 3962, 3963, 3964, 3965, 3966, 3968, 3969, 3970, 3971, 3972, 3973, 3975, 3976, 3979, 3980, 3981, 3982, 3983, 3986, 3987, 3989, 3990, 3992, 3993, 3994, 3995, 3997, 4000, 4001, 4002, 4003, 4004, 4005, 4006, 4007, 4008, 4011, 4012, 4013, 4014, 4015, 4016, 4017, 4018, 4020, 4021, 4022, 4023, 4026, 4027, 4028, 4030, 4031, 4034, 4035, 4036, 4037, 4039, 4040, 4041, 4042, 4043, 4044, 4047, 4048, 4050, 4051, 4053, 4054, 4055, 4056, 4058], "excluded_lines": [3893, 4057]}, "nisra_registrar_general_cmd": {"executed_lines": [], "summary": {"covered_lines": 0, "num_statements": 155, "percent_covered": 0.0, "percent_covered_display": "0.00", "missing_lines": 155, "excluded_lines": 1}, "missing_lines": [4136, 4138, 4139, 4140, 4141, 4143, 4144, 4145, 4148, 4149, 4150, 4152, 4154, 4155, 4156, 4157, 4158, 4159, 4160, 4161, 4162, 4164, 4165, 4166, 4167, 4169, 4170, 4171, 4172, 4174, 4177, 4178, 4179, 4180, 4181, 4183, 4184, 4187, 4188, 4189, 4190, 4192, 4193, 4194, 4195, 4196, 4197, 4200, 4201, 4203, 4204, 4207, 4208, 4209, 4211, 4212, 4213, 4214, 4216, 4217, 4219, 4221, 4222, 4223, 4224, 4225, 4226, 4227, 4229, 4230, 4233, 4234, 4235, 4237, 4238, 4239, 4240, 4241, 4242, 4243, 4244, 4246, 4247, 4248, 4251, 4252, 4253, 4254, 4255, 4256, 4257, 4260, 4261, 4262, 4263, 4265, 4268, 4269, 4270, 4271, 4272, 4273, 4274, 4275, 4276, 4277, 4278, 4280, 4281, 4282, 4283, 4285, 4286, 4288, 4290, 4291, 4292, 4293, 4294, 4295, 4296, 4297, 4299, 4300, 4301, 4302, 4304, 4305, 4307, 4310, 4311, 4312, 4313, 4314, 4316, 4317, 4319, 4320, 4321, 4322, 4324, 4325, 4326, 4327, 4328, 4329, 4331, 4332, 4334, 4336, 4337, 4338, 4339, 4341, 4342], "excluded_lines": [4340]}, "psni": {"executed_lines": [], "summary": {"covered_lines": 0, "num_statements": 0, "percent_covered": 100.0, "percent_covered_display": "100.00", "missing_lines": 0, "excluded_lines": 1}, "missing_lines": [], "excluded_lines": [4357]}, "psni_rtc_cmd": {"executed_lines": [], "summary": {"covered_lines": 0, "num_statements": 54, "percent_covered": 0.0, "percent_covered_display": "0.00", "missing_lines": 54, "excluded_lines": 0}, "missing_lines": [4412, 4414, 4416, 4418, 4419, 4421, 4423, 4424, 4425, 4426, 4428, 4429, 4430, 4432, 4433, 4434, 4436, 4437, 4438, 4440, 4441, 4442, 4444, 4445, 4446, 4449, 4450, 4452, 4454, 4456, 4457, 4458, 4459, 4460, 4461, 4462, 4463, 4465, 4466, 4468, 4469, 4471, 4472, 4473, 4475, 4476, 4479, 4480, 4481, 4482, 4483, 4487, 4488, 4489], "excluded_lines": []}, "list_sources": {"executed_lines": [], "summary": {"covered_lines": 0, "num_statements": 54, "percent_covered": 0.0, "percent_covered_display": "0.00", "missing_lines": 54, "excluded_lines": 0}, "missing_lines": [4500, 4501, 4503, 4504, 4505, 4507, 4508, 4509, 4511, 4512, 4513, 4514, 4515, 4516, 4517, 4519, 4520, 4521, 4522, 4523, 4525, 4526, 4527, 4529, 4530, 4531, 4533, 4534, 4535, 4536, 4537, 4539, 4540, 4541, 4542, 4543, 4544, 4545, 4546, 4547, 4548, 4549, 4551, 4552, 4553, 4554, 4555, 4556, 4557, 4558, 4559, 4560, 4561, 4563], "excluded_lines": []}, "": {"executed_lines": [1, 3, 4, 5, 7, 8, 9, 10, 11, 13, 14, 15, 16, 17, 18, 19, 20, 21, 22, 23, 24, 25, 26, 27, 28, 29, 30, 31, 32, 33, 34, 35, 36, 37, 40, 41, 42, 43, 98, 99, 104, 109, 114, 172, 173, 174, 175, 182, 254, 255, 262, 263, 303, 304, 305, 306, 313, 392, 393, 400, 401, 449, 450, 451, 457, 458, 465, 466, 467, 468, 636, 637, 638, 645, 646, 734, 735, 741, 748, 749, 868, 869, 879, 880, 881, 882, 883, 884, 885, 886, 1011, 1012, 1013, 1014, 1015, 1018, 1019, 1157, 1158, 1174, 1175, 1176, 1177, 1178, 1179, 1283, 1284, 1285, 1291, 1298, 1299, 1300, 1434, 1435, 1436, 1442, 1449, 1450, 1451, 1630, 1631, 1632, 1638, 1645, 1646, 1647, 1807, 1808, 1809, 1818, 1823, 1830, 1831, 1832, 1961, 1962, 1963, 1964, 1971, 1972, 1973, 2099, 2100, 2101, 2102, 2109, 2110, 2111, 2112, 2235, 2236, 2237, 2238, 2244, 2250, 2257, 2258, 2259, 2260, 2261, 2512, 2513, 2514, 2523, 2530, 2531, 2532, 2533, 2534, 2725, 2726, 2727, 2728, 2729, 2730, 2737, 2738, 2739, 2740, 2891, 2892, 2893, 2894, 2895, 2896, 2897, 2904, 2905, 2906, 2907, 2908, 3039, 3040, 3041, 3042, 3043, 3044, 3045, 3052, 3053, 3054, 3055, 3056, 3183, 3184, 3185, 3186, 3187, 3188, 3189, 3196, 3197, 3198, 3199, 3200, 3335, 3336, 3337, 3343, 3348, 3354, 3355, 3362, 3363, 3364, 3365, 3517, 3518, 3519, 3525, 3526, 3527, 3534, 3535, 3536, 3704, 3705, 3706, 3712, 3713, 3720, 3721, 3722, 3867, 3868, 3869, 3875, 3881, 3882, 3889, 3890, 3891, 3892, 4061, 4062, 4063, 4064, 4065, 4066, 4072, 4073, 4074, 4081, 4082, 4083, 4345, 4346, 4360, 4361, 4362, 4368, 4373, 4380, 4381, 4382, 4492, 4493, 4566], "summary": {"covered_lines": 276, "num_statements": 276, "percent_covered": 100.0, "percent_covered_display": "100.00", "missing_lines": 0, "excluded_lines": 2}, "missing_lines": [], "excluded_lines": [4566, 4567]}}, "classes": {"": {"executed_lines": [1, 3, 4, 5, 7, 8, 9, 10, 11, 13, 14, 15, 16, 17, 18, 19, 20, 21, 22, 23, 24, 25, 26, 27, 28, 29, 30, 31, 32, 33, 34, 35, 36, 37, 40, 41, 42, 43, 93, 95, 98, 99, 104, 109, 114, 136, 137, 138, 139, 140, 143, 144, 145, 146, 147, 148, 149, 150, 151, 152, 153, 154, 155, 158, 159, 160, 161, 162, 163, 164, 167, 172, 173, 174, 175, 182, 254, 255, 262, 263, 303, 304, 305, 306, 313, 392, 393, 400, 401, 449, 450, 451, 457, 458, 465, 466, 467, 468, 636, 637, 638, 645, 646, 734, 735, 741, 748, 749, 868, 869, 879, 880, 881, 882, 883, 884, 885, 886, 1011, 1012, 1013, 1014, 1015, 1018, 1019, 1157, 1158, 1174, 1175, 1176, 1177, 1178, 1179, 1283, 1284, 1285, 1291, 1298, 1299, 1300, 1434, 1435, 1436, 1442, 1449, 1450, 1451, 1630, 1631, 1632, 1638, 1645, 1646, 1647, 1807, 1808, 1809, 1818, 1823, 1830, 1831, 1832, 1961, 1962, 1963, 1964, 1971, 1972, 1973, 2099, 2100, 2101, 2102, 2109, 2110, 2111, 2112, 2235, 2236, 2237, 2238, 2244, 2250, 2257, 2258, 2259, 2260, 2261, 2512, 2513, 2514, 2523, 2530, 2531, 2532, 2533, 2534, 2725, 2726, 2727, 2728, 2729, 2730, 2737, 2738, 2739, 2740, 2891, 2892, 2893, 2894, 2895, 2896, 2897, 2904, 2905, 2906, 2907, 2908, 3039, 3040, 3041, 3042, 3043, 3044, 3045, 3052, 3053, 3054, 3055, 3056, 3183, 3184, 3185, 3186, 3187, 3188, 3189, 3196, 3197, 3198, 3199, 3200, 3335, 3336, 3337, 3343, 3348, 3354, 3355, 3362, 3363, 3364, 3365, 3517, 3518, 3519, 3525, 3526, 3527, 3534, 3535, 3536, 3704, 3705, 3706, 3712, 3713, 3720, 3721, 3722, 3867, 3868, 3869, 3875, 3881, 3882, 3889, 3890, 3891, 3892, 4061, 4062, 4063, 4064, 4065, 4066, 4072, 4073, 4074, 4081, 4082, 4083, 4345, 4346, 4360, 4361, 4362, 4368, 4373, 4380, 4381, 4382, 4492, 4493, 4566], "summary": {"covered_lines": 302, "num_statements": 2087, "percent_covered": 14.470531863919502, "percent_covered_display": "14.47", "missing_lines": 1785, "excluded_lines": 28}, "missing_lines": [94, 169, 195, 196, 198, 199, 201, 202, 203, 204, 207, 208, 209, 210, 212, 213, 214, 215, 216, 218, 221, 222, 224, 225, 226, 227, 229, 232, 233, 234, 235, 237, 238, 239, 240, 241, 243, 244, 245, 246, 247, 248, 249, 250, 251, 275, 276, 278, 279, 280, 281, 282, 285, 286, 287, 290, 291, 292, 293, 295, 296, 297, 299, 300, 325, 327, 328, 329, 330, 331, 332, 333, 334, 336, 337, 340, 341, 342, 343, 345, 346, 348, 349, 350, 351, 352, 353, 354, 356, 359, 360, 362, 364, 365, 366, 367, 368, 369, 370, 372, 374, 375, 377, 379, 381, 382, 383, 384, 385, 386, 387, 388, 389, 413, 414, 415, 417, 418, 419, 421, 422, 423, 425, 426, 429, 430, 431, 432, 433, 436, 437, 438, 439, 440, 441, 443, 445, 446, 491, 493, 494, 496, 497, 499, 502, 503, 504, 506, 507, 509, 512, 513, 515, 516, 519, 520, 521, 522, 524, 527, 528, 529, 530, 532, 535, 536, 537, 540, 542, 544, 547, 548, 549, 551, 554, 556, 557, 558, 559, 561, 562, 563, 564, 566, 568, 569, 572, 573, 574, 575, 577, 578, 579, 582, 583, 584, 585, 586, 588, 591, 592, 593, 594, 595, 598, 599, 601, 602, 604, 605, 607, 608, 609, 610, 611, 612, 615, 616, 617, 618, 619, 621, 623, 624, 626, 628, 629, 630, 631, 633, 659, 660, 662, 663, 664, 667, 668, 669, 670, 671, 674, 675, 676, 678, 679, 680, 681, 682, 683, 684, 685, 687, 689, 690, 691, 692, 693, 696, 697, 698, 701, 702, 703, 704, 706, 707, 708, 709, 710, 711, 713, 715, 716, 717, 718, 719, 720, 721, 722, 723, 724, 725, 726, 727, 728, 730, 731, 762, 763, 766, 768, 769, 770, 771, 774, 777, 779, 782, 783, 784, 785, 786, 788, 789, 790, 791, 793, 794, 795, 797, 798, 801, 802, 803, 804, 805, 806, 807, 808, 809, 810, 811, 812, 813, 814, 815, 816, 817, 820, 821, 823, 824, 825, 826, 828, 829, 830, 831, 833, 835, 836, 837, 838, 840, 842, 843, 844, 845, 847, 848, 850, 851, 852, 853, 854, 855, 856, 858, 860, 862, 864, 865, 914, 916, 917, 918, 921, 922, 923, 931, 932, 934, 936, 947, 949, 952, 953, 955, 956, 958, 959, 960, 962, 964, 965, 967, 969, 977, 978, 980, 989, 991, 992, 1004, 1006, 1007, 1008, 1056, 1058, 1059, 1060, 1063, 1064, 1065, 1072, 1073, 1075, 1077, 1088, 1090, 1092, 1093, 1094, 1095, 1097, 1100, 1101, 1103, 1104, 1106, 1107, 1110, 1111, 1112, 1113, 1115, 1117, 1118, 1119, 1121, 1122, 1124, 1125, 1127, 1136, 1138, 1139, 1150, 1152, 1153, 1154, 1196, 1198, 1199, 1201, 1203, 1206, 1229, 1230, 1232, 1235, 1236, 1237, 1240, 1241, 1244, 1246, 1247, 1248, 1251, 1252, 1253, 1255, 1256, 1258, 1259, 1260, 1262, 1264, 1265, 1266, 1267, 1268, 1269, 1270, 1271, 1273, 1275, 1277, 1279, 1280, 1348, 1350, 1351, 1352, 1353, 1355, 1356, 1357, 1360, 1361, 1362, 1363, 1365, 1366, 1367, 1368, 1369, 1371, 1372, 1373, 1374, 1375, 1378, 1379, 1380, 1382, 1383, 1386, 1387, 1389, 1390, 1393, 1394, 1396, 1397, 1398, 1399, 1400, 1401, 1402, 1403, 1404, 1405, 1408, 1409, 1411, 1413, 1414, 1416, 1418, 1419, 1420, 1421, 1423, 1425, 1426, 1427, 1428, 1430, 1431, 1523, 1525, 1526, 1527, 1528, 1530, 1531, 1532, 1533, 1539, 1540, 1541, 1542, 1543, 1544, 1547, 1548, 1549, 1550, 1552, 1553, 1554, 1555, 1556, 1557, 1558, 1559, 1563, 1564, 1565, 1566, 1567, 1568, 1569, 1570, 1571, 1574, 1575, 1576, 1578, 1579, 1582, 1583, 1585, 1586, 1589, 1590, 1592, 1593, 1594, 1595, 1596, 1597, 1598, 1599, 1600, 1601, 1604, 1605, 1607, 1609, 1610, 1612, 1614, 1615, 1616, 1617, 1619, 1621, 1622, 1623, 1624, 1626, 1627, 1714, 1716, 1717, 1718, 1719, 1721, 1722, 1723, 1726, 1727, 1728, 1729, 1731, 1732, 1733, 1734, 1735, 1736, 1740, 1741, 1742, 1743, 1744, 1745, 1750, 1751, 1752, 1754, 1755, 1758, 1759, 1761, 1762, 1765, 1766, 1768, 1769, 1770, 1771, 1772, 1773, 1774, 1775, 1776, 1777, 1780, 1781, 1783, 1785, 1786, 1788, 1791, 1792, 1793, 1794, 1796, 1798, 1799, 1800, 1801, 1803, 1804, 1897, 1899, 1900, 1901, 1902, 1904, 1905, 1906, 1909, 1910, 1911, 1912, 1913, 1915, 1916, 1918, 1919, 1920, 1923, 1924, 1925, 1926, 1929, 1930, 1931, 1932, 1934, 1935, 1936, 1937, 1938, 1939, 1940, 1941, 1942, 1943, 1946, 1947, 1950, 1952, 1953, 1954, 1955, 1957, 1958, 2026, 2028, 2029, 2030, 2031, 2033, 2034, 2035, 2038, 2039, 2040, 2041, 2042, 2044, 2045, 2047, 2048, 2049, 2050, 2053, 2054, 2056, 2057, 2058, 2059, 2061, 2062, 2063, 2064, 2067, 2068, 2069, 2070, 2072, 2073, 2074, 2075, 2076, 2077, 2078, 2079, 2080, 2081, 2084, 2085, 2088, 2090, 2091, 2092, 2093, 2095, 2096, 2154, 2156, 2157, 2158, 2160, 2161, 2162, 2165, 2166, 2167, 2168, 2169, 2172, 2173, 2174, 2176, 2177, 2178, 2180, 2181, 2185, 2187, 2188, 2190, 2191, 2192, 2193, 2195, 2196, 2198, 2199, 2200, 2202, 2203, 2204, 2205, 2208, 2209, 2210, 2211, 2213, 2214, 2215, 2216, 2217, 2218, 2221, 2222, 2224, 2226, 2227, 2228, 2229, 2231, 2232, 2342, 2344, 2345, 2346, 2348, 2350, 2351, 2352, 2354, 2355, 2357, 2360, 2362, 2363, 2365, 2366, 2367, 2368, 2369, 2370, 2373, 2374, 2375, 2377, 2378, 2379, 2380, 2381, 2384, 2390, 2391, 2392, 2393, 2394, 2395, 2396, 2397, 2399, 2401, 2402, 2404, 2407, 2408, 2409, 2410, 2411, 2414, 2415, 2416, 2418, 2419, 2420, 2421, 2423, 2424, 2425, 2426, 2431, 2432, 2433, 2434, 2435, 2436, 2439, 2449, 2450, 2452, 2453, 2457, 2459, 2460, 2462, 2463, 2464, 2465, 2468, 2469, 2470, 2471, 2472, 2473, 2475, 2476, 2477, 2478, 2479, 2482, 2483, 2484, 2485, 2487, 2488, 2489, 2490, 2491, 2492, 2493, 2494, 2495, 2498, 2499, 2501, 2503, 2504, 2505, 2506, 2508, 2509, 2581, 2582, 2584, 2586, 2587, 2588, 2589, 2591, 2592, 2595, 2605, 2607, 2608, 2610, 2611, 2612, 2613, 2614, 2615, 2617, 2618, 2626, 2629, 2630, 2632, 2633, 2634, 2635, 2639, 2641, 2643, 2644, 2646, 2647, 2648, 2649, 2650, 2651, 2652, 2654, 2655, 2664, 2667, 2668, 2669, 2670, 2671, 2672, 2674, 2677, 2678, 2679, 2680, 2682, 2683, 2686, 2687, 2688, 2689, 2690, 2691, 2692, 2695, 2696, 2697, 2698, 2700, 2701, 2702, 2703, 2704, 2705, 2706, 2707, 2708, 2711, 2712, 2714, 2716, 2717, 2718, 2719, 2721, 2722, 2807, 2809, 2810, 2811, 2812, 2814, 2815, 2816, 2819, 2820, 2821, 2822, 2823, 2825, 2826, 2828, 2829, 2830, 2831, 2834, 2835, 2836, 2837, 2838, 2839, 2842, 2843, 2845, 2846, 2847, 2848, 2849, 2850, 2851, 2852, 2853, 2855, 2856, 2859, 2860, 2861, 2862, 2864, 2865, 2866, 2867, 2868, 2869, 2870, 2871, 2872, 2873, 2876, 2877, 2880, 2882, 2883, 2884, 2885, 2887, 2888, 2964, 2966, 2967, 2968, 2970, 2971, 2972, 2975, 2976, 2979, 2980, 2981, 2982, 2984, 2985, 2986, 2988, 2989, 2991, 2992, 2993, 2994, 2997, 2998, 3000, 3001, 3002, 3003, 3004, 3005, 3006, 3007, 3009, 3010, 3013, 3014, 3015, 3016, 3018, 3019, 3020, 3021, 3022, 3023, 3026, 3027, 3029, 3031, 3032, 3033, 3034, 3036, 3108, 3110, 3111, 3112, 3114, 3115, 3116, 3119, 3120, 3123, 3124, 3125, 3126, 3128, 3129, 3130, 3132, 3133, 3135, 3136, 3137, 3138, 3141, 3142, 3144, 3145, 3146, 3147, 3148, 3149, 3150, 3151, 3153, 3154, 3157, 3158, 3159, 3160, 3162, 3163, 3164, 3165, 3166, 3167, 3170, 3171, 3173, 3175, 3176, 3177, 3178, 3180, 3257, 3259, 3260, 3261, 3263, 3264, 3265, 3268, 3269, 3272, 3273, 3274, 3275, 3277, 3278, 3279, 3281, 3282, 3284, 3285, 3286, 3287, 3290, 3291, 3293, 3294, 3295, 3296, 3297, 3298, 3299, 3300, 3301, 3302, 3303, 3305, 3306, 3309, 3310, 3311, 3312, 3314, 3315, 3316, 3317, 3318, 3319, 3322, 3323, 3325, 3327, 3328, 3329, 3330, 3332, 3452, 3454, 3455, 3456, 3458, 3460, 3461, 3462, 3463, 3464, 3465, 3468, 3469, 3472, 3473, 3476, 3477, 3479, 3480, 3481, 3483, 3484, 3486, 3487, 3488, 3491, 3492, 3493, 3494, 3496, 3497, 3498, 3499, 3500, 3501, 3504, 3505, 3507, 3509, 3510, 3511, 3512, 3514, 3594, 3596, 3597, 3598, 3600, 3601, 3602, 3603, 3604, 3605, 3608, 3609, 3610, 3611, 3612, 3613, 3614, 3615, 3616, 3617, 3618, 3619, 3622, 3623, 3624, 3625, 3626, 3627, 3628, 3631, 3632, 3633, 3634, 3636, 3637, 3638, 3641, 3642, 3643, 3644, 3645, 3646, 3648, 3649, 3651, 3652, 3653, 3654, 3657, 3658, 3659, 3661, 3662, 3665, 3666, 3668, 3669, 3672, 3673, 3675, 3676, 3677, 3678, 3679, 3680, 3683, 3684, 3685, 3686, 3687, 3689, 3691, 3692, 3694, 3696, 3697, 3698, 3699, 3701, 3773, 3775, 3776, 3777, 3778, 3780, 3781, 3782, 3783, 3784, 3785, 3786, 3787, 3788, 3789, 3792, 3793, 3794, 3795, 3796, 3797, 3798, 3799, 3800, 3801, 3803, 3804, 3806, 3807, 3808, 3809, 3811, 3814, 3815, 3816, 3817, 3818, 3819, 3820, 3821, 3822, 3823, 3824, 3825, 3826, 3827, 3828, 3829, 3830, 3831, 3832, 3833, 3834, 3835, 3836, 3837, 3840, 3841, 3842, 3843, 3845, 3846, 3847, 3848, 3849, 3850, 3853, 3854, 3856, 3857, 3859, 3860, 3861, 3862, 3864, 3947, 3949, 3950, 3951, 3952, 3954, 3955, 3957, 3958, 3959, 3960, 3961, 3962, 3963, 3964, 3965, 3966, 3968, 3969, 3970, 3971, 3972, 3973, 3975, 3976, 3979, 3980, 3981, 3982, 3983, 3986, 3987, 3989, 3990, 3992, 3993, 3994, 3995, 3997, 4000, 4001, 4002, 4003, 4004, 4005, 4006, 4007, 4008, 4011, 4012, 4013, 4014, 4015, 4016, 4017, 4018, 4020, 4021, 4022, 4023, 4026, 4027, 4028, 4030, 4031, 4034, 4035, 4036, 4037, 4039, 4040, 4041, 4042, 4043, 4044, 4047, 4048, 4050, 4051, 4053, 4054, 4055, 4056, 4058, 4136, 4138, 4139, 4140, 4141, 4143, 4144, 4145, 4148, 4149, 4150, 4152, 4154, 4155, 4156, 4157, 4158, 4159, 4160, 4161, 4162, 4164, 4165, 4166, 4167, 4169, 4170, 4171, 4172, 4174, 4177, 4178, 4179, 4180, 4181, 4183, 4184, 4187, 4188, 4189, 4190, 4192, 4193, 4194, 4195, 4196, 4197, 4200, 4201, 4203, 4204, 4207, 4208, 4209, 4211, 4212, 4213, 4214, 4216, 4217, 4219, 4221, 4222, 4223, 4224, 4225, 4226, 4227, 4229, 4230, 4233, 4234, 4235, 4237, 4238, 4239, 4240, 4241, 4242, 4243, 4244, 4246, 4247, 4248, 4251, 4252, 4253, 4254, 4255, 4256, 4257, 4260, 4261, 4262, 4263, 4265, 4268, 4269, 4270, 4271, 4272, 4273, 4274, 4275, 4276, 4277, 4278, 4280, 4281, 4282, 4283, 4285, 4286, 4288, 4290, 4291, 4292, 4293, 4294, 4295, 4296, 4297, 4299, 4300, 4301, 4302, 4304, 4305, 4307, 4310, 4311, 4312, 4313, 4314, 4316, 4317, 4319, 4320, 4321, 4322, 4324, 4325, 4326, 4327, 4328, 4329, 4331, 4332, 4334, 4336, 4337, 4338, 4339, 4341, 4342, 4412, 4414, 4416, 4418, 4419, 4421, 4423, 4424, 4425, 4426, 4428, 4429, 4430, 4432, 4433, 4434, 4436, 4437, 4438, 4440, 4441, 4442, 4444, 4445, 4446, 4449, 4450, 4452, 4454, 4456, 4457, 4458, 4459, 4460, 4461, 4462, 4463, 4465, 4466, 4468, 4469, 4471, 4472, 4473, 4475, 4476, 4479, 4480, 4481, 4482, 4483, 4487, 4488, 4489, 4500, 4501, 4503, 4504, 4505, 4507, 4508, 4509, 4511, 4512, 4513, 4514, 4515, 4516, 4517, 4519, 4520, 4521, 4522, 4523, 4525, 4526, 4527, 4529, 4530, 4531, 4533, 4534, 4535, 4536, 4537, 4539, 4540, 4541, 4542, 4543, 4544, 4545, 4546, 4547, 4548, 4549, 4551, 4552, 4553, 4554, 4555, 4556, 4557, 4558, 4559, 4560, 4561, 4563], "excluded_lines": [95, 167, 168, 632, 876, 1159, 1171, 1429, 1625, 1802, 1956, 2094, 2230, 2507, 2720, 2886, 3035, 3179, 3331, 3513, 3700, 3863, 3893, 4057, 4340, 4357, 4566, 4567]}}}, "src/bolster/data_sources/cineworld.py": {"executed_lines": [1, 38, 39, 40, 42, 44, 47, 68, 71, 77, 79, 80, 81, 82, 83, 84, 85, 86, 91], "summary": {"covered_lines": 17, "num_statements": 24, "percent_covered": 70.83333333333333, "percent_covered_display": "70.83", "missing_lines": 7, "excluded_lines": 14}, "missing_lines": [69, 72, 73, 74, 75, 87, 88], "excluded_lines": [91, 92, 93, 94, 95, 96, 97, 98, 99, 100, 101, 102, 103, 104], "functions": {"get_cinema_listings": {"executed_lines": [68, 71, 77, 79, 80, 81, 82, 83, 84, 85, 86], "summary": {"covered_lines": 11, "num_statements": 18, "percent_covered": 61.111111111111114, "percent_covered_display": "61.11", "missing_lines": 7, "excluded_lines": 0}, "missing_lines": [69, 72, 73, 74, 75, 87, 88], "excluded_lines": []}, "validate_cinema_data": {"executed_lines": [], "summary": {"covered_lines": 0, "num_statements": 0, "percent_covered": 100.0, "percent_covered_display": "100.00", "missing_lines": 0, "excluded_lines": 13}, "missing_lines": [], "excluded_lines": [92, 93, 94, 95, 96, 97, 98, 99, 100, 101, 102, 103, 104]}, "": {"executed_lines": [1, 38, 39, 40, 42, 44, 47, 91], "summary": {"covered_lines": 6, "num_statements": 6, "percent_covered": 100.0, "percent_covered_display": "100.00", "missing_lines": 0, "excluded_lines": 1}, "missing_lines": [], "excluded_lines": [91]}}, "classes": {"": {"executed_lines": [1, 38, 39, 40, 42, 44, 47, 68, 71, 77, 79, 80, 81, 82, 83, 84, 85, 86, 91], "summary": {"covered_lines": 17, "num_statements": 24, "percent_covered": 70.83333333333333, "percent_covered_display": "70.83", "missing_lines": 7, "excluded_lines": 14}, "missing_lines": [69, 72, 73, 74, 75, 87, 88], "excluded_lines": [91, 92, 93, 94, 95, 96, 97, 98, 99, 100, 101, 102, 103, 104]}}}, "src/bolster/data_sources/companies_house.py": {"executed_lines": [1, 32, 33, 34, 36, 37, 39, 40, 42, 45, 51, 53, 54, 55, 56, 57, 59, 62, 69, 70, 71, 72, 73, 76, 81, 82, 83, 97, 98, 99, 100, 101, 102, 103, 104, 105, 106, 108, 111, 116], "summary": {"covered_lines": 27, "num_statements": 27, "percent_covered": 100.0, "percent_covered_display": "100.00", "missing_lines": 0, "excluded_lines": 45}, "missing_lines": [], "excluded_lines": [53, 54, 55, 56, 57, 59, 69, 70, 71, 72, 73, 113, 116, 117, 118, 119, 120, 121, 122, 123, 124, 125, 126, 127, 128, 129, 130, 131, 132, 133, 134, 135, 136, 137, 138, 139, 140, 141, 142, 143, 144, 145, 146, 147, 148], "functions": {"get_basic_company_data_url": {"executed_lines": [51, 53, 54, 55, 56, 57, 59], "summary": {"covered_lines": 1, "num_statements": 1, "percent_covered": 100.0, "percent_covered_display": "100.00", "missing_lines": 0, "excluded_lines": 6}, "missing_lines": [], "excluded_lines": [53, 54, 55, 56, 57, 59]}, "query_basic_company_data": {"executed_lines": [69, 70, 71, 72, 73], "summary": {"covered_lines": 0, "num_statements": 0, "percent_covered": 100.0, "percent_covered_display": "100.00", "missing_lines": 0, "excluded_lines": 5}, "missing_lines": [], "excluded_lines": [69, 70, 71, 72, 73]}, "companies_house_record_might_be_farset": {"executed_lines": [81, 82, 83, 97, 98, 99, 100, 101, 102, 103, 104, 105, 106, 108], "summary": {"covered_lines": 14, "num_statements": 14, "percent_covered": 100.0, "percent_covered_display": "100.00", "missing_lines": 0, "excluded_lines": 0}, "missing_lines": [], "excluded_lines": []}, "get_companies_house_records_that_might_be_in_farset": {"executed_lines": [], "summary": {"covered_lines": 0, "num_statements": 0, "percent_covered": 100.0, "percent_covered_display": "100.00", "missing_lines": 0, "excluded_lines": 1}, "missing_lines": [], "excluded_lines": [113]}, "validate_companies_house_data": {"executed_lines": [], "summary": {"covered_lines": 0, "num_statements": 0, "percent_covered": 100.0, "percent_covered_display": "100.00", "missing_lines": 0, "excluded_lines": 32}, "missing_lines": [], "excluded_lines": [117, 118, 119, 120, 121, 122, 123, 124, 125, 126, 127, 128, 129, 130, 131, 132, 133, 134, 135, 136, 137, 138, 139, 140, 141, 142, 143, 144, 145, 146, 147, 148]}, "": {"executed_lines": [1, 32, 33, 34, 36, 37, 39, 40, 42, 45, 62, 76, 111, 116], "summary": {"covered_lines": 12, "num_statements": 12, "percent_covered": 100.0, "percent_covered_display": "100.00", "missing_lines": 0, "excluded_lines": 1}, "missing_lines": [], "excluded_lines": [116]}}, "classes": {"": {"executed_lines": [1, 32, 33, 34, 36, 37, 39, 40, 42, 45, 51, 53, 54, 55, 56, 57, 59, 62, 69, 70, 71, 72, 73, 76, 81, 82, 83, 97, 98, 99, 100, 101, 102, 103, 104, 105, 106, 108, 111, 116], "summary": {"covered_lines": 27, "num_statements": 27, "percent_covered": 100.0, "percent_covered_display": "100.00", "missing_lines": 0, "excluded_lines": 45}, "missing_lines": [], "excluded_lines": [53, 54, 55, 56, 57, 59, 69, 70, 71, 72, 73, 113, 116, 117, 118, 119, 120, 121, 122, 123, 124, 125, 126, 127, 128, 129, 130, 131, 132, 133, 134, 135, 136, 137, 138, 139, 140, 141, 142, 143, 144, 145, 146, 147, 148]}}}, "src/bolster/data_sources/dva.py": {"executed_lines": [1, 47, 48, 49, 50, 51, 53, 54, 56, 58, 61, 62, 65, 66, 69, 70, 72, 75, 76, 78, 81, 83, 85, 88, 102, 103, 104, 107, 108, 109, 110, 111, 125, 141, 144, 145, 147, 148, 149, 151, 166, 167, 168, 171, 176, 178, 179, 180, 181, 183, 186, 187, 188, 189, 190, 192, 193, 195, 196, 197, 198, 199, 208, 217, 220, 223, 228, 229, 230, 244, 246, 249, 269, 271, 273, 276, 277, 278, 279, 280, 282, 285, 288, 289, 290, 291, 292, 294, 295, 297, 298, 301, 302, 306, 313, 314, 315, 319, 321, 323, 326, 327, 330, 350, 352, 354, 357, 358, 359, 360, 361, 363, 366, 369, 370, 371, 372, 373, 375, 376, 378, 379, 382, 383, 387, 394, 395, 396, 400, 402, 404, 407, 408, 411, 431, 433, 435, 438, 439, 440, 441, 442, 444, 447, 450, 451, 452, 453, 454, 456, 457, 459, 460, 461, 463, 464, 468, 475, 476, 477, 481, 483, 485, 488, 489, 497, 514, 515, 516, 519, 536, 537, 538, 541, 558, 559, 560, 563, 580, 581, 583, 595, 610, 613, 629, 632, 648, 649, 650, 653, 675, 677, 678, 679, 680, 682, 692, 701, 705, 706, 712, 718, 722], "summary": {"covered_lines": 191, "num_statements": 223, "percent_covered": 85.65022421524664, "percent_covered_display": "85.65", "missing_lines": 32, "excluded_lines": 40}, "missing_lines": [114, 115, 116, 117, 118, 119, 120, 121, 122, 191, 201, 202, 203, 205, 218, 283, 299, 303, 304, 316, 324, 364, 380, 384, 385, 397, 405, 445, 465, 466, 478, 486], "excluded_lines": [72, 78, 317, 398, 479, 498, 520, 542, 564, 692, 693, 694, 695, 696, 697, 698, 699, 700, 701, 702, 703, 704, 705, 706, 707, 708, 709, 710, 711, 712, 713, 714, 715, 716, 717, 718, 719, 720, 721, 722], "functions": {"_hash_url": {"executed_lines": [83, 85], "summary": {"covered_lines": 2, "num_statements": 2, "percent_covered": 100.0, "percent_covered_display": "100.00", "missing_lines": 0, "excluded_lines": 0}, "missing_lines": [], "excluded_lines": []}, "_download_file": {"executed_lines": [102, 103, 104, 107, 108, 109, 110, 111], "summary": {"covered_lines": 8, "num_statements": 17, "percent_covered": 47.05882352941177, "percent_covered_display": "47.06", "missing_lines": 9, "excluded_lines": 0}, "missing_lines": [114, 115, 116, 117, 118, 119, 120, 121, 122], "excluded_lines": []}, "get_latest_dva_publication_url": {"executed_lines": [141, 144, 145, 147, 148, 149, 151, 166, 167, 168, 171, 176, 178, 179, 180, 181, 183, 186, 187, 188, 189, 190, 192, 193, 195, 196, 197, 198, 199], "summary": {"covered_lines": 29, "num_statements": 34, "percent_covered": 85.29411764705883, "percent_covered_display": "85.29", "missing_lines": 5, "excluded_lines": 0}, "missing_lines": [191, 201, 202, 203, 205], "excluded_lines": []}, "_parse_month_year": {"executed_lines": [217, 220, 223, 228, 229, 230, 244, 246], "summary": {"covered_lines": 8, "num_statements": 9, "percent_covered": 88.88888888888889, "percent_covered_display": "88.89", "missing_lines": 1, "excluded_lines": 0}, "missing_lines": [218], "excluded_lines": []}, "parse_vehicle_tests": {"executed_lines": [269, 271, 273, 276, 277, 278, 279, 280, 282, 285, 288, 289, 290, 291, 292, 294, 295, 297, 298, 301, 302, 306, 313, 314, 315, 319, 321, 323, 326, 327], "summary": {"covered_lines": 30, "num_statements": 36, "percent_covered": 83.33333333333333, "percent_covered_display": "83.33", "missing_lines": 6, "excluded_lines": 1}, "missing_lines": [283, 299, 303, 304, 316, 324], "excluded_lines": [317]}, "parse_driver_tests": {"executed_lines": [350, 352, 354, 357, 358, 359, 360, 361, 363, 366, 369, 370, 371, 372, 373, 375, 376, 378, 379, 382, 383, 387, 394, 395, 396, 400, 402, 404, 407, 408], "summary": {"covered_lines": 30, "num_statements": 36, "percent_covered": 83.33333333333333, "percent_covered_display": "83.33", "missing_lines": 6, "excluded_lines": 1}, "missing_lines": [364, 380, 384, 385, 397, 405], "excluded_lines": [398]}, "parse_theory_tests": {"executed_lines": [431, 433, 435, 438, 439, 440, 441, 442, 444, 447, 450, 451, 452, 453, 454, 456, 457, 459, 460, 461, 463, 464, 468, 475, 476, 477, 481, 483, 485, 488, 489], "summary": {"covered_lines": 31, "num_statements": 36, "percent_covered": 86.11111111111111, "percent_covered_display": "86.11", "missing_lines": 5, "excluded_lines": 1}, "missing_lines": [445, 465, 466, 478, 486], "excluded_lines": [479]}, "get_latest_vehicle_tests": {"executed_lines": [514, 515, 516], "summary": {"covered_lines": 3, "num_statements": 3, "percent_covered": 100.0, "percent_covered_display": "100.00", "missing_lines": 0, "excluded_lines": 1}, "missing_lines": [], "excluded_lines": [498]}, "get_latest_driver_tests": {"executed_lines": [536, 537, 538], "summary": {"covered_lines": 3, "num_statements": 3, "percent_covered": 100.0, "percent_covered_display": "100.00", "missing_lines": 0, "excluded_lines": 1}, "missing_lines": [], "excluded_lines": [520]}, "get_latest_theory_tests": {"executed_lines": [558, 559, 560], "summary": {"covered_lines": 3, "num_statements": 3, "percent_covered": 100.0, "percent_covered_display": "100.00", "missing_lines": 0, "excluded_lines": 1}, "missing_lines": [], "excluded_lines": [542]}, "get_latest_all_tests": {"executed_lines": [580, 581, 583], "summary": {"covered_lines": 3, "num_statements": 3, "percent_covered": 100.0, "percent_covered_display": "100.00", "missing_lines": 0, "excluded_lines": 1}, "missing_lines": [], "excluded_lines": [564]}, "get_tests_by_year": {"executed_lines": [610], "summary": {"covered_lines": 1, "num_statements": 1, "percent_covered": 100.0, "percent_covered_display": "100.00", "missing_lines": 0, "excluded_lines": 0}, "missing_lines": [], "excluded_lines": []}, "get_tests_by_month": {"executed_lines": [629], "summary": {"covered_lines": 1, "num_statements": 1, "percent_covered": 100.0, "percent_covered_display": "100.00", "missing_lines": 0, "excluded_lines": 0}, "missing_lines": [], "excluded_lines": []}, "calculate_growth_rates": {"executed_lines": [648, 649, 650], "summary": {"covered_lines": 3, "num_statements": 3, "percent_covered": 100.0, "percent_covered_display": "100.00", "missing_lines": 0, "excluded_lines": 0}, "missing_lines": [], "excluded_lines": []}, "get_summary_statistics": {"executed_lines": [675, 677, 678, 679, 680, 682], "summary": {"covered_lines": 6, "num_statements": 6, "percent_covered": 100.0, "percent_covered_display": "100.00", "missing_lines": 0, "excluded_lines": 0}, "missing_lines": [], "excluded_lines": []}, "validate_dva_test_data": {"executed_lines": [701, 705, 706, 712, 718, 722], "summary": {"covered_lines": 0, "num_statements": 0, "percent_covered": 100.0, "percent_covered_display": "100.00", "missing_lines": 0, "excluded_lines": 30}, "missing_lines": [], "excluded_lines": [693, 694, 695, 696, 697, 698, 699, 700, 701, 702, 703, 704, 705, 706, 707, 708, 709, 710, 711, 712, 713, 714, 715, 716, 717, 718, 719, 720, 721, 722]}, "": {"executed_lines": [1, 47, 48, 49, 50, 51, 53, 54, 56, 58, 61, 62, 65, 66, 69, 70, 72, 75, 76, 78, 81, 88, 125, 208, 249, 330, 411, 497, 519, 541, 563, 595, 613, 632, 653, 692], "summary": {"covered_lines": 30, "num_statements": 30, "percent_covered": 100.0, "percent_covered_display": "100.00", "missing_lines": 0, "excluded_lines": 3}, "missing_lines": [], "excluded_lines": [72, 78, 692]}}, "classes": {"DVADataError": {"executed_lines": [], "summary": {"covered_lines": 0, "num_statements": 0, "percent_covered": 100.0, "percent_covered_display": "100.00", "missing_lines": 0, "excluded_lines": 0}, "missing_lines": [], "excluded_lines": []}, "DVADataNotFoundError": {"executed_lines": [], "summary": {"covered_lines": 0, "num_statements": 0, "percent_covered": 100.0, "percent_covered_display": "100.00", "missing_lines": 0, "excluded_lines": 0}, "missing_lines": [], "excluded_lines": []}, "": {"executed_lines": [1, 47, 48, 49, 50, 51, 53, 54, 56, 58, 61, 62, 65, 66, 69, 70, 72, 75, 76, 78, 81, 83, 85, 88, 102, 103, 104, 107, 108, 109, 110, 111, 125, 141, 144, 145, 147, 148, 149, 151, 166, 167, 168, 171, 176, 178, 179, 180, 181, 183, 186, 187, 188, 189, 190, 192, 193, 195, 196, 197, 198, 199, 208, 217, 220, 223, 228, 229, 230, 244, 246, 249, 269, 271, 273, 276, 277, 278, 279, 280, 282, 285, 288, 289, 290, 291, 292, 294, 295, 297, 298, 301, 302, 306, 313, 314, 315, 319, 321, 323, 326, 327, 330, 350, 352, 354, 357, 358, 359, 360, 361, 363, 366, 369, 370, 371, 372, 373, 375, 376, 378, 379, 382, 383, 387, 394, 395, 396, 400, 402, 404, 407, 408, 411, 431, 433, 435, 438, 439, 440, 441, 442, 444, 447, 450, 451, 452, 453, 454, 456, 457, 459, 460, 461, 463, 464, 468, 475, 476, 477, 481, 483, 485, 488, 489, 497, 514, 515, 516, 519, 536, 537, 538, 541, 558, 559, 560, 563, 580, 581, 583, 595, 610, 613, 629, 632, 648, 649, 650, 653, 675, 677, 678, 679, 680, 682, 692, 701, 705, 706, 712, 718, 722], "summary": {"covered_lines": 191, "num_statements": 223, "percent_covered": 85.65022421524664, "percent_covered_display": "85.65", "missing_lines": 32, "excluded_lines": 40}, "missing_lines": [114, 115, 116, 117, 118, 119, 120, 121, 122, 191, 201, 202, 203, 205, 218, 283, 299, 303, 304, 316, 324, 364, 380, 384, 385, 397, 405, 445, 465, 466, 478, 486], "excluded_lines": [72, 78, 317, 398, 479, 498, 520, 542, 564, 692, 693, 694, 695, 696, 697, 698, 699, 700, 701, 702, 703, 704, 705, 706, 707, 708, 709, 710, 711, 712, 713, 714, 715, 716, 717, 718, 719, 720, 721, 722]}}}, "src/bolster/data_sources/eoni.py": {"executed_lines": [1, 34, 35, 36, 37, 39, 40, 42, 44, 47, 51, 54, 66, 67, 68, 69, 72, 88, 89, 90, 93, 103, 106, 126, 128, 140, 143, 147, 148, 149, 152, 156, 157, 163, 166, 170, 171, 177, 180, 186, 187, 188, 189, 190, 192, 193, 195, 198, 205, 206, 207, 208, 209, 211, 212, 214, 217, 218, 219, 220, 221, 222, 224, 232, 233, 234, 238, 239, 240, 241, 242, 243, 246], "summary": {"covered_lines": 71, "num_statements": 71, "percent_covered": 100.0, "percent_covered_display": "100.00", "missing_lines": 0, "excluded_lines": 41}, "missing_lines": [], "excluded_lines": [55, 246, 247, 248, 249, 250, 251, 252, 253, 254, 255, 256, 257, 258, 259, 260, 261, 262, 263, 264, 265, 266, 267, 268, 269, 270, 271, 272, 273, 274, 275, 276, 277, 278, 279, 280, 281, 282, 283, 284, 285], "functions": {"get_page": {"executed_lines": [66, 67, 68, 69], "summary": {"covered_lines": 4, "num_statements": 4, "percent_covered": 100.0, "percent_covered_display": "100.00", "missing_lines": 0, "excluded_lines": 1}, "missing_lines": [], "excluded_lines": [55]}, "find_xls_links_in_page": {"executed_lines": [88, 89, 90], "summary": {"covered_lines": 3, "num_statements": 3, "percent_covered": 100.0, "percent_covered_display": "100.00", "missing_lines": 0, "excluded_lines": 0}, "missing_lines": [], "excluded_lines": []}, "normalise_constituencies": {"executed_lines": [103], "summary": {"covered_lines": 1, "num_statements": 1, "percent_covered": 100.0, "percent_covered_display": "100.00", "missing_lines": 0, "excluded_lines": 0}, "missing_lines": [], "excluded_lines": []}, "get_metadata_from_df": {"executed_lines": [126, 128, 140], "summary": {"covered_lines": 3, "num_statements": 3, "percent_covered": 100.0, "percent_covered_display": "100.00", "missing_lines": 0, "excluded_lines": 0}, "missing_lines": [], "excluded_lines": []}, "get_candidates_from_df": {"executed_lines": [147, 148, 149], "summary": {"covered_lines": 3, "num_statements": 3, "percent_covered": 100.0, "percent_covered_display": "100.00", "missing_lines": 0, "excluded_lines": 0}, "missing_lines": [], "excluded_lines": []}, "get_stage_votes_from_df": {"executed_lines": [156, 157, 163], "summary": {"covered_lines": 3, "num_statements": 3, "percent_covered": 100.0, "percent_covered_display": "100.00", "missing_lines": 0, "excluded_lines": 0}, "missing_lines": [], "excluded_lines": []}, "get_stage_transfers_from_df": {"executed_lines": [170, 171, 177], "summary": {"covered_lines": 3, "num_statements": 3, "percent_covered": 100.0, "percent_covered_display": "100.00", "missing_lines": 0, "excluded_lines": 0}, "missing_lines": [], "excluded_lines": []}, "extract_stage_n_votes": {"executed_lines": [186, 187, 188, 189, 190, 192, 193, 195], "summary": {"covered_lines": 8, "num_statements": 8, "percent_covered": 100.0, "percent_covered_display": "100.00", "missing_lines": 0, "excluded_lines": 0}, "missing_lines": [], "excluded_lines": []}, "extract_stage_n_transfers": {"executed_lines": [205, 206, 207, 208, 209, 211, 212, 214], "summary": {"covered_lines": 8, "num_statements": 8, "percent_covered": 100.0, "percent_covered_display": "100.00", "missing_lines": 0, "excluded_lines": 0}, "missing_lines": [], "excluded_lines": []}, "get_results_from_sheet": {"executed_lines": [218, 219, 220, 221, 222, 224], "summary": {"covered_lines": 6, "num_statements": 6, "percent_covered": 100.0, "percent_covered_display": "100.00", "missing_lines": 0, "excluded_lines": 0}, "missing_lines": [], "excluded_lines": []}, "get_results": {"executed_lines": [233, 234, 238, 239, 240, 241, 242, 243], "summary": {"covered_lines": 8, "num_statements": 8, "percent_covered": 100.0, "percent_covered_display": "100.00", "missing_lines": 0, "excluded_lines": 0}, "missing_lines": [], "excluded_lines": []}, "validate_election_results": {"executed_lines": [], "summary": {"covered_lines": 0, "num_statements": 0, "percent_covered": 100.0, "percent_covered_display": "100.00", "missing_lines": 0, "excluded_lines": 39}, "missing_lines": [], "excluded_lines": [247, 248, 249, 250, 251, 252, 253, 254, 255, 256, 257, 258, 259, 260, 261, 262, 263, 264, 265, 266, 267, 268, 269, 270, 271, 272, 273, 274, 275, 276, 277, 278, 279, 280, 281, 282, 283, 284, 285]}, "": {"executed_lines": [1, 34, 35, 36, 37, 39, 40, 42, 44, 47, 51, 54, 72, 93, 106, 143, 152, 166, 180, 198, 217, 232, 246], "summary": {"covered_lines": 21, "num_statements": 21, "percent_covered": 100.0, "percent_covered_display": "100.00", "missing_lines": 0, "excluded_lines": 1}, "missing_lines": [], "excluded_lines": [246]}}, "classes": {"": {"executed_lines": [1, 34, 35, 36, 37, 39, 40, 42, 44, 47, 51, 54, 66, 67, 68, 69, 72, 88, 89, 90, 93, 103, 106, 126, 128, 140, 143, 147, 148, 149, 152, 156, 157, 163, 166, 170, 171, 177, 180, 186, 187, 188, 189, 190, 192, 193, 195, 198, 205, 206, 207, 208, 209, 211, 212, 214, 217, 218, 219, 220, 221, 222, 224, 232, 233, 234, 238, 239, 240, 241, 242, 243, 246], "summary": {"covered_lines": 71, "num_statements": 71, "percent_covered": 100.0, "percent_covered_display": "100.00", "missing_lines": 0, "excluded_lines": 41}, "missing_lines": [], "excluded_lines": [55, 246, 247, 248, 249, 250, 251, 252, 253, 254, 255, 256, 257, 258, 259, 260, 261, 262, 263, 264, 265, 266, 267, 268, 269, 270, 271, 272, 273, 274, 275, 276, 277, 278, 279, 280, 281, 282, 283, 284, 285]}}}, "src/bolster/data_sources/metoffice.py": {"executed_lines": [1, 38, 39, 40, 41, 42, 43, 44, 45, 46, 48, 50, 51, 53, 58, 63, 66, 67, 69, 70, 73, 78, 90, 91, 105, 108, 109, 111, 112, 114, 116, 118, 119, 120, 121, 122, 123, 129, 131, 141, 143, 149, 151, 152, 154, 156, 157, 159, 162, 164, 166, 168, 169, 171, 174, 176, 177, 178, 180, 183, 209, 214, 233, 242, 247, 248], "summary": {"covered_lines": 56, "num_statements": 56, "percent_covered": 100.0, "percent_covered_display": "100.00", "missing_lines": 0, "excluded_lines": 63}, "missing_lines": [], "excluded_lines": [67, 69, 70, 71, 72, 73, 79, 81, 82, 83, 84, 85, 92, 94, 95, 96, 97, 98, 187, 188, 189, 191, 194, 196, 198, 199, 201, 203, 204, 206, 214, 215, 217, 218, 223, 224, 225, 226, 228, 230, 233, 234, 235, 236, 237, 238, 239, 240, 241, 242, 243, 244, 245, 246, 247, 248, 249, 250, 251, 252, 253, 254, 255], "functions": {"get_order_latest": {"executed_lines": [67, 69, 70, 73], "summary": {"covered_lines": 0, "num_statements": 0, "percent_covered": 100.0, "percent_covered_display": "100.00", "missing_lines": 0, "excluded_lines": 6}, "missing_lines": [], "excluded_lines": [67, 69, 70, 71, 72, 73]}, "get_file_meta": {"executed_lines": [], "summary": {"covered_lines": 0, "num_statements": 0, "percent_covered": 100.0, "percent_covered_display": "100.00", "missing_lines": 0, "excluded_lines": 6}, "missing_lines": [], "excluded_lines": [79, 81, 82, 83, 84, 85]}, "get_file": {"executed_lines": [], "summary": {"covered_lines": 0, "num_statements": 0, "percent_covered": 100.0, "percent_covered_display": "100.00", "missing_lines": 0, "excluded_lines": 6}, "missing_lines": [], "excluded_lines": [92, 94, 95, 96, 97, 98]}, "filter_relevant_files": {"executed_lines": [109, 111, 112, 114, 116, 118, 119, 120, 121, 122, 123, 129, 131, 141, 143], "summary": {"covered_lines": 15, "num_statements": 15, "percent_covered": 100.0, "percent_covered_display": "100.00", "missing_lines": 0, "excluded_lines": 0}, "missing_lines": [], "excluded_lines": []}, "make_borders": {"executed_lines": [151, 152, 154, 156, 157, 159], "summary": {"covered_lines": 6, "num_statements": 6, "percent_covered": 100.0, "percent_covered_display": "100.00", "missing_lines": 0, "excluded_lines": 0}, "missing_lines": [], "excluded_lines": []}, "make_isolines": {"executed_lines": [164, 166, 168, 169, 171], "summary": {"covered_lines": 5, "num_statements": 5, "percent_covered": 100.0, "percent_covered_display": "100.00", "missing_lines": 0, "excluded_lines": 0}, "missing_lines": [], "excluded_lines": []}, "make_precipitation": {"executed_lines": [176, 177, 178, 180], "summary": {"covered_lines": 4, "num_statements": 4, "percent_covered": 100.0, "percent_covered_display": "100.00", "missing_lines": 0, "excluded_lines": 0}, "missing_lines": [], "excluded_lines": []}, "generate_image": {"executed_lines": [], "summary": {"covered_lines": 0, "num_statements": 0, "percent_covered": 100.0, "percent_covered_display": "100.00", "missing_lines": 0, "excluded_lines": 12}, "missing_lines": [], "excluded_lines": [187, 188, 189, 191, 194, 196, 198, 199, 201, 203, 204, 206]}, "get_uk_precipitation": {"executed_lines": [214], "summary": {"covered_lines": 0, "num_statements": 0, "percent_covered": 100.0, "percent_covered_display": "100.00", "missing_lines": 0, "excluded_lines": 10}, "missing_lines": [], "excluded_lines": [214, 215, 217, 218, 223, 224, 225, 226, 228, 230]}, "validate_weather_data": {"executed_lines": [242, 247, 248], "summary": {"covered_lines": 0, "num_statements": 0, "percent_covered": 100.0, "percent_covered_display": "100.00", "missing_lines": 0, "excluded_lines": 22}, "missing_lines": [], "excluded_lines": [234, 235, 236, 237, 238, 239, 240, 241, 242, 243, 244, 245, 246, 247, 248, 249, 250, 251, 252, 253, 254, 255]}, "": {"executed_lines": [1, 38, 39, 40, 41, 42, 43, 44, 45, 46, 48, 50, 51, 53, 58, 63, 66, 78, 90, 91, 105, 108, 149, 162, 174, 183, 209, 233], "summary": {"covered_lines": 26, "num_statements": 26, "percent_covered": 100.0, "percent_covered_display": "100.00", "missing_lines": 0, "excluded_lines": 1}, "missing_lines": [], "excluded_lines": [233]}}, "classes": {"": {"executed_lines": [1, 38, 39, 40, 41, 42, 43, 44, 45, 46, 48, 50, 51, 53, 58, 63, 66, 67, 69, 70, 73, 78, 90, 91, 105, 108, 109, 111, 112, 114, 116, 118, 119, 120, 121, 122, 123, 129, 131, 141, 143, 149, 151, 152, 154, 156, 157, 159, 162, 164, 166, 168, 169, 171, 174, 176, 177, 178, 180, 183, 209, 214, 233, 242, 247, 248], "summary": {"covered_lines": 56, "num_statements": 56, "percent_covered": 100.0, "percent_covered_display": "100.00", "missing_lines": 0, "excluded_lines": 63}, "missing_lines": [], "excluded_lines": [67, 69, 70, 71, 72, 73, 79, 81, 82, 83, 84, 85, 92, 94, 95, 96, 97, 98, 187, 188, 189, 191, 194, 196, 198, 199, 201, 203, 204, 206, 214, 215, 217, 218, 223, 224, 225, 226, 228, 230, 233, 234, 235, 236, 237, 238, 239, 240, 241, 242, 243, 244, 245, 246, 247, 248, 249, 250, 251, 252, 253, 254, 255]}}}, "src/bolster/data_sources/ni_house_price_index.py": {"executed_lines": [1, 34, 35, 36, 37, 38, 39, 40, 41, 42, 44, 45, 47, 49, 52, 55, 56, 59, 62, 63, 65, 68, 69, 71, 74, 76, 79, 89, 90, 91, 93, 94, 95, 96, 97, 99, 102, 116, 117, 118, 119, 121, 122, 123, 125, 126, 127, 128, 130, 131, 132, 138, 140, 141, 142, 143, 146, 158, 159, 160, 161, 162, 164, 166, 167, 168, 169, 171, 172, 177, 198, 201, 204, 205, 207, 210, 232, 234, 235, 236, 239, 245, 246, 247, 252, 253, 254, 257, 258, 262, 263, 264, 268, 276, 278, 281, 293, 294, 295, 297, 299, 302, 305, 308, 320, 321, 322, 326, 329, 341, 342, 343, 344, 345, 346, 347, 349, 351, 353, 357, 360, 361, 366, 380, 381, 382, 385, 386, 388, 389, 392, 395, 398, 411, 414, 421, 425, 429, 432, 445, 448, 449, 450, 453, 456, 457, 458, 461, 462, 465, 468, 471, 475, 476, 479, 480, 483, 486, 488, 493, 496, 499, 511, 512, 513, 514, 515, 519, 523, 526, 527, 531, 534, 546, 547, 548, 549, 550, 551, 552, 553, 555, 556, 560, 568, 601, 602, 605, 631, 632, 635, 660, 661, 664, 687, 688, 691, 716, 717, 720, 741, 742, 750, 759, 764, 767], "summary": {"covered_lines": 200, "num_statements": 206, "percent_covered": 97.0873786407767, "percent_covered_display": "97.09", "missing_lines": 6, "excluded_lines": 30}, "missing_lines": [134, 135, 170, 174, 557, 558], "excluded_lines": [65, 71, 182, 569, 606, 636, 665, 692, 721, 767, 768, 769, 770, 771, 772, 773, 774, 775, 776, 777, 778, 779, 780, 781, 782, 783, 784, 785, 786, 787], "functions": {"_hash_url": {"executed_lines": [76], "summary": {"covered_lines": 1, "num_statements": 1, "percent_covered": 100.0, "percent_covered_display": "100.00", "missing_lines": 0, "excluded_lines": 0}, "missing_lines": [], "excluded_lines": []}, "_get_cached_file": {"executed_lines": [89, 90, 91, 93, 94, 95, 96, 97, 99], "summary": {"covered_lines": 9, "num_statements": 9, "percent_covered": 100.0, "percent_covered_display": "100.00", "missing_lines": 0, "excluded_lines": 0}, "missing_lines": [], "excluded_lines": []}, "_download_file": {"executed_lines": [116, 117, 118, 119, 121, 122, 123, 125, 126, 127, 128, 130, 131, 132], "summary": {"covered_lines": 14, "num_statements": 16, "percent_covered": 87.5, "percent_covered_display": "87.50", "missing_lines": 2, "excluded_lines": 0}, "missing_lines": [134, 135], "excluded_lines": []}, "clear_cache": {"executed_lines": [140, 141, 142, 143], "summary": {"covered_lines": 4, "num_statements": 4, "percent_covered": 100.0, "percent_covered_display": "100.00", "missing_lines": 0, "excluded_lines": 0}, "missing_lines": [], "excluded_lines": []}, "get_source_url": {"executed_lines": [158, 159, 160, 161, 162, 164, 166, 167, 168, 169, 171, 172], "summary": {"covered_lines": 12, "num_statements": 14, "percent_covered": 85.71428571428571, "percent_covered_display": "85.71", "missing_lines": 2, "excluded_lines": 0}, "missing_lines": [170, 174], "excluded_lines": []}, "pull_sources": {"executed_lines": [198, 201, 204, 205, 207], "summary": {"covered_lines": 5, "num_statements": 5, "percent_covered": 100.0, "percent_covered_display": "100.00", "missing_lines": 0, "excluded_lines": 1}, "missing_lines": [], "excluded_lines": [182]}, "basic_cleanup": {"executed_lines": [232, 234, 235, 236, 239, 245, 246, 247, 252, 253, 254, 257, 258, 262, 263, 264, 268, 276, 278], "summary": {"covered_lines": 19, "num_statements": 19, "percent_covered": 100.0, "percent_covered_display": "100.00", "missing_lines": 0, "excluded_lines": 0}, "missing_lines": [], "excluded_lines": []}, "cleanup_contents": {"executed_lines": [293, 294, 295, 297, 299], "summary": {"covered_lines": 5, "num_statements": 5, "percent_covered": 100.0, "percent_covered_display": "100.00", "missing_lines": 0, "excluded_lines": 0}, "missing_lines": [], "excluded_lines": []}, "cleanup_price_by_property_type_agg": {"executed_lines": [320, 321, 322], "summary": {"covered_lines": 3, "num_statements": 3, "percent_covered": 100.0, "percent_covered_display": "100.00", "missing_lines": 0, "excluded_lines": 0}, "missing_lines": [], "excluded_lines": []}, "cleanup_price_by_property_type": {"executed_lines": [341, 342, 343, 344, 345, 346, 347, 349, 351, 353], "summary": {"covered_lines": 10, "num_statements": 10, "percent_covered": 100.0, "percent_covered_display": "100.00", "missing_lines": 0, "excluded_lines": 0}, "missing_lines": [], "excluded_lines": []}, "cleanup_with_munged_quarters_and_total_rows": {"executed_lines": [380, 381, 382, 385, 386, 388, 389], "summary": {"covered_lines": 7, "num_statements": 7, "percent_covered": 100.0, "percent_covered_display": "100.00", "missing_lines": 0, "excluded_lines": 0}, "missing_lines": [], "excluded_lines": []}, "cleanup_with_LGDs": {"executed_lines": [411, 414, 421, 425], "summary": {"covered_lines": 4, "num_statements": 4, "percent_covered": 100.0, "percent_covered_display": "100.00", "missing_lines": 0, "excluded_lines": 0}, "missing_lines": [], "excluded_lines": []}, "cleanup_combined_year_quarter": {"executed_lines": [445, 448, 449, 450, 453, 456, 457, 458, 461, 462, 465, 468, 471, 475, 476, 479, 480, 483, 486, 488], "summary": {"covered_lines": 20, "num_statements": 20, "percent_covered": 100.0, "percent_covered_display": "100.00", "missing_lines": 0, "excluded_lines": 0}, "missing_lines": [], "excluded_lines": []}, "cleanup_missing_year_quarter": {"executed_lines": [511, 512, 513, 514, 515], "summary": {"covered_lines": 5, "num_statements": 5, "percent_covered": 100.0, "percent_covered_display": "100.00", "missing_lines": 0, "excluded_lines": 0}, "missing_lines": [], "excluded_lines": []}, "transform_sources": {"executed_lines": [546, 547, 548, 549, 550, 551, 552, 553, 555, 556, 560], "summary": {"covered_lines": 11, "num_statements": 13, "percent_covered": 84.61538461538461, "percent_covered_display": "84.62", "missing_lines": 2, "excluded_lines": 0}, "missing_lines": [557, 558], "excluded_lines": []}, "get_all_tables": {"executed_lines": [601, 602], "summary": {"covered_lines": 2, "num_statements": 2, "percent_covered": 100.0, "percent_covered_display": "100.00", "missing_lines": 0, "excluded_lines": 1}, "missing_lines": [], "excluded_lines": [569]}, "get_hpi_trends": {"executed_lines": [631, 632], "summary": {"covered_lines": 2, "num_statements": 2, "percent_covered": 100.0, "percent_covered_display": "100.00", "missing_lines": 0, "excluded_lines": 1}, "missing_lines": [], "excluded_lines": [606]}, "get_sales_volumes": {"executed_lines": [660, 661], "summary": {"covered_lines": 2, "num_statements": 2, "percent_covered": 100.0, "percent_covered_display": "100.00", "missing_lines": 0, "excluded_lines": 1}, "missing_lines": [], "excluded_lines": [636]}, "get_average_prices": {"executed_lines": [687, 688], "summary": {"covered_lines": 2, "num_statements": 2, "percent_covered": 100.0, "percent_covered_display": "100.00", "missing_lines": 0, "excluded_lines": 1}, "missing_lines": [], "excluded_lines": [665]}, "get_hpi_by_lgd": {"executed_lines": [716, 717], "summary": {"covered_lines": 2, "num_statements": 2, "percent_covered": 100.0, "percent_covered_display": "100.00", "missing_lines": 0, "excluded_lines": 1}, "missing_lines": [], "excluded_lines": [692]}, "get_hpi_by_property_type": {"executed_lines": [741, 742], "summary": {"covered_lines": 2, "num_statements": 2, "percent_covered": 100.0, "percent_covered_display": "100.00", "missing_lines": 0, "excluded_lines": 1}, "missing_lines": [], "excluded_lines": [721]}, "build": {"executed_lines": [759, 764], "summary": {"covered_lines": 2, "num_statements": 2, "percent_covered": 100.0, "percent_covered_display": "100.00", "missing_lines": 0, "excluded_lines": 0}, "missing_lines": [], "excluded_lines": []}, "validate_house_price_data": {"executed_lines": [], "summary": {"covered_lines": 0, "num_statements": 0, "percent_covered": 100.0, "percent_covered_display": "100.00", "missing_lines": 0, "excluded_lines": 20}, "missing_lines": [], "excluded_lines": [768, 769, 770, 771, 772, 773, 774, 775, 776, 777, 778, 779, 780, 781, 782, 783, 784, 785, 786, 787]}, "": {"executed_lines": [1, 34, 35, 36, 37, 38, 39, 40, 41, 42, 44, 45, 47, 49, 52, 55, 56, 59, 62, 63, 65, 68, 69, 71, 74, 79, 102, 138, 146, 177, 210, 281, 302, 305, 308, 326, 329, 357, 360, 361, 366, 392, 395, 398, 429, 432, 493, 496, 499, 519, 523, 526, 527, 531, 534, 568, 605, 635, 664, 691, 720, 750, 767], "summary": {"covered_lines": 57, "num_statements": 57, "percent_covered": 100.0, "percent_covered_display": "100.00", "missing_lines": 0, "excluded_lines": 3}, "missing_lines": [], "excluded_lines": [65, 71, 767]}}, "classes": {"NIHPIDataError": {"executed_lines": [], "summary": {"covered_lines": 0, "num_statements": 0, "percent_covered": 100.0, "percent_covered_display": "100.00", "missing_lines": 0, "excluded_lines": 0}, "missing_lines": [], "excluded_lines": []}, "NIHPIDataNotFoundError": {"executed_lines": [], "summary": {"covered_lines": 0, "num_statements": 0, "percent_covered": 100.0, "percent_covered_display": "100.00", "missing_lines": 0, "excluded_lines": 0}, "missing_lines": [], "excluded_lines": []}, "": {"executed_lines": [1, 34, 35, 36, 37, 38, 39, 40, 41, 42, 44, 45, 47, 49, 52, 55, 56, 59, 62, 63, 65, 68, 69, 71, 74, 76, 79, 89, 90, 91, 93, 94, 95, 96, 97, 99, 102, 116, 117, 118, 119, 121, 122, 123, 125, 126, 127, 128, 130, 131, 132, 138, 140, 141, 142, 143, 146, 158, 159, 160, 161, 162, 164, 166, 167, 168, 169, 171, 172, 177, 198, 201, 204, 205, 207, 210, 232, 234, 235, 236, 239, 245, 246, 247, 252, 253, 254, 257, 258, 262, 263, 264, 268, 276, 278, 281, 293, 294, 295, 297, 299, 302, 305, 308, 320, 321, 322, 326, 329, 341, 342, 343, 344, 345, 346, 347, 349, 351, 353, 357, 360, 361, 366, 380, 381, 382, 385, 386, 388, 389, 392, 395, 398, 411, 414, 421, 425, 429, 432, 445, 448, 449, 450, 453, 456, 457, 458, 461, 462, 465, 468, 471, 475, 476, 479, 480, 483, 486, 488, 493, 496, 499, 511, 512, 513, 514, 515, 519, 5
[...]
nt_covered": 100.0, "percent_covered_display": "100.00", "missing_lines": 0, "excluded_lines": 1}, "missing_lines": [], "excluded_lines": [15]}}, "classes": {"DataSourceError": {"executed_lines": [], "summary": {"covered_lines": 0, "num_statements": 0, "percent_covered": 100.0, "percent_covered_display": "100.00", "missing_lines": 0, "excluded_lines": 0}, "missing_lines": [], "excluded_lines": []}, "DataNotFoundError": {"executed_lines": [34, 35, 36, 39, 40, 41, 42, 43, 44], "summary": {"covered_lines": 9, "num_statements": 9, "percent_covered": 100.0, "percent_covered_display": "100.00", "missing_lines": 0, "excluded_lines": 0}, "missing_lines": [], "excluded_lines": []}, "ValidationError": {"executed_lines": [63, 64, 65, 68, 69, 70, 71, 72, 73], "summary": {"covered_lines": 9, "num_statements": 9, "percent_covered": 100.0, "percent_covered_display": "100.00", "missing_lines": 0, "excluded_lines": 0}, "missing_lines": [], "excluded_lines": []}, "ParseError": {"executed_lines": [92, 93, 94, 97, 98, 99, 100, 101, 102], "summary": {"covered_lines": 9, "num_statements": 9, "percent_covered": 100.0, "percent_covered_display": "100.00", "missing_lines": 0, "excluded_lines": 0}, "missing_lines": [], "excluded_lines": []}, "NetworkError": {"executed_lines": [122, 123, 124, 125, 128, 129, 130, 131, 132, 133, 134, 135], "summary": {"covered_lines": 12, "num_statements": 12, "percent_covered": 100.0, "percent_covered_display": "100.00", "missing_lines": 0, "excluded_lines": 0}, "missing_lines": [], "excluded_lines": []}, "": {"executed_lines": [1, 8, 9, 15, 18, 19, 33, 38, 47, 48, 62, 67, 76, 77, 91, 96, 105, 106, 121, 127, 140, 141, 142, 143], "summary": {"covered_lines": 17, "num_statements": 17, "percent_covered": 100.0, "percent_covered_display": "100.00", "missing_lines": 0, "excluded_lines": 1}, "missing_lines": [], "excluded_lines": [15]}}}, "src/bolster/stats/distributions.py": {"executed_lines": [1, 2, 4, 5, 6, 7, 10, 13, 103, 104, 105, 106, 108, 109, 110, 112, 113, 115, 119], "summary": {"covered_lines": 18, "num_statements": 18, "percent_covered": 100.0, "percent_covered_display": "100.00", "missing_lines": 0, "excluded_lines": 61}, "missing_lines": [], "excluded_lines": [119, 120, 121, 122, 123, 124, 125, 126, 127, 128, 129, 130, 131, 132, 133, 134, 135, 136, 137, 138, 139, 140, 141, 142, 143, 144, 145, 146, 147, 148, 149, 150, 151, 152, 153, 154, 155, 156, 157, 158, 159, 160, 161, 162, 163, 164, 165, 166, 167, 168, 169, 170, 171, 172, 173, 174, 175, 176, 177, 178, 179], "functions": {"_get_available_distributions": {"executed_lines": [13, 103, 104, 105, 106, 108, 109, 110, 112, 113, 115], "summary": {"covered_lines": 11, "num_statements": 11, "percent_covered": 100.0, "percent_covered_display": "100.00", "missing_lines": 0, "excluded_lines": 0}, "missing_lines": [], "excluded_lines": []}, "best_fit_distribution": {"executed_lines": [], "summary": {"covered_lines": 0, "num_statements": 0, "percent_covered": 100.0, "percent_covered_display": "100.00", "missing_lines": 0, "excluded_lines": 60}, "missing_lines": [], "excluded_lines": [120, 121, 122, 123, 124, 125, 126, 127, 128, 129, 130, 131, 132, 133, 134, 135, 136, 137, 138, 139, 140, 141, 142, 143, 144, 145, 146, 147, 148, 149, 150, 151, 152, 153, 154, 155, 156, 157, 158, 159, 160, 161, 162, 163, 164, 165, 166, 167, 168, 169, 170, 171, 172, 173, 174, 175, 176, 177, 178, 179]}, "": {"executed_lines": [1, 2, 4, 5, 6, 7, 10, 119], "summary": {"covered_lines": 7, "num_statements": 7, "percent_covered": 100.0, "percent_covered_display": "100.00", "missing_lines": 0, "excluded_lines": 1}, "missing_lines": [], "excluded_lines": [119]}}, "classes": {"": {"executed_lines": [1, 2, 4, 5, 6, 7, 10, 13, 103, 104, 105, 106, 108, 109, 110, 112, 113, 115, 119], "summary": {"covered_lines": 18, "num_statements": 18, "percent_covered": 100.0, "percent_covered_display": "100.00", "missing_lines": 0, "excluded_lines": 61}, "missing_lines": [], "excluded_lines": [119, 120, 121, 122, 123, 124, 125, 126, 127, 128, 129, 130, 131, 132, 133, 134, 135, 136, 137, 138, 139, 140, 141, 142, 143, 144, 145, 146, 147, 148, 149, 150, 151, 152, 153, 154, 155, 156, 157, 158, 159, 160, 161, 162, 163, 164, 165, 166, 167, 168, 169, 170, 171, 172, 173, 174, 175, 176, 177, 178, 179]}}}, "src/bolster/utils/cache.py": {"executed_lines": [1, 17, 18, 19, 20, 21, 23, 25, 28, 31, 32, 34, 37, 38, 40, 43, 56, 59, 60, 77, 78, 79, 80, 81, 83, 93, 94, 95, 97, 98, 99, 100, 101, 103, 105, 123, 124, 125, 126, 129, 130, 131, 133, 134, 136, 137, 139, 140, 141, 142, 144, 145, 147], "summary": {"covered_lines": 47, "num_statements": 58, "percent_covered": 81.03448275862068, "percent_covered_display": "81.03", "missing_lines": 11, "excluded_lines": 3}, "missing_lines": [156, 157, 159, 161, 162, 163, 164, 165, 166, 168, 169], "excluded_lines": [34, 40, 106], "functions": {"hash_url": {"executed_lines": [56], "summary": {"covered_lines": 1, "num_statements": 1, "percent_covered": 100.0, "percent_covered_display": "100.00", "missing_lines": 0, "excluded_lines": 0}, "missing_lines": [], "excluded_lines": []}, "CachedDownloader.__init__": {"executed_lines": [78, 79, 80, 81], "summary": {"covered_lines": 4, "num_statements": 4, "percent_covered": 100.0, "percent_covered_display": "100.00", "missing_lines": 0, "excluded_lines": 0}, "missing_lines": [], "excluded_lines": []}, "CachedDownloader.get_cached_file": {"executed_lines": [93, 94, 95, 97, 98, 99, 100, 101, 103], "summary": {"covered_lines": 9, "num_statements": 9, "percent_covered": 100.0, "percent_covered_display": "100.00", "missing_lines": 0, "excluded_lines": 0}, "missing_lines": [], "excluded_lines": []}, "CachedDownloader.download": {"executed_lines": [123, 124, 125, 126, 129, 130, 131, 133, 134, 136, 137, 139, 140, 141, 142, 144, 145], "summary": {"covered_lines": 17, "num_statements": 17, "percent_covered": 100.0, "percent_covered_display": "100.00", "missing_lines": 0, "excluded_lines": 1}, "missing_lines": [], "excluded_lines": [106]}, "CachedDownloader.clear": {"executed_lines": [], "summary": {"covered_lines": 0, "num_statements": 11, "percent_covered": 0.0, "percent_covered_display": "0.00", "missing_lines": 11, "excluded_lines": 0}, "missing_lines": [156, 157, 159, 161, 162, 163, 164, 165, 166, 168, 169], "excluded_lines": []}, "": {"executed_lines": [1, 17, 18, 19, 20, 21, 23, 25, 28, 31, 32, 34, 37, 38, 40, 43, 59, 60, 77, 83, 105, 147], "summary": {"covered_lines": 16, "num_statements": 16, "percent_covered": 100.0, "percent_covered_display": "100.00", "missing_lines": 0, "excluded_lines": 2}, "missing_lines": [], "excluded_lines": [34, 40]}}, "classes": {"CacheError": {"executed_lines": [], "summary": {"covered_lines": 0, "num_statements": 0, "percent_covered": 100.0, "percent_covered_display": "100.00", "missing_lines": 0, "excluded_lines": 0}, "missing_lines": [], "excluded_lines": []}, "DownloadError": {"executed_lines": [], "summary": {"covered_lines": 0, "num_statements": 0, "percent_covered": 100.0, "percent_covered_display": "100.00", "missing_lines": 0, "excluded_lines": 0}, "missing_lines": [], "excluded_lines": []}, "CachedDownloader": {"executed_lines": [78, 79, 80, 81, 93, 94, 95, 97, 98, 99, 100, 101, 103, 123, 124, 125, 126, 129, 130, 131, 133, 134, 136, 137, 139, 140, 141, 142, 144, 145], "summary": {"covered_lines": 30, "num_statements": 41, "percent_covered": 73.17073170731707, "percent_covered_display": "73.17", "missing_lines": 11, "excluded_lines": 1}, "missing_lines": [156, 157, 159, 161, 162, 163, 164, 165, 166, 168, 169], "excluded_lines": [106]}, "": {"executed_lines": [1, 17, 18, 19, 20, 21, 23, 25, 28, 31, 32, 34, 37, 38, 40, 43, 56, 59, 60, 77, 83, 105, 147], "summary": {"covered_lines": 17, "num_statements": 17, "percent_covered": 100.0, "percent_covered_display": "100.00", "missing_lines": 0, "excluded_lines": 2}, "missing_lines": [], "excluded_lines": [34, 40]}}}, "src/bolster/utils/deco.py": {"executed_lines": [0], "summary": {"covered_lines": 0, "num_statements": 0, "percent_covered": 100.0, "percent_covered_display": "100.00", "missing_lines": 0, "excluded_lines": 0}, "missing_lines": [], "excluded_lines": [], "functions": {"": {"executed_lines": [], "summary": {"covered_lines": 0, "num_statements": 0, "percent_covered": 100.0, "percent_covered_display": "100.00", "missing_lines": 0, "excluded_lines": 0}, "missing_lines": [], "excluded_lines": []}}, "classes": {"": {"executed_lines": [], "summary": {"covered_lines": 0, "num_statements": 0, "percent_covered": 100.0, "percent_covered_display": "100.00", "missing_lines": 0, "excluded_lines": 0}, "missing_lines": [], "excluded_lines": []}}}, "src/bolster/utils/dt.py": {"executed_lines": [1, 2, 5, 19, 22, 36, 38, 41, 60], "summary": {"covered_lines": 9, "num_statements": 9, "percent_covered": 100.0, "percent_covered_display": "100.00", "missing_lines": 0, "excluded_lines": 0}, "missing_lines": [], "excluded_lines": [], "functions": {"round_to_week": {"executed_lines": [19], "summary": {"covered_lines": 1, "num_statements": 1, "percent_covered": 100.0, "percent_covered_display": "100.00", "missing_lines": 0, "excluded_lines": 0}, "missing_lines": [], "excluded_lines": []}, "round_to_month": {"executed_lines": [36, 38], "summary": {"covered_lines": 2, "num_statements": 2, "percent_covered": 100.0, "percent_covered_display": "100.00", "missing_lines": 0, "excluded_lines": 0}, "missing_lines": [], "excluded_lines": []}, "utc_midnight_on": {"executed_lines": [60], "summary": {"covered_lines": 1, "num_statements": 1, "percent_covered": 100.0, "percent_covered_display": "100.00", "missing_lines": 0, "excluded_lines": 0}, "missing_lines": [], "excluded_lines": []}, "": {"executed_lines": [1, 2, 5, 22, 41], "summary": {"covered_lines": 5, "num_statements": 5, "percent_covered": 100.0, "percent_covered_display": "100.00", "missing_lines": 0, "excluded_lines": 0}, "missing_lines": [], "excluded_lines": []}}, "classes": {"": {"executed_lines": [1, 2, 5, 19, 22, 36, 38, 41, 60], "summary": {"covered_lines": 9, "num_statements": 9, "percent_covered": 100.0, "percent_covered_display": "100.00", "missing_lines": 0, "excluded_lines": 0}, "missing_lines": [], "excluded_lines": []}}}, "src/bolster/utils/io.py": {"executed_lines": [1, 3, 6], "summary": {"covered_lines": 3, "num_statements": 6, "percent_covered": 50.0, "percent_covered_display": "50.00", "missing_lines": 3, "excluded_lines": 0}, "missing_lines": [11, 12, 13], "excluded_lines": [], "functions": {"save_xls": {"executed_lines": [], "summary": {"covered_lines": 0, "num_statements": 3, "percent_covered": 0.0, "percent_covered_display": "0.00", "missing_lines": 3, "excluded_lines": 0}, "missing_lines": [11, 12, 13], "excluded_lines": []}, "": {"executed_lines": [1, 3, 6], "summary": {"covered_lines": 3, "num_statements": 3, "percent_covered": 100.0, "percent_covered_display": "100.00", "missing_lines": 0, "excluded_lines": 0}, "missing_lines": [], "excluded_lines": []}}, "classes": {"": {"executed_lines": [1, 3, 6], "summary": {"covered_lines": 3, "num_statements": 6, "percent_covered": 50.0, "percent_covered_display": "50.00", "missing_lines": 3, "excluded_lines": 0}, "missing_lines": [11, 12, 13], "excluded_lines": []}}}, "src/bolster/utils/rss.py": {"executed_lines": [1, 7, 8, 9, 10, 12, 13, 15, 17, 20, 21, 22, 24, 25, 26, 27, 28, 29, 30, 31, 32, 34, 36, 37, 39, 41, 54, 55, 56, 58, 59, 60, 61, 62, 63, 65, 67, 68, 70, 82, 91, 92, 94, 95, 96, 97, 98, 101, 111, 112, 116, 117, 118, 125, 126, 127, 128, 135, 136, 139, 140, 144, 147, 148, 150, 153, 166, 187, 188, 189, 190, 191, 192, 195, 197, 199, 200, 201, 202, 203, 206, 209, 210, 211, 212, 219, 221, 231, 258, 261, 262, 263, 266, 267, 270, 271, 272, 273, 274, 276, 277, 278, 279, 280, 282, 285, 300, 301, 308, 314], "summary": {"covered_lines": 107, "num_statements": 122, "percent_covered": 87.70491803278688, "percent_covered_display": "87.70", "missing_lines": 15, "excluded_lines": 3}, "missing_lines": [72, 113, 119, 120, 121, 122, 129, 130, 131, 141, 149, 151, 213, 214, 215], "excluded_lines": [123, 132, 216], "functions": {"FeedEntry.__post_init__": {"executed_lines": [36, 37], "summary": {"covered_lines": 2, "num_statements": 2, "percent_covered": 100.0, "percent_covered_display": "100.00", "missing_lines": 0, "excluded_lines": 0}, "missing_lines": [], "excluded_lines": []}, "FeedEntry.to_dict": {"executed_lines": [41], "summary": {"covered_lines": 1, "num_statements": 1, "percent_covered": 100.0, "percent_covered_display": "100.00", "missing_lines": 0, "excluded_lines": 0}, "missing_lines": [], "excluded_lines": []}, "Feed.__post_init__": {"executed_lines": [67, 68], "summary": {"covered_lines": 2, "num_statements": 2, "percent_covered": 100.0, "percent_covered_display": "100.00", "missing_lines": 0, "excluded_lines": 0}, "missing_lines": [], "excluded_lines": []}, "Feed.to_dict": {"executed_lines": [], "summary": {"covered_lines": 0, "num_statements": 1, "percent_covered": 0.0, "percent_covered_display": "0.00", "missing_lines": 1, "excluded_lines": 0}, "missing_lines": [72], "excluded_lines": []}, "parse_date": {"executed_lines": [91, 92, 94, 95, 96, 97, 98], "summary": {"covered_lines": 7, "num_statements": 7, "percent_covered": 100.0, "percent_covered_display": "100.00", "missing_lines": 0, "excluded_lines": 0}, "missing_lines": [], "excluded_lines": []}, "parse_feed_entry": {"executed_lines": [111, 112, 116, 117, 118, 125, 126, 127, 128, 135, 136, 139, 140, 144, 147, 148, 150, 153], "summary": {"covered_lines": 18, "num_statements": 29, "percent_covered": 62.06896551724138, "percent_covered_display": "62.07", "missing_lines": 11, "excluded_lines": 2}, "missing_lines": [113, 119, 120, 121, 122, 129, 130, 131, 141, 149, 151], "excluded_lines": [123, 132]}, "parse_rss_feed": {"executed_lines": [187, 188, 189, 190, 191, 192, 195, 197, 199, 200, 201, 202, 203, 206, 209, 210, 211, 212, 219, 221], "summary": {"covered_lines": 20, "num_statements": 23, "percent_covered": 86.95652173913044, "percent_covered_display": "86.96", "missing_lines": 3, "excluded_lines": 1}, "missing_lines": [213, 214, 215], "excluded_lines": [216]}, "filter_entries": {"executed_lines": [258, 261, 262, 263, 266, 267, 270, 271, 272, 273, 274, 276, 277, 278, 279, 280, 282], "summary": {"covered_lines": 17, "num_statements": 17, "percent_covered": 100.0, "percent_covered_display": "100.00", "missing_lines": 0, "excluded_lines": 0}, "missing_lines": [], "excluded_lines": []}, "get_nisra_statistics_feed": {"executed_lines": [300, 301, 308, 314], "summary": {"covered_lines": 4, "num_statements": 4, "percent_covered": 100.0, "percent_covered_display": "100.00", "missing_lines": 0, "excluded_lines": 0}, "missing_lines": [], "excluded_lines": []}, "": {"executed_lines": [1, 7, 8, 9, 10, 12, 13, 15, 17, 20, 21, 22, 24, 25, 26, 27, 28, 29, 30, 31, 32, 34, 39, 54, 55, 56, 58, 59, 60, 61, 62, 63, 65, 70, 82, 101, 166, 231, 285], "summary": {"covered_lines": 36, "num_statements": 36, "percent_covered": 100.0, "percent_covered_display": "100.00", "missing_lines": 0, "excluded_lines": 0}, "missing_lines": [], "excluded_lines": []}}, "classes": {"FeedEntry": {"executed_lines": [36, 37, 41], "summary": {"covered_lines": 3, "num_statements": 3, "percent_covered": 100.0, "percent_covered_display": "100.00", "missing_lines": 0, "excluded_lines": 0}, "missing_lines": [], "excluded_lines": []}, "Feed": {"executed_lines": [67, 68], "summary": {"covered_lines": 2, "num_statements": 3, "percent_covered": 66.66666666666667, "percent_covered_display": "66.67", "missing_lines": 1, "excluded_lines": 0}, "missing_lines": [72], "excluded_lines": []}, "": {"executed_lines": [1, 7, 8, 9, 10, 12, 13, 15, 17, 20, 21, 22, 24, 25, 26, 27, 28, 29, 30, 31, 32, 34, 39, 54, 55, 56, 58, 59, 60, 61, 62, 63, 65, 70, 82, 91, 92, 94, 95, 96, 97, 98, 101, 111, 112, 116, 117, 118, 125, 126, 127, 128, 135, 136, 139, 140, 144, 147, 148, 150, 153, 166, 187, 188, 189, 190, 191, 192, 195, 197, 199, 200, 201, 202, 203, 206, 209, 210, 211, 212, 219, 221, 231, 258, 261, 262, 263, 266, 267, 270, 271, 272, 273, 274, 276, 277, 278, 279, 280, 282, 285, 300, 301, 308, 314], "summary": {"covered_lines": 102, "num_statements": 116, "percent_covered": 87.93103448275862, "percent_covered_display": "87.93", "missing_lines": 14, "excluded_lines": 3}, "missing_lines": [113, 119, 120, 121, 122, 129, 130, 131, 141, 149, 151, 213, 214, 215], "excluded_lines": [123, 132, 216]}}}, "src/bolster/utils/web.py": {"executed_lines": [1, 2, 3, 4, 5, 7, 8, 9, 10, 11, 13, 15, 16, 19, 20, 22, 25, 26, 27, 28, 32, 46, 48, 50, 58, 63, 72, 74, 75, 76, 77, 80, 81, 84, 90, 91, 92, 93, 94, 95, 96, 97, 101, 104, 107, 108, 109, 110, 112, 113, 114, 115, 116, 119, 124, 125, 126, 127, 128, 129], "summary": {"covered_lines": 59, "num_statements": 71, "percent_covered": 83.09859154929578, "percent_covered_display": "83.10", "missing_lines": 12, "excluded_lines": 0}, "missing_lines": [29, 35, 37, 38, 39, 43, 51, 52, 53, 98, 99, 100], "excluded_lines": [], "functions": {"RateLimitAwareRetry.get_backoff_time": {"executed_lines": [25, 26, 27, 28, 32, 46], "summary": {"covered_lines": 6, "num_statements": 12, "percent_covered": 50.0, "percent_covered_display": "50.00", "missing_lines": 6, "excluded_lines": 0}, "missing_lines": [29, 35, 37, 38, 39, 43], "excluded_lines": []}, "RateLimitAwareRetry.increment": {"executed_lines": [50, 58], "summary": {"covered_lines": 2, "num_statements": 5, "percent_covered": 40.0, "percent_covered_display": "40.00", "missing_lines": 3, "excluded_lines": 0}, "missing_lines": [51, 52, 53], "excluded_lines": []}, "get_last_valid": {"executed_lines": [81], "summary": {"covered_lines": 1, "num_statements": 1, "percent_covered": 100.0, "percent_covered_display": "100.00", "missing_lines": 0, "excluded_lines": 0}, "missing_lines": [], "excluded_lines": []}, "resilient_get": {"executed_lines": [90, 91, 92, 93, 94, 95, 96, 97, 101], "summary": {"covered_lines": 9, "num_statements": 12, "percent_covered": 75.0, "percent_covered_display": "75.00", "missing_lines": 3, "excluded_lines": 0}, "missing_lines": [98, 99, 100], "excluded_lines": []}, "get_excel_dataframe": {"executed_lines": [107, 108, 109, 110, 112, 113, 114, 115, 116], "summary": {"covered_lines": 9, "num_statements": 9, "percent_covered": 100.0, "percent_covered_display": "100.00", "missing_lines": 0, "excluded_lines": 0}, "missing_lines": [], "excluded_lines": []}, "download_extract_zip": {"executed_lines": [124, 125, 126, 127, 128, 129], "summary": {"covered_lines": 6, "num_statements": 6, "percent_covered": 100.0, "percent_covered_display": "100.00", "missing_lines": 0, "excluded_lines": 0}, "missing_lines": [], "excluded_lines": []}, "": {"executed_lines": [1, 2, 3, 4, 5, 7, 8, 9, 10, 11, 13, 15, 16, 19, 20, 22, 48, 63, 72, 74, 75, 76, 77, 80, 84, 104, 119], "summary": {"covered_lines": 26, "num_statements": 26, "percent_covered": 100.0, "percent_covered_display": "100.00", "missing_lines": 0, "excluded_lines": 0}, "missing_lines": [], "excluded_lines": []}}, "classes": {"RateLimitAwareRetry": {"executed_lines": [25, 26, 27, 28, 32, 46, 50, 58], "summary": {"covered_lines": 8, "num_statements": 17, "percent_covered": 47.05882352941177, "percent_covered_display": "47.06", "missing_lines": 9, "excluded_lines": 0}, "missing_lines": [29, 35, 37, 38, 39, 43, 51, 52, 53], "excluded_lines": []}, "": {"executed_lines": [1, 2, 3, 4, 5, 7, 8, 9, 10, 11, 13, 15, 16, 19, 20, 22, 48, 63, 72, 74, 75, 76, 77, 80, 81, 84, 90, 91, 92, 93, 94, 95, 96, 97, 101, 104, 107, 108, 109, 110, 112, 113, 114, 115, 116, 119, 124, 125, 126, 127, 128, 129], "summary": {"covered_lines": 51, "num_statements": 54, "percent_covered": 94.44444444444444, "percent_covered_display": "94.44", "missing_lines": 3, "excluded_lines": 0}, "missing_lines": [98, 99, 100], "excluded_lines": []}}}}, "totals": {"covered_lines": 3952, "num_statements": 6305, "percent_covered": 62.68041237113402, "percent_covered_display": "62.68", "missing_lines": 2353, "excluded_lines": 813}}
