{"meta": {"format": 3, "version": "7.10.7", "timestamp": "2026-02-16T12:30:39.040466", "branch_coverage": false, "show_contexts": false}, "files": {"src/bolster/cli.py": {"executed_lines": [1, 3, 4, 5, 7, 8, 9, 10, 11, 13, 14, 15, 16, 17, 18, 19, 20, 21, 22, 23, 24, 25, 26, 27, 28, 29, 30, 31, 32, 33, 34, 35, 36, 37, 40, 41, 42, 43, 89, 91, 94, 95, 100, 105, 110, 131, 132, 133, 134, 135, 138, 139, 140, 141, 142, 143, 144, 145, 146, 147, 148, 149, 150, 153, 154, 155, 156, 157, 158, 159, 162, 167, 168, 169, 170, 177, 248, 249, 256, 257, 296, 297, 298, 299, 306, 384, 385, 392, 393, 440, 441, 442, 448, 449, 456, 457, 458, 459, 625, 626, 627, 634, 635, 722, 723, 729, 736, 737, 855, 856, 865, 866, 867, 868, 869, 870, 871, 872, 999, 1000, 1001, 1002, 1003, 1006, 1007, 1149, 1150, 1165, 1166, 1167, 1168, 1169, 1170, 1273, 1274, 1275, 1281, 1288, 1289, 1290, 1433, 1434, 1435, 1441, 1448, 1449, 1450, 1638, 1639, 1640, 1646, 1653, 1654, 1655, 1822, 1823, 1824, 1833, 1838, 1845, 1846, 1847, 1982, 1983, 1984, 1985, 1992, 1993, 1994, 2125, 2126, 2127, 2128, 2135, 2136, 2137, 2138, 2261, 2262, 2263, 2264, 2270, 2276, 2283, 2284, 2285, 2286, 2287, 2543, 2544, 2545, 2554, 2561, 2562, 2563, 2564, 2565, 2765, 2766, 2767, 2768, 2769, 2770, 2777, 2778, 2779, 2780, 2942, 2943, 2944, 2945, 2946, 2947, 2948, 2955, 2956, 2957, 2958, 2959, 3101, 3102, 3103, 3104, 3105, 3106, 3107, 3114, 3115, 3116, 3117, 3118, 3259, 3260, 3261, 3262, 3263, 3264, 3265, 3272, 3273, 3274, 3275, 3276, 3422, 3423, 3424, 3430, 3435, 3441, 3442, 3449, 3450, 3451, 3452, 3615, 3616, 3617, 3623, 3624, 3625, 3632, 3633, 3634, 3815, 3816, 3817, 3823, 3824, 3831, 3832, 3833, 3986, 3987, 3988, 3994, 4000, 4001, 4008, 4009, 4010, 4011, 4183, 4184, 4185, 4186, 4187, 4188, 4194, 4195, 4196, 4203, 4204, 4205, 4485, 4486, 4499, 4500, 4501, 4507, 4512, 4519, 4520, 4521, 4643, 4644, 4716], "summary": {"covered_lines": 302, "num_statements": 2086, "percent_covered": 14.477468839884947, "percent_covered_display": "14.48", "missing_lines": 1784, "excluded_lines": 28}, "missing_lines": [90, 164, 189, 190, 192, 193, 195, 196, 197, 198, 201, 202, 203, 204, 206, 207, 208, 209, 210, 212, 215, 216, 218, 219, 220, 221, 223, 226, 227, 228, 229, 231, 232, 233, 234, 235, 237, 238, 239, 240, 241, 242, 243, 244, 245, 268, 269, 271, 272, 273, 274, 275, 278, 279, 280, 283, 284, 285, 286, 288, 289, 290, 292, 293, 317, 319, 320, 321, 322, 323, 324, 325, 326, 328, 329, 332, 333, 334, 335, 337, 338, 340, 341, 342, 343, 344, 345, 346, 348, 351, 352, 354, 356, 357, 358, 359, 360, 361, 362, 364, 366, 367, 369, 371, 373, 374, 375, 376, 377, 378, 379, 380, 381, 404, 405, 406, 408, 409, 410, 412, 413, 414, 416, 417, 420, 421, 422, 423, 424, 427, 428, 429, 430, 431, 432, 434, 436, 437, 480, 482, 483, 485, 486, 488, 491, 492, 493, 495, 496, 498, 501, 502, 504, 505, 508, 509, 510, 511, 513, 516, 517, 518, 519, 521, 524, 525, 526, 529, 531, 533, 536, 537, 538, 540, 543, 545, 546, 547, 548, 550, 551, 552, 553, 555, 557, 558, 561, 562, 563, 564, 566, 567, 568, 571, 572, 573, 574, 575, 577, 580, 581, 582, 583, 584, 587, 588, 590, 591, 593, 594, 596, 597, 598, 599, 600, 601, 604, 605, 606, 607, 608, 610, 612, 613, 615, 617, 618, 619, 620, 622, 647, 648, 650, 651, 652, 655, 656, 657, 658, 659, 662, 663, 664, 666, 667, 668, 669, 670, 671, 672, 673, 675, 677, 678, 679, 680, 681, 684, 685, 686, 689, 690, 691, 692, 694, 695, 696, 697, 698, 699, 701, 703, 704, 705, 706, 707, 708, 709, 710, 711, 712, 713, 714, 715, 716, 718, 719, 749, 750, 753, 755, 756, 757, 758, 761, 764, 766, 769, 770, 771, 772, 773, 775, 776, 777, 778, 780, 781, 782, 784, 785, 788, 789, 790, 791, 792, 793, 794, 795, 796, 797, 798, 799, 800, 801, 802, 803, 804, 807, 808, 810, 811, 812, 813, 815, 816, 817, 818, 820, 822, 823, 824, 825, 827, 829, 830, 831, 832, 834, 835, 837, 838, 839, 840, 841, 842, 843, 845, 847, 849, 851, 852, 902, 904, 905, 906, 909, 910, 911, 919, 920, 922, 924, 935, 937, 940, 941, 943, 944, 946, 947, 948, 950, 952, 953, 955, 957, 965, 966, 968, 977, 979, 980, 992, 994, 995, 996, 1048, 1050, 1051, 1052, 1055, 1056, 1057, 1064, 1065, 1067, 1069, 1080, 1082, 1084, 1085, 1086, 1087, 1089, 1092, 1093, 1095, 1096, 1098, 1099, 1102, 1103, 1104, 1105, 1107, 1109, 1110, 1111, 1113, 1114, 1116, 1117, 1119, 1128, 1130, 1131, 1142, 1144, 1145, 1146, 1186, 1188, 1189, 1191, 1193, 1196, 1219, 1220, 1222, 1225, 1226, 1227, 1230, 1231, 1234, 1236, 1237, 1238, 1241, 1242, 1243, 1245, 1246, 1248, 1249, 1250, 1252, 1254, 1255, 1256, 1257, 1258, 1259, 1260, 1261, 1263, 1265, 1267, 1269, 1270, 1347, 1349, 1350, 1351, 1352, 1354, 1355, 1356, 1359, 1360, 1361, 1362, 1364, 1365, 1366, 1367, 1368, 1370, 1371, 1372, 1373, 1374, 1377, 1378, 1379, 1381, 1382, 1385, 1386, 1388, 1389, 1392, 1393, 1395, 1396, 1397, 1398, 1399, 1400, 1401, 1402, 1403, 1404, 1407, 1408, 1410, 1412, 1413, 1415, 1417, 1418, 1419, 1420, 1422, 1424, 1425, 1426, 1427, 1429, 1430, 1531, 1533, 1534, 1535, 1536, 1538, 1539, 1540, 1541, 1547, 1548, 1549, 1550, 1551, 1552, 1555, 1556, 1557, 1558, 1560, 1561, 1562, 1563, 1564, 1565, 1566, 1567, 1571, 1572, 1573, 1574, 1575, 1576, 1577, 1578, 1579, 1582, 1583, 1584, 1586, 1587, 1590, 1591, 1593, 1594, 1597, 1598, 1600, 1601, 1602, 1603, 1604, 1605, 1606, 1607, 1608, 1609, 1612, 1613, 1615, 1617, 1618, 1620, 1622, 1623, 1624, 1625, 1627, 1629, 1630, 1631, 1632, 1634, 1635, 1729, 1731, 1732, 1733, 1734, 1736, 1737, 1738, 1741, 1742, 1743, 1744, 1746, 1747, 1748, 1749, 1750, 1751, 1755, 1756, 1757, 1758, 1759, 1760, 1765, 1766, 1767, 1769, 1770, 1773, 1774, 1776, 1777, 1780, 1781, 1783, 1784, 1785, 1786, 1787, 1788, 1789, 1790, 1791, 1792, 1795, 1796, 1798, 1800, 1801, 1803, 1806, 1807, 1808, 1809, 1811, 1813, 1814, 1815, 1816, 1818, 1819, 1918, 1920, 1921, 1922, 1923, 1925, 1926, 1927, 1930, 1931, 1932, 1933, 1934, 1936, 1937, 1939, 1940, 1941, 1944, 1945, 1946, 1947, 1950, 1951, 1952, 1953, 1955, 1956, 1957, 1958, 1959, 1960, 1961, 1962, 1963, 1964, 1967, 1968, 1971, 1973, 1974, 1975, 1976, 1978, 1979, 2052, 2054, 2055, 2056, 2057, 2059, 2060, 2061, 2064, 2065, 2066, 2067, 2068, 2070, 2071, 2073, 2074, 2075, 2076, 2079, 2080, 2082, 2083, 2084, 2085, 2087, 2088, 2089, 2090, 2093, 2094, 2095, 2096, 2098, 2099, 2100, 2101, 2102, 2103, 2104, 2105, 2106, 2107, 2110, 2111, 2114, 2116, 2117, 2118, 2119, 2121, 2122, 2180, 2182, 2183, 2184, 2186, 2187, 2188, 2191, 2192, 2193, 2194, 2195, 2198, 2199, 2200, 2202, 2203, 2204, 2206, 2207, 2211, 2213, 2214, 2216, 2217, 2218, 2219, 2221, 2222, 2224, 2225, 2226, 2228, 2229, 2230, 2231, 2234, 2235, 2236, 2237, 2239, 2240, 2241, 2242, 2243, 2244, 2247, 2248, 2250, 2252, 2253, 2254, 2255, 2257, 2258, 2373, 2375, 2376, 2377, 2379, 2381, 2382, 2383, 2385, 2386, 2388, 2391, 2393, 2394, 2396, 2397, 2398, 2399, 2400, 2401, 2404, 2405, 2406, 2408, 2409, 2410, 2411, 2412, 2415, 2421, 2422, 2423, 2424, 2425, 2426, 2427, 2428, 2430, 2432, 2433, 2435, 2438, 2439, 2440, 2441, 2442, 2445, 2446, 2447, 2449, 2450, 2451, 2452, 2454, 2455, 2456, 2457, 2462, 2463, 2464, 2465, 2466, 2467, 2470, 2480, 2481, 2483, 2484, 2488, 2490, 2491, 2493, 2494, 2495, 2496, 2499, 2500, 2501, 2502, 2503, 2504, 2506, 2507, 2508, 2509, 2510, 2513, 2514, 2515, 2516, 2518, 2519, 2520, 2521, 2522, 2523, 2524, 2525, 2526, 2529, 2530, 2532, 2534, 2535, 2536, 2537, 2539, 2540, 2621, 2622, 2624, 2626, 2627, 2628, 2629, 2631, 2632, 2635, 2645, 2647, 2648, 2650, 2651, 2652, 2653, 2654, 2655, 2657, 2658, 2666, 2669, 2670, 2672, 2673, 2674, 2675, 2679, 2681, 2683, 2684, 2686, 2687, 2688, 2689, 2690, 2691, 2692, 2694, 2695, 2704, 2707, 2708, 2709, 2710, 2711, 2712, 2714, 2717, 2718, 2719, 2720, 2722, 2723, 2726, 2727, 2728, 2729, 2730, 2731, 2732, 2735, 2736, 2737, 2738, 2740, 2741, 2742, 2743, 2744, 2745, 2746, 2747, 2748, 2751, 2752, 2754, 2756, 2757, 2758, 2759, 2761, 2762, 2858, 2860, 2861, 2862, 2863, 2865, 2866, 2867, 2870, 2871, 2872, 2873, 2874, 2876, 2877, 2879, 2880, 2881, 2882, 2885, 2886, 2887, 2888, 2889, 2890, 2893, 2894, 2896, 2897, 2898, 2899, 2900, 2901, 2902, 2903, 2904, 2906, 2907, 2910, 2911, 2912, 2913, 2915, 2916, 2917, 2918, 2919, 2920, 2921, 2922, 2923, 2924, 2927, 2928, 2931, 2933, 2934, 2935, 2936, 2938, 2939, 3026, 3028, 3029, 3030, 3032, 3033, 3034, 3037, 3038, 3041, 3042, 3043, 3044, 3046, 3047, 3048, 3050, 3051, 3053, 3054, 3055, 3056, 3059, 3060, 3062, 3063, 3064, 3065, 3066, 3067, 3068, 3069, 3071, 3072, 3075, 3076, 3077, 3078, 3080, 3081, 3082, 3083, 3084, 3085, 3088, 3089, 3091, 3093, 3094, 3095, 3096, 3098, 3184, 3186, 3187, 3188, 3190, 3191, 3192, 3195, 3196, 3199, 3200, 3201, 3202, 3204, 3205, 3206, 3208, 3209, 3211, 3212, 3213, 3214, 3217, 3218, 3220, 3221, 3222, 3223, 3224, 3225, 3226, 3227, 3229, 3230, 3233, 3234, 3235, 3236, 3238, 3239, 3240, 3241, 3242, 3243, 3246, 3247, 3249, 3251, 3252, 3253, 3254, 3256, 3344, 3346, 3347, 3348, 3350, 3351, 3352, 3355, 3356, 3359, 3360, 3361, 3362, 3364, 3365, 3366, 3368, 3369, 3371, 3372, 3373, 3374, 3377, 3378, 3380, 3381, 3382, 3383, 3384, 3385, 3386, 3387, 3388, 3389, 3390, 3392, 3393, 3396, 3397, 3398, 3399, 3401, 3402, 3403, 3404, 3405, 3406, 3409, 3410, 3412, 3414, 3415, 3416, 3417, 3419, 3550, 3552, 3553, 3554, 3556, 3558, 3559, 3560, 3561, 3562, 3563, 3566, 3567, 3570, 3571, 3574, 3575, 3577, 3578, 3579, 3581, 3582, 3584, 3585, 3586, 3589, 3590, 3591, 3592, 3594, 3595, 3596, 3597, 3598, 3599, 3602, 3603, 3605, 3607, 3608, 3609, 3610, 3612, 3706, 3708, 3709, 3710, 3712, 3713, 3714, 3715, 3716, 3717, 3720, 3721, 3722, 3723, 3724, 3725, 3726, 3727, 3728, 3729, 3730, 3731, 3734, 3735, 3736, 3737, 3738, 3739, 3740, 3743, 3744, 3745, 3746, 3748, 3749, 3750, 3753, 3754, 3755, 3756, 3757, 3758, 3760, 3761, 3763, 3764, 3765, 3768, 3769, 3770, 3772, 3773, 3776, 3777, 3779, 3780, 3783, 3784, 3786, 3787, 3788, 3789, 3790, 3791, 3794, 3795, 3796, 3797, 3798, 3800, 3802, 3803, 3805, 3807, 3808, 3809, 3810, 3812, 3892, 3894, 3895, 3896, 3897, 3899, 3900, 3901, 3902, 3903, 3904, 3905, 3906, 3907, 3908, 3911, 3912, 3913, 3914, 3915, 3916, 3917, 3918, 3919, 3920, 3922, 3923, 3925, 3926, 3927, 3928, 3930, 3933, 3934, 3935, 3936, 3937, 3938, 3939, 3940, 3941, 3942, 3943, 3944, 3945, 3946, 3947, 3948, 3949, 3950, 3951, 3952, 3953, 3954, 3955, 3956, 3959, 3960, 3961, 3962, 3964, 3965, 3966, 3967, 3968, 3969, 3972, 3973, 3975, 3976, 3978, 3979, 3980, 3981, 3983, 4069, 4071, 4072, 4073, 4074, 4076, 4077, 4079, 4080, 4081, 4082, 4083, 4084, 4085, 4086, 4087, 4088, 4090, 4091, 4092, 4093, 4094, 4095, 4097, 4098, 4101, 4102, 4103, 4104, 4105, 4108, 4109, 4111, 4112, 4114, 4115, 4116, 4117, 4119, 4122, 4123, 4124, 4125, 4126, 4127, 4128, 4129, 4130, 4133, 4134, 4135, 4136, 4137, 4138, 4139, 4140, 4142, 4143, 4144, 4145, 4148, 4149, 4150, 4152, 4153, 4156, 4157, 4158, 4159, 4161, 4162, 4163, 4164, 4165, 4166, 4169, 4170, 4172, 4173, 4175, 4176, 4177, 4178, 4180, 4276, 4278, 4279, 4280, 4281, 4283, 4284, 4285, 4288, 4289, 4290, 4292, 4294, 4295, 4296, 4297, 4298, 4299, 4300, 4301, 4302, 4304, 4305, 4306, 4307, 4309, 4310, 4311, 4312, 4314, 4317, 4318, 4319, 4320, 4321, 4323, 4324, 4327, 4328, 4329, 4330, 4332, 4333, 4334, 4335, 4336, 4337, 4340, 4341, 4343, 4344, 4347, 4348, 4349, 4351, 4352, 4353, 4354, 4356, 4357, 4359, 4361, 4362, 4363, 4364, 4365, 4366, 4367, 4369, 4370, 4373, 4374, 4375, 4377, 4378, 4379, 4380, 4381, 4382, 4383, 4384, 4386, 4387, 4388, 4391, 4392, 4393, 4394, 4395, 4396, 4397, 4400, 4401, 4402, 4403, 4405, 4408, 4409, 4410, 4411, 4412, 4413, 4414, 4415, 4416, 4417, 4418, 4420, 4421, 4422, 4423, 4425, 4426, 4428, 4430, 4431, 4432, 4433, 4434, 4435, 4436, 4437, 4439, 4440, 4441, 4442, 4444, 4445, 4447, 4450, 4451, 4452, 4453, 4454, 4456, 4457, 4459, 4460, 4461, 4462, 4464, 4465, 4466, 4467, 4468, 4469, 4471, 4472, 4474, 4476, 4477, 4478, 4479, 4481, 4482, 4563, 4565, 4567, 4569, 4570, 4572, 4574, 4575, 4576, 4577, 4579, 4580, 4581, 4583, 4584, 4585, 4587, 4588, 4589, 4591, 4592, 4593, 4595, 4596, 4597, 4600, 4601, 4603, 4605, 4607, 4608, 4609, 4610, 4611, 4612, 4613, 4614, 4616, 4617, 4619, 4620, 4622, 4623, 4624, 4626, 4627, 4630, 4631, 4632, 4633, 4634, 4638, 4639, 4640, 4650, 4651, 4653, 4654, 4655, 4657, 4658, 4659, 4661, 4662, 4663, 4664, 4665, 4666, 4667, 4669, 4670, 4671, 4672, 4673, 4675, 4676, 4677, 4679, 4680, 4681, 4683, 4684, 4685, 4686, 4687, 4689, 4690, 4691, 4692, 4693, 4694, 4695, 4696, 4697, 4698, 4699, 4701, 4702, 4703, 4704, 4705, 4706, 4707, 4708, 4709, 4710, 4711, 4713], "excluded_lines": [91, 162, 163, 621, 862, 1151, 1162, 1428, 1633, 1817, 1977, 2120, 2256, 2538, 2760, 2937, 3097, 3255, 3418, 3611, 3811, 3982, 4012, 4179, 4480, 4496, 4716, 4717], "functions": {"cli": {"executed_lines": [89, 91], "summary": {"covered_lines": 1, "num_statements": 2, "percent_covered": 50.0, "percent_covered_display": "50.00", "missing_lines": 1, "excluded_lines": 1}, "missing_lines": [90], "excluded_lines": [91]}, "get_precipitation": {"executed_lines": [131, 132, 133, 134, 135, 138, 139, 140, 141, 142, 143, 144, 145, 146, 147, 148, 149, 150, 153, 154, 155, 156, 157, 158, 159, 162], "summary": {"covered_lines": 25, "num_statements": 26, "percent_covered": 96.15384615384616, "percent_covered_display": "96.15", "missing_lines": 1, "excluded_lines": 2}, "missing_lines": [164], "excluded_lines": [162, 163]}, "water_quality": {"executed_lines": [], "summary": {"covered_lines": 0, "num_statements": 43, "percent_covered": 0.0, "percent_covered_display": "0.00", "missing_lines": 43, "excluded_lines": 0}, "missing_lines": [189, 190, 192, 193, 195, 196, 197, 198, 201, 202, 203, 204, 206, 207, 208, 209, 210, 212, 215, 216, 218, 219, 220, 221, 223, 226, 227, 228, 229, 231, 232, 233, 234, 235, 237, 238, 239, 240, 241, 242, 243, 244, 245], "excluded_lines": []}, "ni_executive": {"executed_lines": [], "summary": {"covered_lines": 0, "num_statements": 19, "percent_covered": 0.0, "percent_covered_display": "0.00", "missing_lines": 19, "excluded_lines": 0}, "missing_lines": [268, 269, 271, 272, 273, 274, 275, 278, 279, 280, 283, 284, 285, 286, 288, 289, 290, 292, 293], "excluded_lines": []}, "cinema_listings": {"executed_lines": [], "summary": {"covered_lines": 0, "num_statements": 49, "percent_covered": 0.0, "percent_covered_display": "0.00", "missing_lines": 49, "excluded_lines": 0}, "missing_lines": [317, 319, 320, 321, 322, 323, 324, 325, 326, 328, 329, 332, 333, 334, 335, 337, 338, 340, 341, 342, 343, 344, 345, 346, 348, 351, 352, 354, 356, 357, 358, 359, 360, 361, 362, 364, 366, 367, 369, 371, 373, 374, 375, 376, 377, 378, 379, 380, 381], "excluded_lines": []}, "ni_house_prices": {"executed_lines": [], "summary": {"covered_lines": 0, "num_statements": 25, "percent_covered": 0.0, "percent_covered_display": "0.00", "missing_lines": 25, "excluded_lines": 0}, "missing_lines": [404, 405, 406, 408, 409, 410, 412, 413, 414, 416, 417, 420, 421, 422, 423, 424, 427, 428, 429, 430, 431, 432, 434, 436, 437], "excluded_lines": []}, "dva_cmd": {"executed_lines": [], "summary": {"covered_lines": 0, "num_statements": 92, "percent_covered": 0.0, "percent_covered_display": "0.00", "missing_lines": 92, "excluded_lines": 1}, "missing_lines": [480, 482, 483, 485, 486, 488, 491, 492, 493, 495, 496, 498, 501, 502, 504, 505, 508, 509, 510, 511, 513, 516, 517, 518, 519, 521, 524, 525, 526, 529, 531, 533, 536, 537, 538, 540, 543, 545, 546, 547, 548, 550, 551, 552, 553, 555, 557, 558, 561, 562, 563, 564, 566, 567, 568, 571, 572, 573, 574, 575, 577, 580, 581, 582, 583, 584, 587, 588, 590, 591, 593, 594, 596, 597, 598, 599, 600, 601, 604, 605, 606, 607, 608, 610, 612, 613, 615, 617, 618, 619, 620, 622], "excluded_lines": [621]}, "companies_house": {"executed_lines": [], "summary": {"covered_lines": 0, "num_statements": 57, "percent_covered": 0.0, "percent_covered_display": "0.00", "missing_lines": 57, "excluded_lines": 0}, "missing_lines": [647, 648, 650, 651, 652, 655, 656, 657, 658, 659, 662, 663, 664, 666, 667, 668, 669, 670, 671, 672, 673, 675, 677, 678, 679, 680, 681, 684, 685, 686, 689, 690, 691, 692, 694, 695, 696, 697, 698, 699, 701, 703, 704, 705, 706, 707, 708, 709, 710, 711, 712, 713, 714, 715, 716, 718, 719], "excluded_lines": []}, "ni_elections": {"executed_lines": [], "summary": {"covered_lines": 0, "num_statements": 75, "percent_covered": 0.0, "percent_covered_display": "0.00", "missing_lines": 75, "excluded_lines": 0}, "missing_lines": [749, 750, 753, 755, 756, 757, 758, 761, 764, 766, 769, 770, 771, 772, 773, 775, 776, 777, 778, 780, 781, 782, 784, 785, 788, 789, 790, 791, 792, 793, 794, 795, 796, 797, 798, 799, 800, 801, 802, 803, 804, 807, 808, 810, 811, 812, 813, 815, 816, 817, 818, 820, 822, 823, 824, 825, 827, 829, 830, 831, 832, 834, 835, 837, 838, 839, 840, 841, 842, 843, 845, 847, 849, 851, 852], "excluded_lines": []}, "rss": {"executed_lines": [], "summary": {"covered_lines": 0, "num_statements": 0, "percent_covered": 100.0, "percent_covered_display": "100.00", "missing_lines": 0, "excluded_lines": 1}, "missing_lines": [], "excluded_lines": [862]}, "rss_read": {"executed_lines": [], "summary": {"covered_lines": 0, "num_statements": 35, "percent_covered": 0.0, "percent_covered_display": "0.00", "missing_lines": 35, "excluded_lines": 0}, "missing_lines": [902, 904, 905, 906, 909, 910, 911, 919, 920, 922, 924, 935, 937, 940, 941, 943, 944, 946, 947, 948, 950, 952, 953, 955, 957, 965, 966, 968, 977, 979, 980, 992, 994, 995, 996], "excluded_lines": []}, "rss_nisra_statistics": {"executed_lines": [], "summary": {"covered_lines": 0, "num_statements": 44, "percent_covered": 0.0, "percent_covered_display": "0.00", "missing_lines": 44, "excluded_lines": 0}, "missing_lines": [1048, 1050, 1051, 1052, 1055, 1056, 1057, 1064, 1065, 1067, 1069, 1080, 1082, 1084, 1085, 1086, 1087, 1089, 1092, 1093, 1095, 1096, 1098, 1099, 1102, 1103, 1104, 1105, 1107, 1109, 1110, 1111, 1113, 1114, 1116, 1117, 1119, 1128, 1130, 1131, 1142, 1144, 1145, 1146], "excluded_lines": []}, "nisra": {"executed_lines": [], "summary": {"covered_lines": 0, "num_statements": 0, "percent_covered": 100.0, "percent_covered_display": "100.00", "missing_lines": 0, "excluded_lines": 2}, "missing_lines": [], "excluded_lines": [1151, 1162]}, "nisra_feed": {"executed_lines": [], "summary": {"covered_lines": 0, "num_statements": 40, "percent_covered": 0.0, "percent_covered_display": "0.00", "missing_lines": 40, "excluded_lines": 0}, "missing_lines": [1186, 1188, 1189, 1191, 1193, 1196, 1219, 1220, 1222, 1225, 1226, 1227, 1230, 1231, 1234, 1236, 1237, 1238, 1241, 1242, 1243, 1245, 1246, 1248, 1249, 1250, 1252, 1254, 1255, 1256, 1257, 1258, 1259, 1260, 1261, 1263, 1265, 1267, 1269, 1270], "excluded_lines": []}, "nisra_deaths_cmd": {"executed_lines": [], "summary": {"covered_lines": 0, "num_statements": 60, "percent_covered": 0.0, "percent_covered_display": "0.00", "missing_lines": 60, "excluded_lines": 1}, "missing_lines": [1347, 1349, 1350, 1351, 1352, 1354, 1355, 1356, 1359, 1360, 1361, 1362, 1364, 1365, 1366, 1367, 1368, 1370, 1371, 1372, 1373, 1374, 1377, 1378, 1379, 1381, 1382, 1385, 1386, 1388, 1389, 1392, 1393, 1395, 1396, 1397, 1398, 1399, 1400, 1401, 1402, 1403, 1404, 1407, 1408, 1410, 1412, 1413, 1415, 1417, 1418, 1419, 1420, 1422, 1424, 1425, 1426, 1427, 1429, 1430], "excluded_lines": [1428]}, "nisra_labour_market_cmd": {"executed_lines": [], "summary": {"covered_lines": 0, "num_statements": 74, "percent_covered": 0.0, "percent_covered_display": "0.00", "missing_lines": 74, "excluded_lines": 1}, "missing_lines": [1531, 1533, 1534, 1535, 1536, 1538, 1539, 1540, 1541, 1547, 1548, 1549, 1550, 1551, 1552, 1555, 1556, 1557, 1558, 1560, 1561, 1562, 1563, 1564, 1565, 1566, 1567, 1571, 1572, 1573, 1574, 1575, 1576, 1577, 1578, 1579, 1582, 1583, 1584, 1586, 1587, 1590, 1591, 1593, 1594, 1597, 1598, 1600, 1601, 1602, 1603, 1604, 1605, 1606, 1607, 1608, 1609, 1612, 1613, 1615, 1617, 1618, 1620, 1622, 1623, 1624, 1625, 1627, 1629, 1630, 1631, 1632, 1634, 1635], "excluded_lines": [1633]}, "nisra_births_cmd": {"executed_lines": [], "summary": {"covered_lines": 0, "num_statements": 62, "percent_covered": 0.0, "percent_covered_display": "0.00", "missing_lines": 62, "excluded_lines": 1}, "missing_lines": [1729, 1731, 1732, 1733, 1734, 1736, 1737, 1738, 1741, 1742, 1743, 1744, 1746, 1747, 1748, 1749, 1750, 1751, 1755, 1756, 1757, 1758, 1759, 1760, 1765, 1766, 1767, 1769, 1770, 1773, 1774, 1776, 1777, 1780, 1781, 1783, 1784, 1785, 1786, 1787, 1788, 1789, 1790, 1791, 1792, 1795, 1796, 1798, 1800, 1801, 1803, 1806, 1807, 1808, 1809, 1811, 1813, 1814, 1815, 1816, 1818, 1819], "excluded_lines": [1817]}, "nisra_population_cmd": {"executed_lines": [], "summary": {"covered_lines": 0, "num_statements": 45, "percent_covered": 0.0, "percent_covered_display": "0.00", "missing_lines": 45, "excluded_lines": 1}, "missing_lines": [1918, 1920, 1921, 1922, 1923, 1925, 1926, 1927, 1930, 1931, 1932, 1933, 1934, 1936, 1937, 1939, 1940, 1941, 1944, 1945, 1946, 1947, 1950, 1951, 1952, 1953, 1955, 1956, 1957, 1958, 1959, 1960, 1961, 1962, 1963, 1964, 1967, 1968, 1971, 1973, 1974, 1975, 1976, 1978, 1979], "excluded_lines": [1977]}, "nisra_marriages_cmd": {"executed_lines": [], "summary": {"covered_lines": 0, "num_statements": 52, "percent_covered": 0.0, "percent_covered_display": "0.00", "missing_lines": 52, "excluded_lines": 1}, "missing_lines": [2052, 2054, 2055, 2056, 2057, 2059, 2060, 2061, 2064, 2065, 2066, 2067, 2068, 2070, 2071, 2073, 2074, 2075, 2076, 2079, 2080, 2082, 2083, 2084, 2085, 2087, 2088, 2089, 2090, 2093, 2094, 2095, 2096, 2098, 2099, 2100, 2101, 2102, 2103, 2104, 2105, 2106, 2107, 2110, 2111, 2114, 2116, 2117, 2118, 2119, 2121, 2122], "excluded_lines": [2120]}, "nisra_civil_partnerships_cmd": {"executed_lines": [], "summary": {"covered_lines": 0, "num_statements": 55, "percent_covered": 0.0, "percent_covered_display": "0.00", "missing_lines": 55, "excluded_lines": 1}, "missing_lines": [2180, 2182, 2183, 2184, 2186, 2187, 2188, 2191, 2192, 2193, 2194, 2195, 2198, 2199, 2200, 2202, 2203, 2204, 2206, 2207, 2211, 2213, 2214, 2216, 2217, 2218, 2219, 2221, 2222, 2224, 2225, 2226, 2228, 2229, 2230, 2231, 2234, 2235, 2236, 2237, 2239, 2240, 2241, 2242, 2243, 2244, 2247, 2248, 2250, 2252, 2253, 2254, 2255, 2257, 2258], "excluded_lines": [2256]}, "nisra_occupancy_cmd": {"executed_lines": [], "summary": {"covered_lines": 0, "num_statements": 108, "percent_covered": 0.0, "percent_covered_display": "0.00", "missing_lines": 108, "excluded_lines": 1}, "missing_lines": [2373, 2375, 2376, 2377, 2379, 2381, 2382, 2383, 2385, 2386, 2388, 2391, 2393, 2394, 2396, 2397, 2398, 2399, 2400, 2401, 2404, 2405, 2406, 2408, 2409, 2410, 2411, 2412, 2415, 2421, 2422, 2423, 2424, 2425, 2426, 2427, 2428, 2430, 2432, 2433, 2435, 2438, 2439, 2440, 2441, 2442, 2445, 2446, 2447, 2449, 2450, 2451, 2452, 2454, 2455, 2456, 2457, 2462, 2463, 2464, 2465, 2466, 2467, 2470, 2480, 2481, 2483, 2484, 2488, 2490, 2491, 2493, 2494, 2495, 2496, 2499, 2500, 2501, 2502, 2503, 2504, 2506, 2507, 2508, 2509, 2510, 2513, 2514, 2515, 2516, 2518, 2519, 2520, 2521, 2522, 2523, 2524, 2525, 2526, 2529, 2530, 2532, 2534, 2535, 2536, 2537, 2539, 2540], "excluded_lines": [2538]}, "nisra_visitors_cmd": {"executed_lines": [], "summary": {"covered_lines": 0, "num_statements": 84, "percent_covered": 0.0, "percent_covered_display": "0.00", "missing_lines": 84, "excluded_lines": 1}, "missing_lines": [2621, 2622, 2624, 2626, 2627, 2628, 2629, 2631, 2632, 2635, 2645, 2647, 2648, 2650, 2651, 2652, 2653, 2654, 2655, 2657, 2658, 2666, 2669, 2670, 2672, 2673, 2674, 2675, 2679, 2681, 2683, 2684, 2686, 2687, 2688, 2689, 2690, 2691, 2692, 2694, 2695, 2704, 2707, 2708, 2709, 2710, 2711, 2712, 2714, 2717, 2718, 2719, 2720, 2722, 2723, 2726, 2727, 2728, 2729, 2730, 2731, 2732, 2735, 2736, 2737, 2738, 2740, 2741, 2742, 2743, 2744, 2745, 2746, 2747, 2748, 2751, 2752, 2754, 2756, 2757, 2758, 2759, 2761, 2762], "excluded_lines": [2760]}, "nisra_migration_cmd": {"executed_lines": [], "summary": {"covered_lines": 0, "num_statements": 61, "percent_covered": 0.0, "percent_covered_display": "0.00", "missing_lines": 61, "excluded_lines": 1}, "missing_lines": [2858, 2860, 2861, 2862, 2863, 2865, 2866, 2867, 2870, 2871, 2872, 2873, 2874, 2876, 2877, 2879, 2880, 2881, 2882, 2885, 2886, 2887, 2888, 2889, 2890, 2893, 2894, 2896, 2897, 2898, 2899, 2900, 2901, 2902, 2903, 2904, 2906, 2907, 2910, 2911, 2912, 2913, 2915, 2916, 2917, 2918, 2919, 2920, 2921, 2922, 2923, 2924, 2927, 2928, 2931, 2933, 2934, 2935, 2936, 2938, 2939], "excluded_lines": [2937]}, "nisra_index_of_services_cmd": {"executed_lines": [], "summary": {"covered_lines": 0, "num_statements": 52, "percent_covered": 0.0, "percent_covered_display": "0.00", "missing_lines": 52, "excluded_lines": 1}, "missing_lines": [3026, 3028, 3029, 3030, 3032, 3033, 3034, 3037, 3038, 3041, 3042, 3043, 3044, 3046, 3047, 3048, 3050, 3051, 3053, 3054, 3055, 3056, 3059, 3060, 3062, 3063, 3064, 3065, 3066, 3067, 3068, 3069, 3071, 3072, 3075, 3076, 3077, 3078, 3080, 3081, 3082, 3083, 3084, 3085, 3088, 3089, 3091, 3093, 3094, 3095, 3096, 3098], "excluded_lines": [3097]}, "nisra_index_of_production_cmd": {"executed_lines": [], "summary": {"covered_lines": 0, "num_statements": 52, "percent_covered": 0.0, "percent_covered_display": "0.00", "missing_lines": 52, "excluded_lines": 1}, "missing_lines": [3184, 3186, 3187, 3188, 3190, 3191, 3192, 3195, 3196, 3199, 3200, 3201, 3202, 3204, 3205, 3206, 3208, 3209, 3211, 3212, 3213, 3214, 3217, 3218, 3220, 3221, 3222, 3223, 3224, 3225, 3226, 3227, 3229, 3230, 3233, 3234, 3235, 3236, 3238, 3239, 3240, 3241, 3242, 3243, 3246, 3247, 3249, 3251, 3252, 3253, 3254, 3256], "excluded_lines": [3255]}, "nisra_construction_output_cmd": {"executed_lines": [], "summary": {"covered_lines": 0, "num_statements": 55, "percent_covered": 0.0, "percent_covered_display": "0.00", "missing_lines": 55, "excluded_lines": 1}, "missing_lines": [3344, 3346, 3347, 3348, 3350, 3351, 3352, 3355, 3356, 3359, 3360, 3361, 3362, 3364, 3365, 3366, 3368, 3369, 3371, 3372, 3373, 3374, 3377, 3378, 3380, 3381, 3382, 3383, 3384, 3385, 3386, 3387, 3388, 3389, 3390, 3392, 3393, 3396, 3397, 3398, 3399, 3401, 3402, 3403, 3404, 3405, 3406, 3409, 3410, 3412, 3414, 3415, 3416, 3417, 3419], "excluded_lines": [3418]}, "nisra_ashe_cmd": {"executed_lines": [], "summary": {"covered_lines": 0, "num_statements": 43, "percent_covered": 0.0, "percent_covered_display": "0.00", "missing_lines": 43, "excluded_lines": 1}, "missing_lines": [3550, 3552, 3553, 3554, 3556, 3558, 3559, 3560, 3561, 3562, 3563, 3566, 3567, 3570, 3571, 3574, 3575, 3577, 3578, 3579, 3581, 3582, 3584, 3585, 3586, 3589, 3590, 3591, 3592, 3594, 3595, 3596, 3597, 3598, 3599, 3602, 3603, 3605, 3607, 3608, 3609, 3610, 3612], "excluded_lines": [3611]}, "nisra_composite_index_cmd": {"executed_lines": [], "summary": {"covered_lines": 0, "num_statements": 78, "percent_covered": 0.0, "percent_covered_display": "0.00", "missing_lines": 78, "excluded_lines": 1}, "missing_lines": [3706, 3708, 3709, 3710, 3712, 3713, 3714, 3715, 3716, 3717, 3720, 3721, 3722, 3723, 3724, 3725, 3726, 3727, 3728, 3729, 3730, 3731, 3734, 3735, 3736, 3737, 3738, 3739, 3740, 3743, 3744, 3745, 3746, 3748, 3749, 3750, 3753, 3754, 3755, 3756, 3757, 3758, 3760, 3761, 3763, 3764, 3765, 3768, 3769, 3770, 3772, 3773, 3776, 3777, 3779, 3780, 3783, 3784, 3786, 3787, 3788, 3789, 3790, 3791, 3794, 3795, 3796, 3797, 3798, 3800, 3802, 3803, 3805, 3807, 3808, 3809, 3810, 3812], "excluded_lines": [3811]}, "nisra_wellbeing_cmd": {"executed_lines": [], "summary": {"covered_lines": 0, "num_statements": 75, "percent_covered": 0.0, "percent_covered_display": "0.00", "missing_lines": 75, "excluded_lines": 1}, "missing_lines": [3892, 3894, 3895, 3896, 3897, 3899, 3900, 3901, 3902, 3903, 3904, 3905, 3906, 3907, 3908, 3911, 3912, 3913, 3914, 3915, 3916, 3917, 3918, 3919, 3920, 3922, 3923, 3925, 3926, 3927, 3928, 3930, 3933, 3934, 3935, 3936, 3937, 3938, 3939, 3940, 3941, 3942, 3943, 3944, 3945, 3946, 3947, 3948, 3949, 3950, 3951, 3952, 3953, 3954, 3955, 3956, 3959, 3960, 3961, 3962, 3964, 3965, 3966, 3967, 3968, 3969, 3972, 3973, 3975, 3976, 3978, 3979, 3980, 3981, 3983], "excluded_lines": [3982]}, "nisra_cancer_cmd": {"executed_lines": [], "summary": {"covered_lines": 0, "num_statements": 84, "percent_covered": 0.0, "percent_covered_display": "0.00", "missing_lines": 84, "excluded_lines": 2}, "missing_lines": [4069, 4071, 4072, 4073, 4074, 4076, 4077, 4079, 4080, 4081, 4082, 4083, 4084, 4085, 4086, 4087, 4088, 4090, 4091, 4092, 4093, 4094, 4095, 4097, 4098, 4101, 4102, 4103, 4104, 4105, 4108, 4109, 4111, 4112, 4114, 4115, 4116, 4117, 4119, 4122, 4123, 4124, 4125, 4126, 4127, 4128, 4129, 4130, 4133, 4134, 4135, 4136, 4137, 4138, 4139, 4140, 4142, 4143, 4144, 4145, 4148, 4149, 4150, 4152, 4153, 4156, 4157, 4158, 4159, 4161, 4162, 4163, 4164, 4165, 4166, 4169, 4170, 4172, 4173, 4175, 4176, 4177, 4178, 4180], "excluded_lines": [4012, 4179]}, "nisra_registrar_general_cmd": {"executed_lines": [], "summary": {"covered_lines": 0, "num_statements": 155, "percent_covered": 0.0, "percent_covered_display": "0.00", "missing_lines": 155, "excluded_lines": 1}, "missing_lines": [4276, 4278, 4279, 4280, 4281, 4283, 4284, 4285, 4288, 4289, 4290, 4292, 4294, 4295, 4296, 4297, 4298, 4299, 4300, 4301, 4302, 4304, 4305, 4306, 4307, 4309, 4310, 4311, 4312, 4314, 4317, 4318, 4319, 4320, 4321, 4323, 4324, 4327, 4328, 4329, 4330, 4332, 4333, 4334, 4335, 4336, 4337, 4340, 4341, 4343, 4344, 4347, 4348, 4349, 4351, 4352, 4353, 4354, 4356, 4357, 4359, 4361, 4362, 4363, 4364, 4365, 4366, 4367, 4369, 4370, 4373, 4374, 4375, 4377, 4378, 4379, 4380, 4381, 4382, 4383, 4384, 4386, 4387, 4388, 4391, 4392, 4393, 4394, 4395, 4396, 4397, 4400, 4401, 4402, 4403, 4405, 4408, 4409, 4410, 4411, 4412, 4413, 4414, 4415, 4416, 4417, 4418, 4420, 4421, 4422, 4423, 4425, 4426, 4428, 4430, 4431, 4432, 4433, 4434, 4435, 4436, 4437, 4439, 4440, 4441, 4442, 4444, 4445, 4447, 4450, 4451, 4452, 4453, 4454, 4456, 4457, 4459, 4460, 4461, 4462, 4464, 4465, 4466, 4467, 4468, 4469, 4471, 4472, 4474, 4476, 4477, 4478, 4479, 4481, 4482], "excluded_lines": [4480]}, "psni": {"executed_lines": [], "summary": {"covered_lines": 0, "num_statements": 0, "percent_covered": 100.0, "percent_covered_display": "100.00", "missing_lines": 0, "excluded_lines": 1}, "missing_lines": [], "excluded_lines": [4496]}, "psni_rtc_cmd": {"executed_lines": [], "summary": {"covered_lines": 0, "num_statements": 54, "percent_covered": 0.0, "percent_covered_display": "0.00", "missing_lines": 54, "excluded_lines": 0}, "missing_lines": [4563, 4565, 4567, 4569, 4570, 4572, 4574, 4575, 4576, 4577, 4579, 4580, 4581, 4583, 4584, 4585, 4587, 4588, 4589, 4591, 4592, 4593, 4595, 4596, 4597, 4600, 4601, 4603, 4605, 4607, 4608, 4609, 4610, 4611, 4612, 4613, 4614, 4616, 4617, 4619, 4620, 4622, 4623, 4624, 4626, 4627, 4630, 4631, 4632, 4633, 4634, 4638, 4639, 4640], "excluded_lines": []}, "list_sources": {"executed_lines": [], "summary": {"covered_lines": 0, "num_statements": 54, "percent_covered": 0.0, "percent_covered_display": "0.00", "missing_lines": 54, "excluded_lines": 0}, "missing_lines": [4650, 4651, 4653, 4654, 4655, 4657, 4658, 4659, 4661, 4662, 4663, 4664, 4665, 4666, 4667, 4669, 4670, 4671, 4672, 4673, 4675, 4676, 4677, 4679, 4680, 4681, 4683, 4684, 4685, 4686, 4687, 4689, 4690, 4691, 4692, 4693, 4694, 4695, 4696, 4697, 4698, 4699, 4701, 4702, 4703, 4704, 4705, 4706, 4707, 4708, 4709, 4710, 4711, 4713], "excluded_lines": []}, "": {"executed_lines": [1, 3, 4, 5, 7, 8, 9, 10, 11, 13, 14, 15, 16, 17, 18, 19, 20, 21, 22, 23, 24, 25, 26, 27, 28, 29, 30, 31, 32, 33, 34, 35, 36, 37, 40, 41, 42, 43, 94, 95, 100, 105, 110, 167, 168, 169, 170, 177, 248, 249, 256, 257, 296, 297, 298, 299, 306, 384, 385, 392, 393, 440, 441, 442, 448, 449, 456, 457, 458, 459, 625, 626, 627, 634, 635, 722, 723, 729, 736, 737, 855, 856, 865, 866, 867, 868, 869, 870, 871, 872, 999, 1000, 1001, 1002, 1003, 1006, 1007, 1149, 1150, 1165, 1166, 1167, 1168, 1169, 1170, 1273, 1274, 1275, 1281, 1288, 1289, 1290, 1433, 1434, 1435, 1441, 1448, 1449, 1450, 1638, 1639, 1640, 1646, 1653, 1654, 1655, 1822, 1823, 1824, 1833, 1838, 1845, 1846, 1847, 1982, 1983, 1984, 1985, 1992, 1993, 1994, 2125, 2126, 2127, 2128, 2135, 2136, 2137, 2138, 2261, 2262, 2263, 2264, 2270, 2276, 2283, 2284, 2285, 2286, 2287, 2543, 2544, 2545, 2554, 2561, 2562, 2563, 2564, 2565, 2765, 2766, 2767, 2768, 2769, 2770, 2777, 2778, 2779, 2780, 2942, 2943, 2944, 2945, 2946, 2947, 2948, 2955, 2956, 2957, 2958, 2959, 3101, 3102, 3103, 3104, 3105, 3106, 3107, 3114, 3115, 3116, 3117, 3118, 3259, 3260, 3261, 3262, 3263, 3264, 3265, 3272, 3273, 3274, 3275, 3276, 3422, 3423, 3424, 3430, 3435, 3441, 3442, 3449, 3450, 3451, 3452, 3615, 3616, 3617, 3623, 3624, 3625, 3632, 3633, 3634, 3815, 3816, 3817, 3823, 3824, 3831, 3832, 3833, 3986, 3987, 3988, 3994, 4000, 4001, 4008, 4009, 4010, 4011, 4183, 4184, 4185, 4186, 4187, 4188, 4194, 4195, 4196, 4203, 4204, 4205, 4485, 4486, 4499, 4500, 4501, 4507, 4512, 4519, 4520, 4521, 4643, 4644, 4716], "summary": {"covered_lines": 276, "num_statements": 276, "percent_covered": 100.0, "percent_covered_display": "100.00", "missing_lines": 0, "excluded_lines": 2}, "missing_lines": [], "excluded_lines": [4716, 4717]}}, "classes": {"": {"executed_lines": [1, 3, 4, 5, 7, 8, 9, 10, 11, 13, 14, 15, 16, 17, 18, 19, 20, 21, 22, 23, 24, 25, 26, 27, 28, 29, 30, 31, 32, 33, 34, 35, 36, 37, 40, 41, 42, 43, 89, 91, 94, 95, 100, 105, 110, 131, 132, 133, 134, 135, 138, 139, 140, 141, 142, 143, 144, 145, 146, 147, 148, 149, 150, 153, 154, 155, 156, 157, 158, 159, 162, 167, 168, 169, 170, 177, 248, 249, 256, 257, 296, 297, 298, 299, 306, 384, 385, 392, 393, 440, 441, 442, 448, 449, 456, 457, 458, 459, 625, 626, 627, 634, 635, 722, 723, 729, 736, 737, 855, 856, 865, 866, 867, 868, 869, 870, 871, 872, 999, 1000, 1001, 1002, 1003, 1006, 1007, 1149, 1150, 1165, 1166, 1167, 1168, 1169, 1170, 1273, 1274, 1275, 1281, 1288, 1289, 1290, 1433, 1434, 1435, 1441, 1448, 1449, 1450, 1638, 1639, 1640, 1646, 1653, 1654, 1655, 1822, 1823, 1824, 1833, 1838, 1845, 1846, 1847, 1982, 1983, 1984, 1985, 1992, 1993, 1994, 2125, 2126, 2127, 2128, 2135, 2136, 2137, 2138, 2261, 2262, 2263, 2264, 2270, 2276, 2283, 2284, 2285, 2286, 2287, 2543, 2544, 2545, 2554, 2561, 2562, 2563, 2564, 2565, 2765, 2766, 2767, 2768, 2769, 2770, 2777, 2778, 2779, 2780, 2942, 2943, 2944, 2945, 2946, 2947, 2948, 2955, 2956, 2957, 2958, 2959, 3101, 3102, 3103, 3104, 3105, 3106, 3107, 3114, 3115, 3116, 3117, 3118, 3259, 3260, 3261, 3262, 3263, 3264, 3265, 3272, 3273, 3274, 3275, 3276, 3422, 3423, 3424, 3430, 3435, 3441, 3442, 3449, 3450, 3451, 3452, 3615, 3616, 3617, 3623, 3624, 3625, 3632, 3633, 3634, 3815, 3816, 3817, 3823, 3824, 3831, 3832, 3833, 3986, 3987, 3988, 3994, 4000, 4001, 4008, 4009, 4010, 4011, 4183, 4184, 4185, 4186, 4187, 4188, 4194, 4195, 4196, 4203, 4204, 4205, 4485, 4486, 4499, 4500, 4501, 4507, 4512, 4519, 4520, 4521, 4643, 4644, 4716], "summary": {"covered_lines": 302, "num_statements": 2086, "percent_covered": 14.477468839884947, "percent_covered_display": "14.48", "missing_lines": 1784, "excluded_lines": 28}, "missing_lines": [90, 164, 189, 190, 192, 193, 195, 196, 197, 198, 201, 202, 203, 204, 206, 207, 208, 209, 210, 212, 215, 216, 218, 219, 220, 221, 223, 226, 227, 228, 229, 231, 232, 233, 234, 235, 237, 238, 239, 240, 241, 242, 243, 244, 245, 268, 269, 271, 272, 273, 274, 275, 278, 279, 280, 283, 284, 285, 286, 288, 289, 290, 292, 293, 317, 319, 320, 321, 322, 323, 324, 325, 326, 328, 329, 332, 333, 334, 335, 337, 338, 340, 341, 342, 343, 344, 345, 346, 348, 351, 352, 354, 356, 357, 358, 359, 360, 361, 362, 364, 366, 367, 369, 371, 373, 374, 375, 376, 377, 378, 379, 380, 381, 404, 405, 406, 408, 409, 410, 412, 413, 414, 416, 417, 420, 421, 422, 423, 424, 427, 428, 429, 430, 431, 432, 434, 436, 437, 480, 482, 483, 485, 486, 488, 491, 492, 493, 495, 496, 498, 501, 502, 504, 505, 508, 509, 510, 511, 513, 516, 517, 518, 519, 521, 524, 525, 526, 529, 531, 533, 536, 537, 538, 540, 543, 545, 546, 547, 548, 550, 551, 552, 553, 555, 557, 558, 561, 562, 563, 564, 566, 567, 568, 571, 572, 573, 574, 575, 577, 580, 581, 582, 583, 584, 587, 588, 590, 591, 593, 594, 596, 597, 598, 599, 600, 601, 604, 605, 606, 607, 608, 610, 612, 613, 615, 617, 618, 619, 620, 622, 647, 648, 650, 651, 652, 655, 656, 657, 658, 659, 662, 663, 664, 666, 667, 668, 669, 670, 671, 672, 673, 675, 677, 678, 679, 680, 681, 684, 685, 686, 689, 690, 691, 692, 694, 695, 696, 697, 698, 699, 701, 703, 704, 705, 706, 707, 708, 709, 710, 711, 712, 713, 714, 715, 716, 718, 719, 749, 750, 753, 755, 756, 757, 758, 761, 764, 766, 769, 770, 771, 772, 773, 775, 776, 777, 778, 780, 781, 782, 784, 785, 788, 789, 790, 791, 792, 793, 794, 795, 796, 797, 798, 799, 800, 801, 802, 803, 804, 807, 808, 810, 811, 812, 813, 815, 816, 817, 818, 820, 822, 823, 824, 825, 827, 829, 830, 831, 832, 834, 835, 837, 838, 839, 840, 841, 842, 843, 845, 847, 849, 851, 852, 902, 904, 905, 906, 909, 910, 911, 919, 920, 922, 924, 935, 937, 940, 941, 943, 944, 946, 947, 948, 950, 952, 953, 955, 957, 965, 966, 968, 977, 979, 980, 992, 994, 995, 996, 1048, 1050, 1051, 1052, 1055, 1056, 1057, 1064, 1065, 1067, 1069, 1080, 1082, 1084, 1085, 1086, 1087, 1089, 1092, 1093, 1095, 1096, 1098, 1099, 1102, 1103, 1104, 1105, 1107, 1109, 1110, 1111, 1113, 1114, 1116, 1117, 1119, 1128, 1130, 1131, 1142, 1144, 1145, 1146, 1186, 1188, 1189, 1191, 1193, 1196, 1219, 1220, 1222, 1225, 1226, 1227, 1230, 1231, 1234, 1236, 1237, 1238, 1241, 1242, 1243, 1245, 1246, 1248, 1249, 1250, 1252, 1254, 1255, 1256, 1257, 1258, 1259, 1260, 1261, 1263, 1265, 1267, 1269, 1270, 1347, 1349, 1350, 1351, 1352, 1354, 1355, 1356, 1359, 1360, 1361, 1362, 1364, 1365, 1366, 1367, 1368, 1370, 1371, 1372, 1373, 1374, 1377, 1378, 1379, 1381, 1382, 1385, 1386, 1388, 1389, 1392, 1393, 1395, 1396, 1397, 1398, 1399, 1400, 1401, 1402, 1403, 1404, 1407, 1408, 1410, 1412, 1413, 1415, 1417, 1418, 1419, 1420, 1422, 1424, 1425, 1426, 1427, 1429, 1430, 1531, 1533, 1534, 1535, 1536, 1538, 1539, 1540, 1541, 1547, 1548, 1549, 1550, 1551, 1552, 1555, 1556, 1557, 1558, 1560, 1561, 1562, 1563, 1564, 1565, 1566, 1567, 1571, 1572, 1573, 1574, 1575, 1576, 1577, 1578, 1579, 1582, 1583, 1584, 1586, 1587, 1590, 1591, 1593, 1594, 1597, 1598, 1600, 1601, 1602, 1603, 1604, 1605, 1606, 1607, 1608, 1609, 1612, 1613, 1615, 1617, 1618, 1620, 1622, 1623, 1624, 1625, 1627, 1629, 1630, 1631, 1632, 1634, 1635, 1729, 1731, 1732, 1733, 1734, 1736, 1737, 1738, 1741, 1742, 1743, 1744, 1746, 1747, 1748, 1749, 1750, 1751, 1755, 1756, 1757, 1758, 1759, 1760, 1765, 1766, 1767, 1769, 1770, 1773, 1774, 1776, 1777, 1780, 1781, 1783, 1784, 1785, 1786, 1787, 1788, 1789, 1790, 1791, 1792, 1795, 1796, 1798, 1800, 1801, 1803, 1806, 1807, 1808, 1809, 1811, 1813, 1814, 1815, 1816, 1818, 1819, 1918, 1920, 1921, 1922, 1923, 1925, 1926, 1927, 1930, 1931, 1932, 1933, 1934, 1936, 1937, 1939, 1940, 1941, 1944, 1945, 1946, 1947, 1950, 1951, 1952, 1953, 1955, 1956, 1957, 1958, 1959, 1960, 1961, 1962, 1963, 1964, 1967, 1968, 1971, 1973, 1974, 1975, 1976, 1978, 1979, 2052, 2054, 2055, 2056, 2057, 2059, 2060, 2061, 2064, 2065, 2066, 2067, 2068, 2070, 2071, 2073, 2074, 2075, 2076, 2079, 2080, 2082, 2083, 2084, 2085, 2087, 2088, 2089, 2090, 2093, 2094, 2095, 2096, 2098, 2099, 2100, 2101, 2102, 2103, 2104, 2105, 2106, 2107, 2110, 2111, 2114, 2116, 2117, 2118, 2119, 2121, 2122, 2180, 2182, 2183, 2184, 2186, 2187, 2188, 2191, 2192, 2193, 2194, 2195, 2198, 2199, 2200, 2202, 2203, 2204, 2206, 2207, 2211, 2213, 2214, 2216, 2217, 2218, 2219, 2221, 2222, 2224, 2225, 2226, 2228, 2229, 2230, 2231, 2234, 2235, 2236, 2237, 2239, 2240, 2241, 2242, 2243, 2244, 2247, 2248, 2250, 2252, 2253, 2254, 2255, 2257, 2258, 2373, 2375, 2376, 2377, 2379, 2381, 2382, 2383, 2385, 2386, 2388, 2391, 2393, 2394, 2396, 2397, 2398, 2399, 2400, 2401, 2404, 2405, 2406, 2408, 2409, 2410, 2411, 2412, 2415, 2421, 2422, 2423, 2424, 2425, 2426, 2427, 2428, 2430, 2432, 2433, 2435, 2438, 2439, 2440, 2441, 2442, 2445, 2446, 2447, 2449, 2450, 2451, 2452, 2454, 2455, 2456, 2457, 2462, 2463, 2464, 2465, 2466, 2467, 2470, 2480, 2481, 2483, 2484, 2488, 2490, 2491, 2493, 2494, 2495, 2496, 2499, 2500, 2501, 2502, 2503, 2504, 2506, 2507, 2508, 2509, 2510, 2513, 2514, 2515, 2516, 2518, 2519, 2520, 2521, 2522, 2523, 2524, 2525, 2526, 2529, 2530, 2532, 2534, 2535, 2536, 2537, 2539, 2540, 2621, 2622, 2624, 2626, 2627, 2628, 2629, 2631, 2632, 2635, 2645, 2647, 2648, 2650, 2651, 2652, 2653, 2654, 2655, 2657, 2658, 2666, 2669, 2670, 2672, 2673, 2674, 2675, 2679, 2681, 2683, 2684, 2686, 2687, 2688, 2689, 2690, 2691, 2692, 2694, 2695, 2704, 2707, 2708, 2709, 2710, 2711, 2712, 2714, 2717, 2718, 2719, 2720, 2722, 2723, 2726, 2727, 2728, 2729, 2730, 2731, 2732, 2735, 2736, 2737, 2738, 2740, 2741, 2742, 2743, 2744, 2745, 2746, 2747, 2748, 2751, 2752, 2754, 2756, 2757, 2758, 2759, 2761, 2762, 2858, 2860, 2861, 2862, 2863, 2865, 2866, 2867, 2870, 2871, 2872, 2873, 2874, 2876, 2877, 2879, 2880, 2881, 2882, 2885, 2886, 2887, 2888, 2889, 2890, 2893, 2894, 2896, 2897, 2898, 2899, 2900, 2901, 2902, 2903, 2904, 2906, 2907, 2910, 2911, 2912, 2913, 2915, 2916, 2917, 2918, 2919, 2920, 2921, 2922, 2923, 2924, 2927, 2928, 2931, 2933, 2934, 2935, 2936, 2938, 2939, 3026, 3028, 3029, 3030, 3032, 3033, 3034, 3037, 3038, 3041, 3042, 3043, 3044, 3046, 3047, 3048, 3050, 3051, 3053, 3054, 3055, 3056, 3059, 3060, 3062, 3063, 3064, 3065, 3066, 3067, 3068, 3069, 3071, 3072, 3075, 3076, 3077, 3078, 3080, 3081, 3082, 3083, 3084, 3085, 3088, 3089, 3091, 3093, 3094, 3095, 3096, 3098, 3184, 3186, 3187, 3188, 3190, 3191, 3192, 3195, 3196, 3199, 3200, 3201, 3202, 3204, 3205, 3206, 3208, 3209, 3211, 3212, 3213, 3214, 3217, 3218, 3220, 3221, 3222, 3223, 3224, 3225, 3226, 3227, 3229, 3230, 3233, 3234, 3235, 3236, 3238, 3239, 3240, 3241, 3242, 3243, 3246, 3247, 3249, 3251, 3252, 3253, 3254, 3256, 3344, 3346, 3347, 3348, 3350, 3351, 3352, 3355, 3356, 3359, 3360, 3361, 3362, 3364, 3365, 3366, 3368, 3369, 3371, 3372, 3373, 3374, 3377, 3378, 3380, 3381, 3382, 3383, 3384, 3385, 3386, 3387, 3388, 3389, 3390, 3392, 3393, 3396, 3397, 3398, 3399, 3401, 3402, 3403, 3404, 3405, 3406, 3409, 3410, 3412, 3414, 3415, 3416, 3417, 3419, 3550, 3552, 3553, 3554, 3556, 3558, 3559, 3560, 3561, 3562, 3563, 3566, 3567, 3570, 3571, 3574, 3575, 3577, 3578, 3579, 3581, 3582, 3584, 3585, 3586, 3589, 3590, 3591, 3592, 3594, 3595, 3596, 3597, 3598, 3599, 3602, 3603, 3605, 3607, 3608, 3609, 3610, 3612, 3706, 3708, 3709, 3710, 3712, 3713, 3714, 3715, 3716, 3717, 3720, 3721, 3722, 3723, 3724, 3725, 3726, 3727, 3728, 3729, 3730, 3731, 3734, 3735, 3736, 3737, 3738, 3739, 3740, 3743, 3744, 3745, 3746, 3748, 3749, 3750, 3753, 3754, 3755, 3756, 3757, 3758, 3760, 3761, 3763, 3764, 3765, 3768, 3769, 3770, 3772, 3773, 3776, 3777, 3779, 3780, 3783, 3784, 3786, 3787, 3788, 3789, 3790, 3791, 3794, 3795, 3796, 3797, 3798, 3800, 3802, 3803, 3805, 3807, 3808, 3809, 3810, 3812, 3892, 3894, 3895, 3896, 3897, 3899, 3900, 3901, 3902, 3903, 3904, 3905, 3906, 3907, 3908, 3911, 3912, 3913, 3914, 3915, 3916, 3917, 3918, 3919, 3920, 3922, 3923, 3925, 3926, 3927, 3928, 3930, 3933, 3934, 3935, 3936, 3937, 3938, 3939, 3940, 3941, 3942, 3943, 3944, 3945, 3946, 3947, 3948, 3949, 3950, 3951, 3952, 3953, 3954, 3955, 3956, 3959, 3960, 3961, 3962, 3964, 3965, 3966, 3967, 3968, 3969, 3972, 3973, 3975, 3976, 3978, 3979, 3980, 3981, 3983, 4069, 4071, 4072, 4073, 4074, 4076, 4077, 4079, 4080, 4081, 4082, 4083, 4084, 4085, 4086, 4087, 4088, 4090, 4091, 4092, 4093, 4094, 4095, 4097, 4098, 4101, 4102, 4103, 4104, 4105, 4108, 4109, 4111, 4112, 4114, 4115, 4116, 4117, 4119, 4122, 4123, 4124, 4125, 4126, 4127, 4128, 4129, 4130, 4133, 4134, 4135, 4136, 4137, 4138, 4139, 4140, 4142, 4143, 4144, 4145, 4148, 4149, 4150, 4152, 4153, 4156, 4157, 4158, 4159, 4161, 4162, 4163, 4164, 4165, 4166, 4169, 4170, 4172, 4173, 4175, 4176, 4177, 4178, 4180, 4276, 4278, 4279, 4280, 4281, 4283, 4284, 4285, 4288, 4289, 4290, 4292, 4294, 4295, 4296, 4297, 4298, 4299, 4300, 4301, 4302, 4304, 4305, 4306, 4307, 4309, 4310, 4311, 4312, 4314, 4317, 4318, 4319, 4320, 4321, 4323, 4324, 4327, 4328, 4329, 4330, 4332, 4333, 4334, 4335, 4336, 4337, 4340, 4341, 4343, 4344, 4347, 4348, 4349, 4351, 4352, 4353, 4354, 4356, 4357, 4359, 4361, 4362, 4363, 4364, 4365, 4366, 4367, 4369, 4370, 4373, 4374, 4375, 4377, 4378, 4379, 4380, 4381, 4382, 4383, 4384, 4386, 4387, 4388, 4391, 4392, 4393, 4394, 4395, 4396, 4397, 4400, 4401, 4402, 4403, 4405, 4408, 4409, 4410, 4411, 4412, 4413, 4414, 4415, 4416, 4417, 4418, 4420, 4421, 4422, 4423, 4425, 4426, 4428, 4430, 4431, 4432, 4433, 4434, 4435, 4436, 4437, 4439, 4440, 4441, 4442, 4444, 4445, 4447, 4450, 4451, 4452, 4453, 4454, 4456, 4457, 4459, 4460, 4461, 4462, 4464, 4465, 4466, 4467, 4468, 4469, 4471, 4472, 4474, 4476, 4477, 4478, 4479, 4481, 4482, 4563, 4565, 4567, 4569, 4570, 4572, 4574, 4575, 4576, 4577, 4579, 4580, 4581, 4583, 4584, 4585, 4587, 4588, 4589, 4591, 4592, 4593, 4595, 4596, 4597, 4600, 4601, 4603, 4605, 4607, 4608, 4609, 4610, 4611, 4612, 4613, 4614, 4616, 4617, 4619, 4620, 4622, 4623, 4624, 4626, 4627, 4630, 4631, 4632, 4633, 4634, 4638, 4639, 4640, 4650, 4651, 4653, 4654, 4655, 4657, 4658, 4659, 4661, 4662, 4663, 4664, 4665, 4666, 4667, 4669, 4670, 4671, 4672, 4673, 4675, 4676, 4677, 4679, 4680, 4681, 4683, 4684, 4685, 4686, 4687, 4689, 4690, 4691, 4692, 4693, 4694, 4695, 4696, 4697, 4698, 4699, 4701, 4702, 4703, 4704, 4705, 4706, 4707, 4708, 4709, 4710, 4711, 4713], "excluded_lines": [91, 162, 163, 621, 862, 1151, 1162, 1428, 1633, 1817, 1977, 2120, 2256, 2538, 2760, 2937, 3097, 3255, 3418, 3611, 3811, 3982, 4012, 4179, 4480, 4496, 4716, 4717]}}}, "src/bolster/data_sources/cineworld.py": {"executed_lines": [1, 38, 39, 40, 42, 44, 47], "summary": {"covered_lines": 6, "num_statements": 24, "percent_covered": 25.0, "percent_covered_display": "25.00", "missing_lines": 18, "excluded_lines": 0}, "missing_lines": [67, 68, 70, 71, 72, 73, 74, 76, 78, 79, 80, 81, 82, 83, 84, 85, 86, 87], "excluded_lines": [], "functions": {"get_cinema_listings": {"executed_lines": [], "summary": {"covered_lines": 0, "num_statements": 18, "percent_covered": 0.0, "percent_covered_display": "0.00", "missing_lines": 18, "excluded_lines": 0}, "missing_lines": [67, 68, 70, 71, 72, 73, 74, 76, 78, 79, 80, 81, 82, 83, 84, 85, 86, 87], "excluded_lines": []}, "": {"executed_lines": [1, 38, 39, 40, 42, 44, 47], "summary": {"covered_lines": 6, "num_statements": 6, "percent_covered": 100.0, "percent_covered_display": "100.00", "missing_lines": 0, "excluded_lines": 0}, "missing_lines": [], "excluded_lines": []}}, "classes": {"": {"executed_lines": [1, 38, 39, 40, 42, 44, 47], "summary": {"covered_lines": 6, "num_statements": 24, "percent_covered": 25.0, "percent_covered_display": "25.00", "missing_lines": 18, "excluded_lines": 0}, "missing_lines": [67, 68, 70, 71, 72, 73, 74, 76, 78, 79, 80, 81, 82, 83, 84, 85, 86, 87], "excluded_lines": []}}}, "src/bolster/data_sources/companies_house.py": {"executed_lines": [1, 31, 32, 33, 34, 36, 37, 39, 40, 42, 45, 50, 52, 53, 54, 55, 56, 58, 61, 75, 80, 81, 82, 96, 97, 98, 99, 100, 103], "summary": {"covered_lines": 22, "num_statements": 22, "percent_covered": 100.0, "percent_covered_display": "100.00", "missing_lines": 0, "excluded_lines": 12}, "missing_lines": [], "excluded_lines": [52, 53, 54, 55, 56, 58, 68, 69, 70, 71, 72, 106], "functions": {"get_basic_company_data_url": {"executed_lines": [50, 52, 53, 54, 55, 56, 58], "summary": {"covered_lines": 1, "num_statements": 1, "percent_covered": 100.0, "percent_covered_display": "100.00", "missing_lines": 0, "excluded_lines": 6}, "missing_lines": [], "excluded_lines": [52, 53, 54, 55, 56, 58]}, "query_basic_company_data": {"executed_lines": [], "summary": {"covered_lines": 0, "num_statements": 0, "percent_covered": 100.0, "percent_covered_display": "100.00", "missing_lines": 0, "excluded_lines": 5}, "missing_lines": [], "excluded_lines": [68, 69, 70, 71, 72]}, "companies_house_record_might_be_farset": {"executed_lines": [80, 81, 82, 96, 97, 98, 99, 100], "summary": {"covered_lines": 8, "num_statements": 8, "percent_covered": 100.0, "percent_covered_display": "100.00", "missing_lines": 0, "excluded_lines": 0}, "missing_lines": [], "excluded_lines": []}, "get_companies_house_records_that_might_be_in_farset": {"executed_lines": [], "summary": {"covered_lines": 0, "num_statements": 0, "percent_covered": 100.0, "percent_covered_display": "100.00", "missing_lines": 0, "excluded_lines": 1}, "missing_lines": [], "excluded_lines": [106]}, "": {"executed_lines": [1, 31, 32, 33, 34, 36, 37, 39, 40, 42, 45, 61, 75, 103], "summary": {"covered_lines": 13, "num_statements": 13, "percent_covered": 100.0, "percent_covered_display": "100.00", "missing_lines": 0, "excluded_lines": 0}, "missing_lines": [], "excluded_lines": []}}, "classes": {"": {"executed_lines": [1, 31, 32, 33, 34, 36, 37, 39, 40, 42, 45, 50, 52, 53, 54, 55, 56, 58, 61, 75, 80, 81, 82, 96, 97, 98, 99, 100, 103], "summary": {"covered_lines": 22, "num_statements": 22, "percent_covered": 100.0, "percent_covered_display": "100.00", "missing_lines": 0, "excluded_lines": 12}, "missing_lines": [], "excluded_lines": [52, 53, 54, 55, 56, 58, 68, 69, 70, 71, 72, 106]}}}, "src/bolster/data_sources/dva.py": {"executed_lines": [1, 47, 48, 49, 50, 51, 52, 54, 55, 57, 59, 62, 63, 66, 67, 70, 71, 73, 76, 77, 79, 82, 84, 86, 89, 103, 104, 105, 108, 109, 110, 111, 112, 126, 142, 145, 146, 148, 149, 150, 152, 167, 168, 169, 172, 177, 179, 180, 181, 182, 184, 187, 188, 189, 190, 191, 193, 194, 196, 197, 198, 199, 200, 209, 218, 221, 224, 229, 230, 231, 245, 247, 250, 270, 272, 274, 277, 278, 279, 280, 281, 283, 286, 289, 290, 291, 292, 293, 295, 296, 298, 299, 302, 303, 307, 314, 315, 316, 318, 320, 322, 325, 326, 329, 349, 351, 353, 356, 357, 358, 359, 360, 362, 365, 368, 369, 370, 371, 372, 374, 375, 377, 378, 381, 382, 386, 393, 394, 395, 397, 399, 401, 404, 405, 408, 428, 430, 432, 435, 436, 437, 438, 439, 441, 444, 447, 448, 449, 450, 451, 453, 454, 456, 457, 458, 460, 461, 465, 472, 473, 474, 476, 478, 480, 483, 484, 492, 509, 510, 511, 514, 531, 532, 533, 536, 553, 554, 555, 558, 575, 576, 578, 590, 605, 608, 624, 627, 643, 644, 645, 648, 670, 672, 673, 674, 675, 677, 687, 696, 700, 701, 707, 713, 717], "summary": {"covered_lines": 192, "num_statements": 221, "percent_covered": 86.87782805429865, "percent_covered_display": "86.88", "missing_lines": 29, "excluded_lines": 37}, "missing_lines": [115, 116, 117, 118, 119, 120, 121, 122, 123, 192, 202, 203, 204, 206, 219, 284, 300, 304, 305, 323, 363, 379, 383, 384, 402, 442, 462, 463, 481], "excluded_lines": [73, 79, 493, 515, 537, 559, 687, 688, 689, 690, 691, 692, 693, 694, 695, 696, 697, 698, 699, 700, 701, 702, 703, 704, 705, 706, 707, 708, 709, 710, 711, 712, 713, 714, 715, 716, 717], "functions": {"_hash_url": {"executed_lines": [84, 86], "summary": {"covered_lines": 2, "num_statements": 2, "percent_covered": 100.0, "percent_covered_display": "100.00", "missing_lines": 0, "excluded_lines": 0}, "missing_lines": [], "excluded_lines": []}, "_download_file": {"executed_lines": [103, 104, 105, 108, 109, 110, 111, 112], "summary": {"covered_lines": 8, "num_statements": 17, "percent_covered": 47.05882352941177, "percent_covered_display": "47.06", "missing_lines": 9, "excluded_lines": 0}, "missing_lines": [115, 116, 117, 118, 119, 120, 121, 122, 123], "excluded_lines": []}, "get_latest_dva_publication_url": {"executed_lines": [142, 145, 146, 148, 149, 150, 152, 167, 168, 169, 172, 177, 179, 180, 181, 182, 184, 187, 188, 189, 190, 191, 193, 194, 196, 197, 198, 199, 200], "summary": {"covered_lines": 29, "num_statements": 34, "percent_covered": 85.29411764705883, "percent_covered_display": "85.29", "missing_lines": 5, "excluded_lines": 0}, "missing_lines": [192, 202, 203, 204, 206], "excluded_lines": []}, "_parse_month_year": {"executed_lines": [218, 221, 224, 229, 230, 231, 245, 247], "summary": {"covered_lines": 8, "num_statements": 9, "percent_covered": 88.88888888888889, "percent_covered_display": "88.89", "missing_lines": 1, "excluded_lines": 0}, "missing_lines": [219], "excluded_lines": []}, "parse_vehicle_tests": {"executed_lines": [270, 272, 274, 277, 278, 279, 280, 281, 283, 286, 289, 290, 291, 292, 293, 295, 296, 298, 299, 302, 303, 307, 314, 315, 316, 318, 320, 322, 325, 326], "summary": {"covered_lines": 30, "num_statements": 35, "percent_covered": 85.71428571428571, "percent_covered_display": "85.71", "missing_lines": 5, "excluded_lines": 0}, "missing_lines": [284, 300, 304, 305, 323], "excluded_lines": []}, "parse_driver_tests": {"executed_lines": [349, 351, 353, 356, 357, 358, 359, 360, 362, 365, 368, 369, 370, 371, 372, 374, 375, 377, 378, 381, 382, 386, 393, 394, 395, 397, 399, 401, 404, 405], "summary": {"covered_lines": 30, "num_statements": 35, "percent_covered": 85.71428571428571, "percent_covered_display": "85.71", "missing_lines": 5, "excluded_lines": 0}, "missing_lines": [363, 379, 383, 384, 402], "excluded_lines": []}, "parse_theory_tests": {"executed_lines": [428, 430, 432, 435, 436, 437, 438, 439, 441, 444, 447, 448, 449, 450, 451, 453, 454, 456, 457, 458, 460, 461, 465, 472, 473, 474, 476, 478, 480, 483, 484], "summary": {"covered_lines": 31, "num_statements": 35, "percent_covered": 88.57142857142857, "percent_covered_display": "88.57", "missing_lines": 4, "excluded_lines": 0}, "missing_lines": [442, 462, 463, 481], "excluded_lines": []}, "get_latest_vehicle_tests": {"executed_lines": [509, 510, 511], "summary": {"covered_lines": 3, "num_statements": 3, "percent_covered": 100.0, "percent_covered_display": "100.00", "missing_lines": 0, "excluded_lines": 1}, "missing_lines": [], "excluded_lines": [493]}, "get_latest_driver_tests": {"executed_lines": [531, 532, 533], "summary": {"covered_lines": 3, "num_statements": 3, "percent_covered": 100.0, "percent_covered_display": "100.00", "missing_lines": 0, "excluded_lines": 1}, "missing_lines": [], "excluded_lines": [515]}, "get_latest_theory_tests": {"executed_lines": [553, 554, 555], "summary": {"covered_lines": 3, "num_statements": 3, "percent_covered": 100.0, "percent_covered_display": "100.00", "missing_lines": 0, "excluded_lines": 1}, "missing_lines": [], "excluded_lines": [537]}, "get_latest_all_tests": {"executed_lines": [575, 576, 578], "summary": {"covered_lines": 3, "num_statements": 3, "percent_covered": 100.0, "percent_covered_display": "100.00", "missing_lines": 0, "excluded_lines": 1}, "missing_lines": [], "excluded_lines": [559]}, "get_tests_by_year": {"executed_lines": [605], "summary": {"covered_lines": 1, "num_statements": 1, "percent_covered": 100.0, "percent_covered_display": "100.00", "missing_lines": 0, "excluded_lines": 0}, "missing_lines": [], "excluded_lines": []}, "get_tests_by_month": {"executed_lines": [624], "summary": {"covered_lines": 1, "num_statements": 1, "percent_covered": 100.0, "percent_covered_display": "100.00", "missing_lines": 0, "excluded_lines": 0}, "missing_lines": [], "excluded_lines": []}, "calculate_growth_rates": {"executed_lines": [643, 644, 645], "summary": {"covered_lines": 3, "num_statements": 3, "percent_covered": 100.0, "percent_covered_display": "100.00", "missing_lines": 0, "excluded_lines": 0}, "missing_lines": [], "excluded_lines": []}, "get_summary_statistics": {"executed_lines": [670, 672, 673, 674, 675, 677], "summary": {"covered_lines": 6, "num_statements": 6, "percent_covered": 100.0, "percent_covered_display": "100.00", "missing_lines": 0, "excluded_lines": 0}, "missing_lines": [], "excluded_lines": []}, "validate_dva_test_data": {"executed_lines": [696, 700, 701, 707, 713, 717], "summary": {"covered_lines": 0, "num_statements": 0, "percent_covered": 100.0, "percent_covered_display": "100.00", "missing_lines": 0, "excluded_lines": 30}, "missing_lines": [], "excluded_lines": [688, 689, 690, 691, 692, 693, 694, 695, 696, 697, 698, 699, 700, 701, 702, 703, 704, 705, 706, 707, 708, 709, 710, 711, 712, 713, 714, 715, 716, 717]}, "": {"executed_lines": [1, 47, 48, 49, 50, 51, 52, 54, 55, 57, 59, 62, 63, 66, 67, 70, 71, 73, 76, 77, 79, 82, 89, 126, 209, 250, 329, 408, 492, 514, 536, 558, 590, 608, 627, 648, 687], "summary": {"covered_lines": 31, "num_statements": 31, "percent_covered": 100.0, "percent_covered_display": "100.00", "missing_lines": 0, "excluded_lines": 3}, "missing_lines": [], "excluded_lines": [73, 79, 687]}}, "classes": {"DVADataError": {"executed_lines": [], "summary": {"covered_lines": 0, "num_statements": 0, "percent_covered": 100.0, "percent_covered_display": "100.00", "missing_lines": 0, "excluded_lines": 0}, "missing_lines": [], "excluded_lines": []}, "DVADataNotFoundError": {"executed_lines": [], "summary": {"covered_lines": 0, "num_statements": 0, "percent_covered": 100.0, "percent_covered_display": "100.00", "missing_lines": 0, "excluded_lines": 0}, "missing_lines": [], "excluded_lines": []}, "": {"executed_lines": [1, 47, 48, 49, 50, 51, 52, 54, 55, 57, 59, 62, 63, 66, 67, 70, 71, 73, 76, 77, 79, 82, 84, 86, 89, 103, 104, 105, 108, 109, 110, 111, 112, 126, 142, 145, 146, 148, 149, 150, 152, 167, 168, 169, 172, 177, 179, 180, 181, 182, 184, 187, 188, 189, 190, 191, 193, 194, 196, 197, 198, 199, 200, 209, 218, 221, 224, 229, 230, 231, 245, 247, 250, 270, 272, 274, 277, 278, 279, 280, 281, 283, 286, 289, 290, 291, 292, 293, 295, 296, 298, 299, 302, 303, 307, 314, 315, 316, 318, 320, 322, 325, 326, 329, 349, 351, 353, 356, 357, 358, 359, 360, 362, 365, 368, 369, 370, 371, 372, 374, 375, 377, 378, 381, 382, 386, 393, 394, 395, 397, 399, 401, 404, 405, 408, 428, 430, 432, 435, 436, 437, 438, 439, 441, 444, 447, 448, 449, 450, 451, 453, 454, 456, 457, 458, 460, 461, 465, 472, 473, 474, 476, 478, 480, 483, 484, 492, 509, 510, 511, 514, 531, 532, 533, 536, 553, 554, 555, 558, 575, 576, 578, 590, 605, 608, 624, 627, 643, 644, 645, 648, 670, 672, 673, 674, 675, 677, 687, 696, 700, 701, 707, 713, 717], "summary": {"covered_lines": 192, "num_statements": 221, "percent_covered": 86.87782805429865, "percent_covered_display": "86.88", "missing_lines": 29, "excluded_lines": 37}, "missing_lines": [115, 116, 117, 118, 119, 120, 121, 122, 123, 192, 202, 203, 204, 206, 219, 284, 300, 304, 305, 323, 363, 379, 383, 384, 402, 442, 462, 463, 481], "excluded_lines": [73, 79, 493, 515, 537, 559, 687, 688, 689, 690, 691, 692, 693, 694, 695, 696, 697, 698, 699, 700, 701, 702, 703, 704, 705, 706, 707, 708, 709, 710, 711, 712, 713, 714, 715, 716, 717]}}}, "src/bolster/data_sources/eoni.py": {"executed_lines": [1, 33, 34, 35, 36, 37, 39, 40, 42, 44, 47, 51, 54, 65, 66, 67, 70, 85, 86, 87, 90, 99, 102, 120, 122, 136, 138, 139, 140, 143, 145, 146, 154, 156, 157, 165, 170, 171, 172, 173, 174, 176, 177, 179, 182, 188, 189, 190, 191, 192, 194, 195, 197, 200, 202, 203, 204, 205, 206, 208, 216, 218, 219, 223, 224, 225, 226, 227, 228, 231], "summary": {"covered_lines": 68, "num_statements": 68, "percent_covered": 100.0, "percent_covered_display": "100.00", "missing_lines": 0, "excluded_lines": 41}, "missing_lines": [], "excluded_lines": [55, 231, 232, 233, 234, 235, 236, 237, 238, 239, 240, 241, 242, 243, 244, 245, 246, 247, 248, 249, 250, 251, 252, 253, 254, 255, 256, 257, 258, 259, 260, 261, 262, 263, 264, 265, 266, 267, 268, 269, 270], "functions": {"get_page": {"executed_lines": [65, 66, 67], "summary": {"covered_lines": 3, "num_statements": 3, "percent_covered": 100.0, "percent_covered_display": "100.00", "missing_lines": 0, "excluded_lines": 1}, "missing_lines": [], "excluded_lines": [55]}, "find_xls_links_in_page": {"executed_lines": [85, 86, 87], "summary": {"covered_lines": 3, "num_statements": 3, "percent_covered": 100.0, "percent_covered_display": "100.00", "missing_lines": 0, "excluded_lines": 0}, "missing_lines": [], "excluded_lines": []}, "normalise_constituencies": {"executed_lines": [99], "summary": {"covered_lines": 1, "num_statements": 1, "percent_covered": 100.0, "percent_covered_display": "100.00", "missing_lines": 0, "excluded_lines": 0}, "missing_lines": [], "excluded_lines": []}, "get_metadata_from_df": {"executed_lines": [120, 122], "summary": {"covered_lines": 2, "num_statements": 2, "percent_covered": 100.0, "percent_covered_display": "100.00", "missing_lines": 0, "excluded_lines": 0}, "missing_lines": [], "excluded_lines": []}, "get_candidates_from_df": {"executed_lines": [138, 139, 140], "summary": {"covered_lines": 3, "num_statements": 3, "percent_covered": 100.0, "percent_covered_display": "100.00", "missing_lines": 0, "excluded_lines": 0}, "missing_lines": [], "excluded_lines": []}, "get_stage_votes_from_df": {"executed_lines": [145, 146], "summary": {"covered_lines": 2, "num_statements": 2, "percent_covered": 100.0, "percent_covered_display": "100.00", "missing_lines": 0, "excluded_lines": 0}, "missing_lines": [], "excluded_lines": []}, "get_stage_transfers_from_df": {"executed_lines": [156, 157], "summary": {"covered_lines": 2, "num_statements": 2, "percent_covered": 100.0, "percent_covered_display": "100.00", "missing_lines": 0, "excluded_lines": 0}, "missing_lines": [], "excluded_lines": []}, "extract_stage_n_votes": {"executed_lines": [170, 171, 172, 173, 174, 176, 177, 179], "summary": {"covered_lines": 8, "num_statements": 8, "percent_covered": 100.0, "percent_covered_display": "100.00", "missing_lines": 0, "excluded_lines": 0}, "missing_lines": [], "excluded_lines": []}, "extract_stage_n_transfers": {"executed_lines": [188, 189, 190, 191, 192, 194, 195, 197], "summary": {"covered_lines": 8, "num_statements": 8, "percent_covered": 100.0, "percent_covered_display": "100.00", "missing_lines": 0, "excluded_lines": 0}, "missing_lines": [], "excluded_lines": []}, "get_results_from_sheet": {"executed_lines": [202, 203, 204, 205, 206, 208], "summary": {"covered_lines": 6, "num_statements": 6, "percent_covered": 100.0, "percent_covered_display": "100.00", "missing_lines": 0, "excluded_lines": 0}, "missing_lines": [], "excluded_lines": []}, "get_results": {"executed_lines": [218, 219, 223, 224, 225, 226, 227, 228], "summary": {"covered_lines": 8, "num_statements": 8, "percent_covered": 100.0, "percent_covered_display": "100.00", "missing_lines": 0, "excluded_lines": 0}, "missing_lines": [], "excluded_lines": []}, "validate_election_results": {"executed_lines": [], "summary": {"covered_lines": 0, "num_statements": 0, "percent_covered": 100.0, "percent_covered_display": "100.00", "missing_lines": 0, "excluded_lines": 39}, "missing_lines": [], "excluded_lines": [232, 233, 234, 235, 236, 237, 238, 239, 240, 241, 242, 243, 244, 245, 246, 247, 248, 249, 250, 251, 252, 253, 254, 255, 256, 257, 258, 259, 260, 261, 262, 263, 264, 265, 266, 267, 268, 269, 270]}, "": {"executed_lines": [1, 33, 34, 35, 36, 37, 39, 40, 42, 44, 47, 51, 54, 70, 90, 102, 136, 143, 154, 165, 182, 200, 216, 231], "summary": {"covered_lines": 22, "num_statements": 22, "percent_covered": 100.0, "percent_covered_display": "100.00", "missing_lines": 0, "excluded_lines": 1}, "missing_lines": [], "excluded_lines": [231]}}, "classes": {"": {"executed_lines": [1, 33, 34, 35, 36, 37, 39, 40, 42, 44, 47, 51, 54, 65, 66, 67, 70, 85, 86, 87, 90, 99, 102, 120, 122, 136, 138, 139, 140, 143, 145, 146, 154, 156, 157, 165, 170, 171, 172, 173, 174, 176, 177, 179, 182, 188, 189, 190, 191, 192, 194, 195, 197, 200, 202, 203, 204, 205, 206, 208, 216, 218, 219, 223, 224, 225, 226, 227, 228, 231], "summary": {"covered_lines": 68, "num_statements": 68, "percent_covered": 100.0, "percent_covered_display": "100.00", "missing_lines": 0, "excluded_lines": 41}, "missing_lines": [], "excluded_lines": [55, 231, 232, 233, 234, 235, 236, 237, 238, 239, 240, 241, 242, 243, 244, 245, 246, 247, 248, 249, 250, 251, 252, 253, 254, 255, 256, 257, 258, 259, 260, 261, 262, 263, 264, 265, 266, 267, 268, 269, 270]}}}, "src/bolster/data_sources/metoffice.py": {"executed_lines": [1, 37, 38, 39, 40, 41, 42, 43, 44, 45, 47, 49, 50, 52, 57, 62, 65, 67, 69, 70, 73, 78, 91, 92, 107, 110, 112, 114, 115, 117, 119, 121, 122, 123, 124, 125, 126, 132, 134, 144, 146, 152, 155, 156, 158, 160, 161, 163, 166, 169, 171, 173, 174, 176, 179, 182, 183, 184, 186, 189, 216, 219], "summary": {"covered_lines": 56, "num_statements": 56, "percent_covered": 100.0, "percent_covered_display": "100.00", "missing_lines": 0, "excluded_lines": 39}, "missing_lines": [], "excluded_lines": [67, 69, 70, 71, 72, 73, 80, 82, 83, 84, 85, 86, 94, 96, 97, 98, 99, 100, 194, 195, 196, 198, 201, 203, 205, 206, 208, 210, 211, 213, 219, 220, 222, 223, 228, 229, 230, 231, 233], "functions": {"get_order_latest": {"executed_lines": [67, 69, 70, 73], "summary": {"covered_lines": 0, "num_statements": 0, "percent_covered": 100.0, "percent_covered_display": "100.00", "missing_lines": 0, "excluded_lines": 6}, "missing_lines": [], "excluded_lines": [67, 69, 70, 71, 72, 73]}, "get_file_meta": {"executed_lines": [], "summary": {"covered_lines": 0, "num_statements": 0, "percent_covered": 100.0, "percent_covered_display": "100.00", "missing_lines": 0, "excluded_lines": 6}, "missing_lines": [], "excluded_lines": [80, 82, 83, 84, 85, 86]}, "get_file": {"executed_lines": [], "summary": {"covered_lines": 0, "num_statements": 0, "percent_covered": 100.0, "percent_covered_display": "100.00", "missing_lines": 0, "excluded_lines": 6}, "missing_lines": [], "excluded_lines": [94, 96, 97, 98, 99, 100]}, "filter_relevant_files": {"executed_lines": [112, 114, 115, 117, 119, 121, 122, 123, 124, 125, 126, 132, 134, 144, 146], "summary": {"covered_lines": 15, "num_statements": 15, "percent_covered": 100.0, "percent_covered_display": "100.00", "missing_lines": 0, "excluded_lines": 0}, "missing_lines": [], "excluded_lines": []}, "make_borders": {"executed_lines": [155, 156, 158, 160, 161, 163], "summary": {"covered_lines": 6, "num_statements": 6, "percent_covered": 100.0, "percent_covered_display": "100.00", "missing_lines": 0, "excluded_lines": 0}, "missing_lines": [], "excluded_lines": []}, "make_isolines": {"executed_lines": [169, 171, 173, 174, 176], "summary": {"covered_lines": 5, "num_statements": 5, "percent_covered": 100.0, "percent_covered_display": "100.00", "missing_lines": 0, "excluded_lines": 0}, "missing_lines": [], "excluded_lines": []}, "make_precipitation": {"executed_lines": [182, 183, 184, 186], "summary": {"covered_lines": 4, "num_statements": 4, "percent_covered": 100.0, "percent_covered_display": "100.00", "missing_lines": 0, "excluded_lines": 0}, "missing_lines": [], "excluded_lines": []}, "generate_image": {"executed_lines": [], "summary": {"covered_lines": 0, "num_statements": 0, "percent_covered": 100.0, "percent_covered_display": "100.00", "missing_lines": 0, "excluded_lines": 12}, "missing_lines": [], "excluded_lines": [194, 195, 196, 198, 201, 203, 205, 206, 208, 210, 211, 213]}, "get_uk_precipitation": {"executed_lines": [219], "summary": {"covered_lines": 0, "num_statements": 0, "percent_covered": 100.0, "percent_covered_display": "100.00", "missing_lines": 0, "excluded_lines": 9}, "missing_lines": [], "excluded_lines": [219, 220, 222, 223, 228, 229, 230, 231, 233]}, "": {"executed_lines": [1, 37, 38, 39, 40, 41, 42, 43, 44, 45, 47, 49, 50, 52, 57, 62, 65, 78, 91, 92, 107, 110, 152, 166, 179, 189, 216], "summary": {"covered_lines": 26, "num_statements": 26, "percent_covered": 100.0, "percent_covered_display": "100.00", "missing_lines": 0, "excluded_lines": 0}, "missing_lines": [], "excluded_lines": []}}, "classes": {"": {"executed_lines": [1, 37, 38, 39, 40, 41, 42, 43, 44, 45, 47, 49, 50, 52, 57, 62, 65, 67, 69, 70, 73, 78, 91, 92, 107, 110, 112, 114, 115, 117, 119, 121, 122, 123, 124, 125, 126, 132, 134, 144, 146, 152, 155, 156, 158, 160, 161, 163, 166, 169, 171, 173, 174, 176, 179, 182, 183, 184, 186, 189, 216, 219], "summary": {"covered_lines": 56, "num_statements": 56, "percent_covered": 100.0, "percent_covered_display": "100.00", "missing_lines": 0, "excluded_lines": 39}, "missing_lines": [], "excluded_lines": [67, 69, 70, 71, 72, 73, 80, 82, 83, 84, 85, 86, 94, 96, 97, 98, 99, 100, 194, 195, 196, 198, 201, 203, 205, 206, 208, 210, 211, 213, 219, 220, 222, 223, 228, 229, 230, 231, 233]}}}, "src/bolster/data_sources/ni_house_price_index.py": {"executed_lines": [1, 34, 35, 36, 37, 38, 39, 40, 41, 42, 44, 45, 47, 49, 52, 55, 56, 59, 62, 63, 65, 68, 69, 71, 74, 76, 79, 89, 90, 91, 93, 94, 95, 96, 97, 99, 102, 116, 117, 118, 119, 121, 122, 123, 125, 126, 127, 128, 130, 131, 132, 138, 140, 141, 142, 143, 146, 158, 159, 160, 161, 162, 164, 166, 167, 168, 169, 171, 172, 177, 198, 201, 204, 205, 207, 210, 232, 234, 235, 236, 239, 245, 246, 247, 252, 253, 254, 257, 258, 262, 263, 264, 268, 276, 279, 291, 292, 293, 295, 298, 301, 304, 316, 317, 318, 322, 325, 337, 338, 339, 340, 341, 342, 343, 345, 347, 349, 353, 356, 357, 362, 377, 378, 379, 382, 383, 385, 388, 391, 394, 407, 410, 417, 421, 425, 428, 441, 444, 445, 446, 449, 452, 453, 454, 457, 458, 461, 464, 467, 471, 472, 475, 476, 479, 482, 487, 490, 493, 505, 506, 507, 508, 512, 516, 519, 520, 524, 527, 539, 540, 541, 542, 543, 544, 545, 546, 548, 549, 553, 561, 594, 595, 598, 624, 625, 628, 653, 654, 657, 680, 681, 684, 709, 710, 713, 734, 735, 743, 752, 757], "summary": {"covered_lines": 195, "num_statements": 201, "percent_covered": 97.01492537313433, "percent_covered_display": "97.01", "missing_lines": 6, "excluded_lines": 9}, "missing_lines": [134, 135, 170, 174, 550, 551], "excluded_lines": [65, 71, 182, 562, 599, 629, 658, 685, 714], "functions": {"_hash_url": {"executed_lines": [76], "summary": {"covered_lines": 1, "num_statements": 1, "percent_covered": 100.0, "percent_covered_display": "100.00", "missing_lines": 0, "excluded_lines": 0}, "missing_lines": [], "excluded_lines": []}, "_get_cached_file": {"executed_lines": [89, 90, 91, 93, 94, 95, 96, 97, 99], "summary": {"covered_lines": 9, "num_statements": 9, "percent_covered": 100.0, "percent_covered_display": "100.00", "missing_lines": 0, "excluded_lines": 0}, "missing_lines": [], "excluded_lines": []}, "_download_file": {"executed_lines": [116, 117, 118, 119, 121, 122, 123, 125, 126, 127, 128, 130, 131, 132], "summary": {"covered_lines": 14, "num_statements": 16, "percent_covered": 87.5, "percent_covered_display": "87.50", "missing_lines": 2, "excluded_lines": 0}, "missing_lines": [134, 135], "excluded_lines": []}, "clear_cache": {"executed_lines": [140, 141, 142, 143], "summary": {"covered_lines": 4, "num_statements": 4, "percent_covered": 100.0, "percent_covered_display": "100.00", "missing_lines": 0, "excluded_lines": 0}, "missing_lines": [], "excluded_lines": []}, "get_source_url": {"executed_lines": [158, 159, 160, 161, 162, 164, 166, 167, 168, 169, 171, 172], "summary": {"covered_lines": 12, "num_statements": 14, "percent_covered": 85.71428571428571, "percent_covered_display": "85.71", "missing_lines": 2, "excluded_lines": 0}, "missing_lines": [170, 174], "excluded_lines": []}, "pull_sources": {"executed_lines": [198, 201, 204, 205, 207], "summary": {"covered_lines": 5, "num_statements": 5, "percent_covered": 100.0, "percent_covered_display": "100.00", "missing_lines": 0, "excluded_lines": 1}, "missing_lines": [], "excluded_lines": [182]}, "basic_cleanup": {"executed_lines": [232, 234, 235, 236, 239, 245, 246, 247, 252, 253, 254, 257, 258, 262, 263, 264, 268, 276], "summary": {"covered_lines": 18, "num_statements": 18, "percent_covered": 100.0, "percent_covered_display": "100.00", "missing_lines": 0, "excluded_lines": 0}, "missing_lines": [], "excluded_lines": []}, "cleanup_contents": {"executed_lines": [291, 292, 293, 295], "summary": {"covered_lines": 4, "num_statements": 4, "percent_covered": 100.0, "percent_covered_display": "100.00", "missing_lines": 0, "excluded_lines": 0}, "missing_lines": [], "excluded_lines": []}, "cleanup_price_by_property_type_agg": {"executed_lines": [316, 317, 318], "summary": {"covered_lines": 3, "num_statements": 3, "percent_covered": 100.0, "percent_covered_display": "100.00", "missing_lines": 0, "excluded_lines": 0}, "missing_lines": [], "excluded_lines": []}, "cleanup_price_by_property_type": {"executed_lines": [337, 338, 339, 340, 341, 342, 343, 345, 347, 349], "summary": {"covered_lines": 10, "num_statements": 10, "percent_covered": 100.0, "percent_covered_display": "100.00", "missing_lines": 0, "excluded_lines": 0}, "missing_lines": [], "excluded_lines": []}, "cleanup_with_munged_quarters_and_total_rows": {"executed_lines": [377, 378, 379, 382, 383, 385], "summary": {"covered_lines": 6, "num_statements": 6, "percent_covered": 100.0, "percent_covered_display": "100.00", "missing_lines": 0, "excluded_lines": 0}, "missing_lines": [], "excluded_lines": []}, "cleanup_with_LGDs": {"executed_lines": [407, 410, 417, 421], "summary": {"covered_lines": 4, "num_statements": 4, "percent_covered": 100.0, "percent_covered_display": "100.00", "missing_lines": 0, "excluded_lines": 0}, "missing_lines": [], "excluded_lines": []}, "cleanup_combined_year_quarter": {"executed_lines": [441, 444, 445, 446, 449, 452, 453, 454, 457, 458, 461, 464, 467, 471, 472, 475, 476, 479, 482], "summary": {"covered_lines": 19, "num_statements": 19, "percent_covered": 100.0, "percent_covered_display": "100.00", "missing_lines": 0, "excluded_lines": 0}, "missing_lines": [], "excluded_lines": []}, "cleanup_missing_year_quarter": {"executed_lines": [505, 506, 507, 508], "summary": {"covered_lines": 4, "num_statements": 4, "percent_covered": 100.0, "percent_covered_display": "100.00", "missing_lines": 0, "excluded_lines": 0}, "missing_lines": [], "excluded_lines": []}, "transform_sources": {"executed_lines": [539, 540, 541, 542, 543, 544, 545, 546, 548, 549, 553], "summary": {"covered_lines": 11, "num_statements": 13, "percent_covered": 84.61538461538461, "percent_covered_display": "84.62", "missing_lines": 2, "excluded_lines": 0}, "missing_lines": [550, 551], "excluded_lines": []}, "get_all_tables": {"executed_lines": [594, 595], "summary": {"covered_lines": 2, "num_statements": 2, "percent_covered": 100.0, "percent_covered_display": "100.00", "missing_lines": 0, "excluded_lines": 1}, "missing_lines": [], "excluded_lines": [562]}, "get_hpi_trends": {"executed_lines": [624, 625], "summary": {"covered_lines": 2, "num_statements": 2, "percent_covered": 100.0, "percent_covered_display": "100.00", "missing_lines": 0, "excluded_lines": 1}, "missing_lines": [], "excluded_lines": [599]}, "get_sales_volumes": {"executed_lines": [653, 654], "summary": {"covered_lines": 2, "num_statements": 2, "percent_covered": 100.0, "percent_covered_display": "100.00", "missing_lines": 0, "excluded_lines": 1}, "missing_lines": [], "excluded_lines": [629]}, "get_average_prices": {"executed_lines": [680, 681], "summary": {"covered_lines": 2, "num_statements": 2, "percent_covered": 100.0, "percent_covered_display": "100.00", "missing_lines": 0, "excluded_lines": 1}, "missing_lines": [], "excluded_lines": [658]}, "get_hpi_by_lgd": {"executed_lines": [709, 710], "summary": {"covered_lines": 2, "num_statements": 2, "percent_covered": 100.0, "percent_covered_display": "100.00", "missing_lines": 0, "excluded_lines": 1}, "missing_lines": [], "excluded_lines": [685]}, "get_hpi_by_property_type": {"executed_lines": [734, 735], "summary": {"covered_lines": 2, "num_statements": 2, "percent_covered": 100.0, "percent_covered_display": "100.00", "missing_lines": 0, "excluded_lines": 1}, "missing_lines": [], "excluded_lines": [714]}, "build": {"executed_lines": [752, 757], "summary": {"covered_lines": 2, "num_statements": 2, "percent_covered": 100.0, "percent_covered_display": "100.00", "missing_lines": 0, "excluded_lines": 0}, "missing_lines": [], "excluded_lines": []}, "": {"executed_lines": [1, 34, 35, 36, 37, 38, 39, 40, 41, 42, 44, 45, 47, 49, 52, 55, 56, 59, 62, 63, 65, 68, 69, 71, 74, 79, 102, 138, 146, 177, 210, 279, 298, 301, 304, 322, 325, 353, 356, 357, 362, 388, 391, 394, 425, 428, 487, 490, 493, 512, 516, 519, 520, 524, 527, 561, 598, 628, 657, 684, 713, 743], "summary": {"covered_lines": 57, "num_statements": 57, "percent_covered": 100.0, "percent_covered_display": "100.00", "missing_lines": 0, "excluded_lines": 2}, "missing_lines": [], "excluded_lines": [65, 71]}}, "classes": {"NIHPIDataError": {"executed_lines": [], "summary": {"covered_lines": 0, "num_statements": 0, "percent_covered": 100.0, "percent_covered_display": "100.00", "missing_lines": 0, "excluded_lines": 0}, "missing_lines": [], "excluded_lines": []}, "NIHPIDataNotFoundError": {"executed_lines": [], "summary": {"covered_lines": 0, "num_statements": 0, "percent_covered": 100.0, "percent_covered_display": "100.00", "missing_lines": 0, "excluded_lines": 0}, "missing_lines": [], "excluded_lines": []}, "": {"executed_lines": [1, 34, 35, 36, 37, 38, 39, 40, 41, 42, 44, 45, 47, 49, 52, 55, 56, 59, 62, 63, 65, 68, 69, 71, 74, 76, 79, 89, 90, 91, 93, 94, 95, 96, 97, 99, 102, 116, 117, 118, 119, 121, 122, 123, 125, 126, 127, 128, 130, 131, 132, 138, 140, 141, 142, 143, 146, 158, 159, 160, 161, 162, 164, 166, 167, 168, 169, 171, 172, 177, 198, 201, 204, 205, 207, 210, 232, 234, 235, 236, 239, 245, 246, 247, 252, 253, 254, 257, 258, 262, 263, 264, 268, 276, 279, 291, 292, 293, 295, 298, 301, 304, 316, 317, 318, 322, 325, 337, 338, 339, 340, 341, 342, 343, 345, 347, 349, 353, 356, 357, 362, 377, 378, 379, 382, 383, 385, 388, 391, 394, 407, 410, 417, 421, 425, 428, 441, 444, 445, 446, 449, 452, 453, 454, 457, 458, 461, 464, 467, 471, 472, 475, 476, 479, 482, 487, 490, 493, 505, 506, 507, 508, 512, 516, 519, 520, 524, 527, 539, 540, 541, 542, 543, 544, 545, 546, 548, 549, 553, 561, 594, 595, 598, 624, 625, 628, 653, 654, 657, 680, 681, 684, 709, 710, 713, 734, 735, 743, 752, 757], "summary": {"covered_lines": 195, "num_statements": 201, "percent_covered": 97.01492537313433, "percent_covered_display": "97.01", "missing_lines": 6, "excluded_lines": 9}, "missing_lines": [134, 135, 170, 174, 550, 551], "excluded_lines": [65, 71, 182, 562, 599, 629, 658, 685, 714]}}}, "src/bolster/data_sources/ni_water.py": {"executed_lines": [1, 34, 35, 36, 37, 39, 41, 42, 44, 47, 50, 52, 54, 57, 60, 61, 88, 89, 91, 93, 94, 95, 97, 100, 101, 104, 119, 122, 136, 139, 140, 141, 144, 152, 153, 154, 155, 156, 159, 160, 163, 164, 167, 170, 171, 172, 175, 176, 177, 178, 179, 180, 188, 189, 196, 199, 200, 220, 221, 222, 223, 224, 225, 228, 231, 263, 265, 269, 271, 273, 275, 277, 278, 279, 280, 283, 285, 293, 321, 323, 326, 328, 331, 332, 333, 336, 337, 338, 339, 340, 341, 346, 350, 353, 354, 356, 357], "summary": {"covered_lines": 96, "num_statements": 117, "percent_covered": 82.05128205128206, "percent_covered_display": "82.05", "missing_lines": 21, "excluded_lines": 1}, "missing_lines": [98, 181, 182, 183, 185, 186, 191, 193, 226, 287, 288, 289, 290, 334, 342, 343, 344, 347, 359, 360, 361], "excluded_lines": [194], "functions": {"get_water_quality_csv_data": {"executed_lines": [88, 89, 91, 93, 94, 95, 97, 100, 101], "summary": {"covered_lines": 9, "num_statements": 10, "percent_covered": 90.0, "percent_covered_display": "90.00", "missing_lines": 1, "excluded_lines": 0}, "missing_lines": [98], "excluded_lines": []}, "_site_code_to_zone_code": {"executed_lines": [119], "summary": {"covered_lines": 1, "num_statements": 1, "percent_covered": 100.0, "percent_covered_display": "100.00", "missing_lines": 0, "excluded_lines": 0}, "missing_lines": [], "excluded_lines": []}, "_create_legacy_format_series": {"executed_lines": [136, 139, 140, 141, 144, 152, 153, 154, 155, 156, 159, 160, 163, 164, 167, 170, 171, 172, 175, 176, 177, 178, 179, 180, 188, 189, 196], "summary": {"covered_lines": 27, "num_statements": 34, "percent_covered": 79.41176470588235, "percent_covered_display": "79.41", "missing_lines": 7, "excluded_lines": 1}, "missing_lines": [181, 182, 183, 185, 186, 191, 193], "excluded_lines": [194]}, "get_postcode_to_water_supply_zone": {"executed_lines": [220, 221, 222, 223, 224, 225, 228], "summary": {"covered_lines": 7, "num_statements": 8, "percent_covered": 87.5, "percent_covered_display": "87.50", "missing_lines": 1, "excluded_lines": 0}, "missing_lines": [226], "excluded_lines": []}, "get_water_quality_by_zone": {"executed_lines": [263, 265, 269, 271, 273, 275, 277, 278, 279, 280, 283, 285], "summary": {"covered_lines"
[...]
, 33, 39, 48, 49, 63, 69, 78, 79, 93, 99, 108, 109, 124, 131, 144, 145, 146, 147], "summary": {"covered_lines": 17, "num_statements": 17, "percent_covered": 100.0, "percent_covered_display": "100.00", "missing_lines": 0, "excluded_lines": 1}, "missing_lines": [], "excluded_lines": [15]}}, "classes": {"DataSourceError": {"executed_lines": [], "summary": {"covered_lines": 0, "num_statements": 0, "percent_covered": 100.0, "percent_covered_display": "100.00", "missing_lines": 0, "excluded_lines": 0}, "missing_lines": [], "excluded_lines": []}, "DataNotFoundError": {"executed_lines": [35, 36, 37, 40, 41, 42, 43, 44, 45], "summary": {"covered_lines": 9, "num_statements": 9, "percent_covered": 100.0, "percent_covered_display": "100.00", "missing_lines": 0, "excluded_lines": 0}, "missing_lines": [], "excluded_lines": []}, "ValidationError": {"executed_lines": [65, 66, 67, 70, 71, 72, 73, 74, 75], "summary": {"covered_lines": 9, "num_statements": 9, "percent_covered": 100.0, "percent_covered_display": "100.00", "missing_lines": 0, "excluded_lines": 0}, "missing_lines": [], "excluded_lines": []}, "ParseError": {"executed_lines": [95, 96, 97, 100, 101, 102, 103, 104, 105], "summary": {"covered_lines": 9, "num_statements": 9, "percent_covered": 100.0, "percent_covered_display": "100.00", "missing_lines": 0, "excluded_lines": 0}, "missing_lines": [], "excluded_lines": []}, "NetworkError": {"executed_lines": [126, 127, 128, 129, 132, 133, 134, 135, 136, 137, 138, 139], "summary": {"covered_lines": 12, "num_statements": 12, "percent_covered": 100.0, "percent_covered_display": "100.00", "missing_lines": 0, "excluded_lines": 0}, "missing_lines": [], "excluded_lines": []}, "": {"executed_lines": [1, 8, 9, 15, 18, 19, 33, 39, 48, 49, 63, 69, 78, 79, 93, 99, 108, 109, 124, 131, 144, 145, 146, 147], "summary": {"covered_lines": 17, "num_statements": 17, "percent_covered": 100.0, "percent_covered_display": "100.00", "missing_lines": 0, "excluded_lines": 1}, "missing_lines": [], "excluded_lines": [15]}}}, "src/bolster/stats/distributions.py": {"executed_lines": [1, 2, 4, 5, 6, 7, 10, 13, 103, 104, 105, 106, 108, 109, 110, 112, 113, 115, 119], "summary": {"covered_lines": 18, "num_statements": 18, "percent_covered": 100.0, "percent_covered_display": "100.00", "missing_lines": 0, "excluded_lines": 58}, "missing_lines": [], "excluded_lines": [119, 120, 121, 122, 123, 124, 125, 126, 127, 128, 129, 130, 131, 132, 133, 134, 135, 136, 137, 138, 139, 140, 141, 142, 143, 144, 145, 146, 147, 148, 149, 150, 151, 152, 153, 154, 155, 156, 157, 158, 159, 160, 161, 162, 163, 164, 165, 166, 167, 168, 169, 170, 171, 172, 173, 174, 175, 176], "functions": {"_get_available_distributions": {"executed_lines": [13, 103, 104, 105, 106, 108, 109, 110, 112, 113, 115], "summary": {"covered_lines": 11, "num_statements": 11, "percent_covered": 100.0, "percent_covered_display": "100.00", "missing_lines": 0, "excluded_lines": 0}, "missing_lines": [], "excluded_lines": []}, "best_fit_distribution": {"executed_lines": [], "summary": {"covered_lines": 0, "num_statements": 0, "percent_covered": 100.0, "percent_covered_display": "100.00", "missing_lines": 0, "excluded_lines": 57}, "missing_lines": [], "excluded_lines": [120, 121, 122, 123, 124, 125, 126, 127, 128, 129, 130, 131, 132, 133, 134, 135, 136, 137, 138, 139, 140, 141, 142, 143, 144, 145, 146, 147, 148, 149, 150, 151, 152, 153, 154, 155, 156, 157, 158, 159, 160, 161, 162, 163, 164, 165, 166, 167, 168, 169, 170, 171, 172, 173, 174, 175, 176]}, "": {"executed_lines": [1, 2, 4, 5, 6, 7, 10, 119], "summary": {"covered_lines": 7, "num_statements": 7, "percent_covered": 100.0, "percent_covered_display": "100.00", "missing_lines": 0, "excluded_lines": 1}, "missing_lines": [], "excluded_lines": [119]}}, "classes": {"": {"executed_lines": [1, 2, 4, 5, 6, 7, 10, 13, 103, 104, 105, 106, 108, 109, 110, 112, 113, 115, 119], "summary": {"covered_lines": 18, "num_statements": 18, "percent_covered": 100.0, "percent_covered_display": "100.00", "missing_lines": 0, "excluded_lines": 58}, "missing_lines": [], "excluded_lines": [119, 120, 121, 122, 123, 124, 125, 126, 127, 128, 129, 130, 131, 132, 133, 134, 135, 136, 137, 138, 139, 140, 141, 142, 143, 144, 145, 146, 147, 148, 149, 150, 151, 152, 153, 154, 155, 156, 157, 158, 159, 160, 161, 162, 163, 164, 165, 166, 167, 168, 169, 170, 171, 172, 173, 174, 175, 176]}}}, "src/bolster/utils/cache.py": {"executed_lines": [1, 17, 18, 19, 20, 21, 23, 25, 28, 31, 32, 34, 37, 38, 40, 43, 56, 59, 60, 77, 84, 85, 86, 87, 89, 99, 100, 101, 103, 104, 105, 106, 107, 111, 129, 130, 131, 132, 153], "summary": {"covered_lines": 33, "num_statements": 56, "percent_covered": 58.92857142857143, "percent_covered_display": "58.93", "missing_lines": 23, "excluded_lines": 3}, "missing_lines": [109, 135, 136, 137, 139, 140, 142, 143, 145, 146, 147, 148, 150, 151, 162, 164, 165, 166, 167, 168, 169, 171, 172], "excluded_lines": [34, 40, 112], "functions": {"hash_url": {"executed_lines": [56], "summary": {"covered_lines": 1, "num_statements": 1, "percent_covered": 100.0, "percent_covered_display": "100.00", "missing_lines": 0, "excluded_lines": 0}, "missing_lines": [], "excluded_lines": []}, "CachedDownloader.__init__": {"executed_lines": [84, 85, 86, 87], "summary": {"covered_lines": 4, "num_statements": 4, "percent_covered": 100.0, "percent_covered_display": "100.00", "missing_lines": 0, "excluded_lines": 0}, "missing_lines": [], "excluded_lines": []}, "CachedDownloader.get_cached_file": {"executed_lines": [99, 100, 101, 103, 104, 105, 106, 107], "summary": {"covered_lines": 8, "num_statements": 9, "percent_covered": 88.88888888888889, "percent_covered_display": "88.89", "missing_lines": 1, "excluded_lines": 0}, "missing_lines": [109], "excluded_lines": []}, "CachedDownloader.download": {"executed_lines": [129, 130, 131, 132], "summary": {"covered_lines": 4, "num_statements": 17, "percent_covered": 23.529411764705884, "percent_covered_display": "23.53", "missing_lines": 13, "excluded_lines": 1}, "missing_lines": [135, 136, 137, 139, 140, 142, 143, 145, 146, 147, 148, 150, 151], "excluded_lines": [112]}, "CachedDownloader.clear": {"executed_lines": [], "summary": {"covered_lines": 0, "num_statements": 9, "percent_covered": 0.0, "percent_covered_display": "0.00", "missing_lines": 9, "excluded_lines": 0}, "missing_lines": [162, 164, 165, 166, 167, 168, 169, 171, 172], "excluded_lines": []}, "": {"executed_lines": [1, 17, 18, 19, 20, 21, 23, 25, 28, 31, 32, 34, 37, 38, 40, 43, 59, 60, 77, 89, 111, 153], "summary": {"covered_lines": 16, "num_statements": 16, "percent_covered": 100.0, "percent_covered_display": "100.00", "missing_lines": 0, "excluded_lines": 2}, "missing_lines": [], "excluded_lines": [34, 40]}}, "classes": {"CacheError": {"executed_lines": [], "summary": {"covered_lines": 0, "num_statements": 0, "percent_covered": 100.0, "percent_covered_display": "100.00", "missing_lines": 0, "excluded_lines": 0}, "missing_lines": [], "excluded_lines": []}, "DownloadError": {"executed_lines": [], "summary": {"covered_lines": 0, "num_statements": 0, "percent_covered": 100.0, "percent_covered_display": "100.00", "missing_lines": 0, "excluded_lines": 0}, "missing_lines": [], "excluded_lines": []}, "CachedDownloader": {"executed_lines": [84, 85, 86, 87, 99, 100, 101, 103, 104, 105, 106, 107, 129, 130, 131, 132], "summary": {"covered_lines": 16, "num_statements": 39, "percent_covered": 41.02564102564103, "percent_covered_display": "41.03", "missing_lines": 23, "excluded_lines": 1}, "missing_lines": [109, 135, 136, 137, 139, 140, 142, 143, 145, 146, 147, 148, 150, 151, 162, 164, 165, 166, 167, 168, 169, 171, 172], "excluded_lines": [112]}, "": {"executed_lines": [1, 17, 18, 19, 20, 21, 23, 25, 28, 31, 32, 34, 37, 38, 40, 43, 56, 59, 60, 77, 89, 111, 153], "summary": {"covered_lines": 17, "num_statements": 17, "percent_covered": 100.0, "percent_covered_display": "100.00", "missing_lines": 0, "excluded_lines": 2}, "missing_lines": [], "excluded_lines": [34, 40]}}}, "src/bolster/utils/deco.py": {"executed_lines": [], "summary": {"covered_lines": 0, "num_statements": 0, "percent_covered": 100.0, "percent_covered_display": "100.00", "missing_lines": 0, "excluded_lines": 0}, "missing_lines": [], "excluded_lines": [], "functions": {"": {"executed_lines": [], "summary": {"covered_lines": 0, "num_statements": 0, "percent_covered": 100.0, "percent_covered_display": "100.00", "missing_lines": 0, "excluded_lines": 0}, "missing_lines": [], "excluded_lines": []}}, "classes": {"": {"executed_lines": [], "summary": {"covered_lines": 0, "num_statements": 0, "percent_covered": 100.0, "percent_covered_display": "100.00", "missing_lines": 0, "excluded_lines": 0}, "missing_lines": [], "excluded_lines": []}}}, "src/bolster/utils/dt.py": {"executed_lines": [], "summary": {"covered_lines": 0, "num_statements": 9, "percent_covered": 0.0, "percent_covered_display": "0.00", "missing_lines": 9, "excluded_lines": 0}, "missing_lines": [1, 2, 5, 18, 21, 34, 36, 39, 58], "excluded_lines": [], "functions": {"round_to_week": {"executed_lines": [], "summary": {"covered_lines": 0, "num_statements": 1, "percent_covered": 0.0, "percent_covered_display": "0.00", "missing_lines": 1, "excluded_lines": 0}, "missing_lines": [18], "excluded_lines": []}, "round_to_month": {"executed_lines": [], "summary": {"covered_lines": 0, "num_statements": 2, "percent_covered": 0.0, "percent_covered_display": "0.00", "missing_lines": 2, "excluded_lines": 0}, "missing_lines": [34, 36], "excluded_lines": []}, "utc_midnight_on": {"executed_lines": [], "summary": {"covered_lines": 0, "num_statements": 1, "percent_covered": 0.0, "percent_covered_display": "0.00", "missing_lines": 1, "excluded_lines": 0}, "missing_lines": [58], "excluded_lines": []}, "": {"executed_lines": [], "summary": {"covered_lines": 0, "num_statements": 5, "percent_covered": 0.0, "percent_covered_display": "0.00", "missing_lines": 5, "excluded_lines": 0}, "missing_lines": [1, 2, 5, 21, 39], "excluded_lines": []}}, "classes": {"": {"executed_lines": [], "summary": {"covered_lines": 0, "num_statements": 9, "percent_covered": 0.0, "percent_covered_display": "0.00", "missing_lines": 9, "excluded_lines": 0}, "missing_lines": [1, 2, 5, 18, 21, 34, 36, 39, 58], "excluded_lines": []}}}, "src/bolster/utils/io.py": {"executed_lines": [1, 3, 6, 8, 9, 10], "summary": {"covered_lines": 6, "num_statements": 6, "percent_covered": 100.0, "percent_covered_display": "100.00", "missing_lines": 0, "excluded_lines": 0}, "missing_lines": [], "excluded_lines": [], "functions": {"save_xls": {"executed_lines": [8, 9, 10], "summary": {"covered_lines": 3, "num_statements": 3, "percent_covered": 100.0, "percent_covered_display": "100.00", "missing_lines": 0, "excluded_lines": 0}, "missing_lines": [], "excluded_lines": []}, "": {"executed_lines": [1, 3, 6], "summary": {"covered_lines": 3, "num_statements": 3, "percent_covered": 100.0, "percent_covered_display": "100.00", "missing_lines": 0, "excluded_lines": 0}, "missing_lines": [], "excluded_lines": []}}, "classes": {"": {"executed_lines": [1, 3, 6, 8, 9, 10], "summary": {"covered_lines": 6, "num_statements": 6, "percent_covered": 100.0, "percent_covered_display": "100.00", "missing_lines": 0, "excluded_lines": 0}, "missing_lines": [], "excluded_lines": []}}}, "src/bolster/utils/rss.py": {"executed_lines": [1, 7, 8, 9, 10, 11, 13, 14, 16, 18, 21, 22, 23, 25, 26, 27, 28, 29, 30, 31, 32, 33, 35, 37, 38, 40, 42, 55, 56, 57, 59, 60, 61, 62, 63, 64, 66, 68, 69, 71, 83, 92, 93, 95, 96, 97, 98, 99, 102, 112, 113, 117, 118, 119, 124, 125, 126, 132, 136, 137, 141, 144, 145, 147, 150, 163, 184, 185, 186, 187, 188, 189, 192, 194, 196, 197, 198, 199, 200, 203, 206, 207, 209, 214, 216, 226, 253, 256, 257, 258, 261, 262, 265, 266, 267, 268, 269, 271, 272, 273, 274, 275, 277, 280, 295, 296, 303, 309], "summary": {"covered_lines": 105, "num_statements": 120, "percent_covered": 87.5, "percent_covered_display": "87.50", "missing_lines": 15, "excluded_lines": 0}, "missing_lines": [73, 114, 120, 121, 122, 127, 128, 129, 133, 138, 146, 148, 208, 210, 211], "excluded_lines": [], "functions": {"FeedEntry.__post_init__": {"executed_lines": [37, 38], "summary": {"covered_lines": 2, "num_statements": 2, "percent_covered": 100.0, "percent_covered_display": "100.00", "missing_lines": 0, "excluded_lines": 0}, "missing_lines": [], "excluded_lines": []}, "FeedEntry.to_dict": {"executed_lines": [42], "summary": {"covered_lines": 1, "num_statements": 1, "percent_covered": 100.0, "percent_covered_display": "100.00", "missing_lines": 0, "excluded_lines": 0}, "missing_lines": [], "excluded_lines": []}, "Feed.__post_init__": {"executed_lines": [68, 69], "summary": {"covered_lines": 2, "num_statements": 2, "percent_covered": 100.0, "percent_covered_display": "100.00", "missing_lines": 0, "excluded_lines": 0}, "missing_lines": [], "excluded_lines": []}, "Feed.to_dict": {"executed_lines": [], "summary": {"covered_lines": 0, "num_statements": 1, "percent_covered": 0.0, "percent_covered_display": "0.00", "missing_lines": 1, "excluded_lines": 0}, "missing_lines": [73], "excluded_lines": []}, "parse_date": {"executed_lines": [92, 93, 95, 96, 97, 98, 99], "summary": {"covered_lines": 7, "num_statements": 7, "percent_covered": 100.0, "percent_covered_display": "100.00", "missing_lines": 0, "excluded_lines": 0}, "missing_lines": [], "excluded_lines": []}, "parse_feed_entry": {"executed_lines": [112, 113, 117, 118, 119, 124, 125, 126, 132, 136, 137, 141, 144, 145, 147, 150], "summary": {"covered_lines": 16, "num_statements": 27, "percent_covered": 59.25925925925926, "percent_covered_display": "59.26", "missing_lines": 11, "excluded_lines": 0}, "missing_lines": [114, 120, 121, 122, 127, 128, 129, 133, 138, 146, 148], "excluded_lines": []}, "parse_rss_feed": {"executed_lines": [184, 185, 186, 187, 188, 189, 192, 194, 196, 197, 198, 199, 200, 203, 206, 207, 209, 214, 216], "summary": {"covered_lines": 19, "num_statements": 22, "percent_covered": 86.36363636363636, "percent_covered_display": "86.36", "missing_lines": 3, "excluded_lines": 0}, "missing_lines": [208, 210, 211], "excluded_lines": []}, "filter_entries": {"executed_lines": [253, 256, 257, 258, 261, 262, 265, 266, 267, 268, 269, 271, 272, 273, 274, 275, 277], "summary": {"covered_lines": 17, "num_statements": 17, "percent_covered": 100.0, "percent_covered_display": "100.00", "missing_lines": 0, "excluded_lines": 0}, "missing_lines": [], "excluded_lines": []}, "get_nisra_statistics_feed": {"executed_lines": [295, 296, 303, 309], "summary": {"covered_lines": 4, "num_statements": 4, "percent_covered": 100.0, "percent_covered_display": "100.00", "missing_lines": 0, "excluded_lines": 0}, "missing_lines": [], "excluded_lines": []}, "": {"executed_lines": [1, 7, 8, 9, 10, 11, 13, 14, 16, 18, 21, 22, 23, 25, 26, 27, 28, 29, 30, 31, 32, 33, 35, 40, 55, 56, 57, 59, 60, 61, 62, 63, 64, 66, 71, 83, 102, 163, 226, 280], "summary": {"covered_lines": 37, "num_statements": 37, "percent_covered": 100.0, "percent_covered_display": "100.00", "missing_lines": 0, "excluded_lines": 0}, "missing_lines": [], "excluded_lines": []}}, "classes": {"FeedEntry": {"executed_lines": [37, 38, 42], "summary": {"covered_lines": 3, "num_statements": 3, "percent_covered": 100.0, "percent_covered_display": "100.00", "missing_lines": 0, "excluded_lines": 0}, "missing_lines": [], "excluded_lines": []}, "Feed": {"executed_lines": [68, 69], "summary": {"covered_lines": 2, "num_statements": 3, "percent_covered": 66.66666666666667, "percent_covered_display": "66.67", "missing_lines": 1, "excluded_lines": 0}, "missing_lines": [73], "excluded_lines": []}, "": {"executed_lines": [1, 7, 8, 9, 10, 11, 13, 14, 16, 18, 21, 22, 23, 25, 26, 27, 28, 29, 30, 31, 32, 33, 35, 40, 55, 56, 57, 59, 60, 61, 62, 63, 64, 66, 71, 83, 92, 93, 95, 96, 97, 98, 99, 102, 112, 113, 117, 118, 119, 124, 125, 126, 132, 136, 137, 141, 144, 145, 147, 150, 163, 184, 185, 186, 187, 188, 189, 192, 194, 196, 197, 198, 199, 200, 203, 206, 207, 209, 214, 216, 226, 253, 256, 257, 258, 261, 262, 265, 266, 267, 268, 269, 271, 272, 273, 274, 275, 277, 280, 295, 296, 303, 309], "summary": {"covered_lines": 100, "num_statements": 114, "percent_covered": 87.71929824561404, "percent_covered_display": "87.72", "missing_lines": 14, "excluded_lines": 0}, "missing_lines": [114, 120, 121, 122, 127, 128, 129, 133, 138, 146, 148, 208, 210, 211], "excluded_lines": []}}}, "src/bolster/utils/web.py": {"executed_lines": [1, 2, 3, 4, 5, 6, 8, 9, 10, 11, 12, 14, 16, 17, 20, 21, 23, 26, 27, 28, 29, 33, 46, 48, 50, 58, 63, 72, 74, 75, 76, 77, 80, 82, 85, 90, 91, 92, 93, 94, 95, 96, 97, 101, 104, 108, 109, 110, 111, 113, 114, 115, 116, 119, 124, 125, 126, 127, 128, 129], "summary": {"covered_lines": 59, "num_statements": 71, "percent_covered": 83.09859154929578, "percent_covered_display": "83.10", "missing_lines": 12, "excluded_lines": 0}, "missing_lines": [30, 36, 38, 39, 40, 44, 51, 52, 53, 98, 99, 100], "excluded_lines": [], "functions": {"RateLimitAwareRetry.get_backoff_time": {"executed_lines": [26, 27, 28, 29, 33, 46], "summary": {"covered_lines": 6, "num_statements": 12, "percent_covered": 50.0, "percent_covered_display": "50.00", "missing_lines": 6, "excluded_lines": 0}, "missing_lines": [30, 36, 38, 39, 40, 44], "excluded_lines": []}, "RateLimitAwareRetry.increment": {"executed_lines": [50, 58], "summary": {"covered_lines": 2, "num_statements": 5, "percent_covered": 40.0, "percent_covered_display": "40.00", "missing_lines": 3, "excluded_lines": 0}, "missing_lines": [51, 52, 53], "excluded_lines": []}, "get_last_valid": {"executed_lines": [82], "summary": {"covered_lines": 1, "num_statements": 1, "percent_covered": 100.0, "percent_covered_display": "100.00", "missing_lines": 0, "excluded_lines": 0}, "missing_lines": [], "excluded_lines": []}, "resilient_get": {"executed_lines": [90, 91, 92, 93, 94, 95, 96, 97, 101], "summary": {"covered_lines": 9, "num_statements": 12, "percent_covered": 75.0, "percent_covered_display": "75.00", "missing_lines": 3, "excluded_lines": 0}, "missing_lines": [98, 99, 100], "excluded_lines": []}, "get_excel_dataframe": {"executed_lines": [108, 109, 110, 111, 113, 114, 115, 116], "summary": {"covered_lines": 8, "num_statements": 8, "percent_covered": 100.0, "percent_covered_display": "100.00", "missing_lines": 0, "excluded_lines": 0}, "missing_lines": [], "excluded_lines": []}, "download_extract_zip": {"executed_lines": [124, 125, 126, 127, 128, 129], "summary": {"covered_lines": 6, "num_statements": 6, "percent_covered": 100.0, "percent_covered_display": "100.00", "missing_lines": 0, "excluded_lines": 0}, "missing_lines": [], "excluded_lines": []}, "": {"executed_lines": [1, 2, 3, 4, 5, 6, 8, 9, 10, 11, 12, 14, 16, 17, 20, 21, 23, 48, 63, 72, 74, 75, 76, 77, 80, 85, 104, 119], "summary": {"covered_lines": 27, "num_statements": 27, "percent_covered": 100.0, "percent_covered_display": "100.00", "missing_lines": 0, "excluded_lines": 0}, "missing_lines": [], "excluded_lines": []}}, "classes": {"RateLimitAwareRetry": {"executed_lines": [26, 27, 28, 29, 33, 46, 50, 58], "summary": {"covered_lines": 8, "num_statements": 17, "percent_covered": 47.05882352941177, "percent_covered_display": "47.06", "missing_lines": 9, "excluded_lines": 0}, "missing_lines": [30, 36, 38, 39, 40, 44, 51, 52, 53], "excluded_lines": []}, "": {"executed_lines": [1, 2, 3, 4, 5, 6, 8, 9, 10, 11, 12, 14, 16, 17, 20, 21, 23, 48, 63, 72, 74, 75, 76, 77, 80, 82, 85, 90, 91, 92, 93, 94, 95, 96, 97, 101, 104, 108, 109, 110, 111, 113, 114, 115, 116, 119, 124, 125, 126, 127, 128, 129], "summary": {"covered_lines": 51, "num_statements": 54, "percent_covered": 94.44444444444444, "percent_covered_display": "94.44", "missing_lines": 3, "excluded_lines": 0}, "missing_lines": [98, 99, 100], "excluded_lines": []}}}}, "totals": {"covered_lines": 3844, "num_statements": 6196, "percent_covered": 62.040025823111684, "percent_covered_display": "62.04", "missing_lines": 2352, "excluded_lines": 672}}
